Unity Editor version:    2021.3.21f1 (1b156197d683)
Branch:                  2021.3/staging
Build type:              Release
Batch mode:              YES
macOS version:           Version 13.3.1 (a) (Build 22E772610a)
Darwin version:          22.4.0
Architecture:            x86_64
Running under Rosetta:   YES
Available memory:        8192 MB
Using pre-set license
Pro License: YES

COMMAND LINE ARGUMENTS:
/Applications/Unity/Hub/Editor/2021.3.21f1/Unity.app/Contents/MacOS/Unity
-adb2
-batchMode
-noUpm
-name
AssetImportWorker2
-projectPath
/Users/2A3Dm/Desktop/M14UnityDavid/Proyecto_Unity
-logFile
Logs/AssetImportWorker2.log
-srvPort
49336
Successfully changed project path to: /Users/2A3Dm/Desktop/M14UnityDavid/Proyecto_Unity
/Users/2A3Dm/Desktop/M14UnityDavid/Proyecto_Unity
[UnityMemory] Configuration Parameters - Can be set up in boot.config
    "memorysetup-bucket-allocator-granularity=16"
    "memorysetup-bucket-allocator-bucket-count=8"
    "memorysetup-bucket-allocator-block-size=33554432"
    "memorysetup-bucket-allocator-block-count=8"
    "memorysetup-main-allocator-block-size=16777216"
    "memorysetup-thread-allocator-block-size=16777216"
    "memorysetup-gfx-main-allocator-block-size=16777216"
    "memorysetup-gfx-thread-allocator-block-size=16777216"
    "memorysetup-cache-allocator-block-size=4194304"
    "memorysetup-typetree-allocator-block-size=2097152"
    "memorysetup-profiler-bucket-allocator-granularity=16"
    "memorysetup-profiler-bucket-allocator-bucket-count=8"
    "memorysetup-profiler-bucket-allocator-block-size=33554432"
    "memorysetup-profiler-bucket-allocator-block-count=8"
    "memorysetup-profiler-allocator-block-size=16777216"
    "memorysetup-profiler-editor-allocator-block-size=1048576"
    "memorysetup-temp-allocator-size-main=16777216"
    "memorysetup-job-temp-allocator-block-size=2097152"
    "memorysetup-job-temp-allocator-block-size-background=1048576"
    "memorysetup-job-temp-allocator-reduction-small-platforms=262144"
    "memorysetup-temp-allocator-size-background-worker=32768"
    "memorysetup-temp-allocator-size-job-worker=262144"
    "memorysetup-temp-allocator-size-preload-manager=33554432"
    "memorysetup-temp-allocator-size-nav-mesh-worker=65536"
    "memorysetup-temp-allocator-size-audio-worker=65536"
    "memorysetup-temp-allocator-size-cloud-worker=32768"
    "memorysetup-temp-allocator-size-gi-baking-worker=262144"
    "memorysetup-temp-allocator-size-gfx=262144"
Player connection [8700027520] Host "[IP] 172.22.1.128 [Port] 0 [Flags] 2 [Guid] 2493250438 [EditorId] 2493250438 [Version] 1048832 [Id] OSXEditor(0,ha201-57.av.itb.cat) [Debug] 1 [PackageName] OSXEditor [ProjectName] Editor" joined multi-casting on [225.0.0.222:54997]...

Player connection [8700027520] Host "[IP] 172.22.1.128 [Port] 0 [Flags] 2 [Guid] 2493250438 [EditorId] 2493250438 [Version] 1048832 [Id] OSXEditor(0,ha201-57.av.itb.cat) [Debug] 1 [PackageName] OSXEditor [ProjectName] Editor" joined alternative multi-casting on [225.0.0.222:34997]...

Refreshing native plugins compatible for Editor in 147.63 ms, found 2 plugins.
Preloading 0 native plugins for Editor in 0.00 ms.
Initialize engine version: 2021.3.21f1 (1b156197d683)
[Subsystems] Discovering subsystems at path /Applications/Unity/Hub/Editor/2021.3.21f1/Unity.app/Contents/Resources/UnitySubsystems
[Subsystems] Discovering subsystems at path /Users/2A3Dm/Desktop/M14UnityDavid/Proyecto_Unity/Assets
GfxDevice: creating device client; threaded=0; jobified=0
 preferred device: Apple M1 (high power)
Metal devices available: 1
0: Apple M1 (high power)
Using device Apple M1 (high power)
Initializing Metal device caps: Apple M1
Initialize mono
Mono path[0] = '/Applications/Unity/Hub/Editor/2021.3.21f1/Unity.app/Contents/Managed'
Mono path[1] = '/Applications/Unity/Hub/Editor/2021.3.21f1/Unity.app/Contents/MonoBleedingEdge/lib/mono/unityjit-macos'
Mono config path = '/Applications/Unity/Hub/Editor/2021.3.21f1/Unity.app/Contents/MonoBleedingEdge/etc'
Using monoOptions --debugger-agent=transport=dt_socket,embedding=1,server=y,suspend=n,address=127.0.0.1:56917
Begin MonoManager ReloadAssembly
Registering precompiled unity dll's ...
Register platform support module: /Applications/Unity/Hub/Editor/2021.3.21f1/Unity.app/Contents/PlaybackEngines/MacStandaloneSupport/UnityEditor.OSXStandalone.Extensions.dll
Registered in 0.001643 seconds.
Native extension for OSXStandalone target not found
Refreshing native plugins compatible for Editor in 140.26 ms, found 2 plugins.
Preloading 0 native plugins for Editor in 0.00 ms.
Mono: successfully reloaded assembly
- Completed reload, in  2.282 seconds
Domain Reload Profiling:
	ReloadAssembly (2283ms)
		BeginReloadAssembly (427ms)
			ExecutionOrderSort (0ms)
			DisableScriptedObjects (0ms)
			BackupInstance (0ms)
			ReleaseScriptingObjects (0ms)
			CreateAndSetChildDomain (4ms)
		EndReloadAssembly (1575ms)
			LoadAssemblies (423ms)
			RebuildTransferFunctionScriptingTraits (1ms)
			SetupTypeCache (183ms)
			ReleaseScriptCaches (0ms)
			RebuildScriptCaches (41ms)
			SetupLoadedEditorAssemblies (1138ms)
				LogAssemblyErrors (0ms)
				InitializePlatformSupportModulesInManaged (25ms)
				SetLoadedEditorAssemblies (1ms)
				RefreshPlugins (140ms)
				BeforeProcessingInitializeOnLoad (4ms)
				ProcessInitializeOnLoadAttributes (729ms)
				ProcessInitializeOnLoadMethodAttributes (237ms)
				AfterProcessingInitializeOnLoad (0ms)
				EditorAssembliesLoaded (0ms)
			ExecutionOrderSort2 (0ms)
			AwakeInstancesAfterBackupRestoration (0ms)
Platform modules already initialized, skipping
Registering precompiled user dll's ...
Registered in 0.001872 seconds.
Begin MonoManager ReloadAssembly
Symbol file LoadedFromMemory doesn't match image /Users/2A3Dm/Desktop/M14UnityDavid/Proyecto_Unity/Library/PackageCache/com.unity.visualscripting@1.8.0/Editor/VisualScripting.Core/Dependencies/YamlDotNet/Unity.VisualScripting.YamlDotNet.dll
Symbol file LoadedFromMemory doesn't match image /Users/2A3Dm/Desktop/M14UnityDavid/Proyecto_Unity/Library/PackageCache/com.unity.visualscripting@1.8.0/Editor/VisualScripting.Core/Dependencies/DotNetZip/Unity.VisualScripting.IonicZip.dll
Native extension for OSXStandalone target not found
Refreshing native plugins compatible for Editor in 133.53 ms, found 2 plugins.
Preloading 0 native plugins for Editor in 0.00 ms.
Mono: successfully reloaded assembly
- Completed reload, in  3.888 seconds
Domain Reload Profiling:
	ReloadAssembly (3891ms)
		BeginReloadAssembly (422ms)
			ExecutionOrderSort (0ms)
			DisableScriptedObjects (55ms)
			BackupInstance (0ms)
			ReleaseScriptingObjects (0ms)
			CreateAndSetChildDomain (54ms)
		EndReloadAssembly (3129ms)
			LoadAssemblies (241ms)
			RebuildTransferFunctionScriptingTraits (0ms)
			SetupTypeCache (467ms)
			ReleaseScriptCaches (7ms)
			RebuildScriptCaches (77ms)
			SetupLoadedEditorAssemblies (2110ms)
				LogAssemblyErrors (0ms)
				InitializePlatformSupportModulesInManaged (16ms)
				SetLoadedEditorAssemblies (0ms)
				RefreshPlugins (134ms)
				BeforeProcessingInitializeOnLoad (215ms)
				ProcessInitializeOnLoadAttributes (1404ms)
				ProcessInitializeOnLoadMethodAttributes (339ms)
				AfterProcessingInitializeOnLoad (1ms)
				EditorAssembliesLoaded (0ms)
			ExecutionOrderSort2 (0ms)
			AwakeInstancesAfterBackupRestoration (15ms)
Platform modules already initialized, skipping
========================================================================
Worker process is ready to serve import requests
Launching external process: /Applications/Unity/Hub/Editor/2021.3.21f1/Unity.app/Contents/Tools/UnityShaderCompiler
Launched and connected shader compiler UnityShaderCompiler after 0.28 seconds
Refreshing native plugins compatible for Editor in 2.48 ms, found 2 plugins.
Preloading 0 native plugins for Editor in 0.00 ms.
Unloading 4487 Unused Serialized files (Serialized files now loaded: 0)
Unloading 32 unused Assets / (0.9 MB). Loaded Objects now: 4960.
Memory consumption went from 178.4 MB to 177.5 MB.
Total: 10.164583 ms (FindLiveObjects: 0.743917 ms CreateObjectMapping: 0.159791 ms MarkObjects: 8.448334 ms  DeleteObjects: 0.811166 ms)

AssetImportParameters requested are different than current active one (requested -> active):
  custom:video-decoder-ogg-theora: a1e56fd34408186e4bbccfd4996cb3dc -> 
  custom:container-muxer-webm: aa71ff27fc2769a1b78a27578f13a17b -> 
  custom:container-demuxer-webm: 4f35f7cbe854078d1ac9338744f61a02 -> 
  custom:video-encoder-webm-vp8: eb34c28f22e8b96e1ab97ce403110664 -> 
  custom:framework-osx-AVFoundation: e770b220cccbd017edd2c1fefb359320 -> 
  custom:audio-encoder-webm-vorbis: bf7c407c2cedff20999df2af8eb42d56 -> 
  custom:container-demuxer-ogg: 62fdf1f143b41e24485cea50d1cbac27 -> 
  custom:video-decoder-webm-vp8: 9c59270c3fd7afecdb556c50c9e8de78 -> 
  custom:audio-decoder-ogg-vorbis: bf7c407c2cedff20999df2af8eb42d56 -> 
========================================================================
Received Import Request.
  Time since last request: 1332.112450 seconds.
  path: Assets/Nivel 3.fbx
  artifactKey: Guid(69f366b843ef6e74a99cce074df38473) Importer(815301076,1909f56bfc062723c751e8b465ee728b)
Start importing Assets/Nivel 3.fbx using Guid(69f366b843ef6e74a99cce074df38473) Importer(815301076,1909f56bfc062723c751e8b465ee728b)  -> (artifact id: '0b09adc3045ba2c81d4b4b9408dcc3fb') in 1.316535 seconds 
========================================================================
Received Import Request.
  Time since last request: 0.000879 seconds.
  path: Assets/Lagrimita Walk.fbx
  artifactKey: Guid(b7f69b087863e4995ab20648901dc3d8) Importer(815301076,1909f56bfc062723c751e8b465ee728b)
Start importing Assets/Lagrimita Walk.fbx using Guid(b7f69b087863e4995ab20648901dc3d8) Importer(815301076,1909f56bfc062723c751e8b465ee728b)  -> (artifact id: '4b4693ca5600906cfbf1afee20ff73c9') in 0.311156 seconds 
========================================================================
Received Import Request.
  Time since last request: 219.671852 seconds.
  path: Assets/Animaciones/ZUBATO/Zubato Fly 1.fbx
  artifactKey: Guid(6104e7c75491c4309b4806da0442053b) Importer(815301076,1909f56bfc062723c751e8b465ee728b)
Start importing Assets/Animaciones/ZUBATO/Zubato Fly 1.fbx using Guid(6104e7c75491c4309b4806da0442053b) Importer(815301076,1909f56bfc062723c751e8b465ee728b)  -> (artifact id: '3b5b64a1fbaf078d923d429fdf22bf33') in 0.166570 seconds 
========================================================================
Received Import Request.
  Time since last request: 10.271743 seconds.
  path: Assets/Modelos/Korbo test.fbx
  artifactKey: Guid(527acc5b402124188852f3ed884a9ef2) Importer(815301076,1909f56bfc062723c751e8b465ee728b)
Start importing Assets/Modelos/Korbo test.fbx using Guid(527acc5b402124188852f3ed884a9ef2) Importer(815301076,1909f56bfc062723c751e8b465ee728b)  -> (artifact id: '9cb4591ab96d400f7e350d1f23ba610c') in 0.111334 seconds 
========================================================================
Received Import Request.
  Time since last request: 0.000049 seconds.
  path: Assets/Modelos/Korbo v1.fbx
  artifactKey: Guid(bf5c81bbe313f48d098740627af5587e) Importer(815301076,1909f56bfc062723c751e8b465ee728b)
Start importing Assets/Modelos/Korbo v1.fbx using Guid(bf5c81bbe313f48d098740627af5587e) Importer(815301076,1909f56bfc062723c751e8b465ee728b)  -> (artifact id: 'f318706293a3ae1cd8a4154891de4ae1') in 0.109402 seconds 
========================================================================
Received Import Request.
  Time since last request: 6.614967 seconds.
  path: Assets/Materiales/MAT_Ala.mat
  artifactKey: Guid(ebae190e104f247d7b19c75b3ba60cee) Importer(815301076,1909f56bfc062723c751e8b465ee728b)
Start importing Assets/Materiales/MAT_Ala.mat using Guid(ebae190e104f247d7b19c75b3ba60cee) Importer(815301076,1909f56bfc062723c751e8b465ee728b)  -> (artifact id: '21ca4aaf1fea26d1d6dcfc912e2e7deb') in 0.098671 seconds 
========================================================================
Received Import Request.
  Time since last request: 0.000145 seconds.
  path: Assets/Materiales/MAT_Lila.mat
  artifactKey: Guid(c32dc84711d5a4ed18ce83082273ff4a) Importer(815301076,1909f56bfc062723c751e8b465ee728b)
Start importing Assets/Materiales/MAT_Lila.mat using Guid(c32dc84711d5a4ed18ce83082273ff4a) Importer(815301076,1909f56bfc062723c751e8b465ee728b)  -> (artifact id: '7733bce418a1bc191f88cf31adca4e2a') in 0.015502 seconds 
========================================================================
Received Import Request.
  Time since last request: 0.000119 seconds.
  path: Assets/Materiales/MAT_Grisaceo.mat
  artifactKey: Guid(9acd6239e1e624e96878af06103a9ba8) Importer(815301076,1909f56bfc062723c751e8b465ee728b)
Start importing Assets/Materiales/MAT_Grisaceo.mat using Guid(9acd6239e1e624e96878af06103a9ba8) Importer(815301076,1909f56bfc062723c751e8b465ee728b)  -> (artifact id: 'e45b49cfebbb09cac2e5a66980ca474f') in 0.010702 seconds 
========================================================================
Received Import Request.
  Time since last request: 0.001339 seconds.
  path: Assets/Materiales/MAT_InteriorOreja.mat
  artifactKey: Guid(767bed95e2a674c22904bd0f5ac43885) Importer(815301076,1909f56bfc062723c751e8b465ee728b)
Start importing Assets/Materiales/MAT_InteriorOreja.mat using Guid(767bed95e2a674c22904bd0f5ac43885) Importer(815301076,1909f56bfc062723c751e8b465ee728b)  -> (artifact id: 'ecd9870d9952e2a00914f7cc0a9ae843') in 0.016920 seconds 
========================================================================
Received Import Request.
  Time since last request: 0.000070 seconds.
  path: Assets/Materiales/MAT_Rojo.mat
  artifactKey: Guid(339cb7fc3837f4c78953f0c52b21a736) Importer(815301076,1909f56bfc062723c751e8b465ee728b)
Start importing Assets/Materiales/MAT_Rojo.mat using Guid(339cb7fc3837f4c78953f0c52b21a736) Importer(815301076,1909f56bfc062723c751e8b465ee728b)  -> (artifact id: 'aff11273d7a6c80d5d9a52b15020415f') in 0.018918 seconds 
========================================================================
Received Import Request.
  Time since last request: 0.017477 seconds.
  path: Assets/Materiales/MAT_Azul.mat
  artifactKey: Guid(526e5eb049d0649429abe41f7249371a) Importer(815301076,1909f56bfc062723c751e8b465ee728b)
Start importing Assets/Materiales/MAT_Azul.mat using Guid(526e5eb049d0649429abe41f7249371a) Importer(815301076,1909f56bfc062723c751e8b465ee728b)  -> (artifact id: 'b10849bff3ee5aa03111ecd8f1ecf09a') in 0.020041 seconds 
========================================================================
Received Import Request.
  Time since last request: 0.001521 seconds.
  path: Assets/Materiales/MAT_Piel.mat
  artifactKey: Guid(7165e8b32a6a24c0cbce59b3e3de3a16) Importer(815301076,1909f56bfc062723c751e8b465ee728b)
Start importing Assets/Materiales/MAT_Piel.mat using Guid(7165e8b32a6a24c0cbce59b3e3de3a16) Importer(815301076,1909f56bfc062723c751e8b465ee728b)  -> (artifact id: 'b8d0423480d4ac7e3da66f457f25223e') in 0.013207 seconds 
========================================================================
Received Import Request.
  Time since last request: 0.000059 seconds.
  path: Assets/Materiales/MAT_Bronce.mat
  artifactKey: Guid(8f37ba94641444e7ca62dc176f1ed299) Importer(815301076,1909f56bfc062723c751e8b465ee728b)
Start importing Assets/Materiales/MAT_Bronce.mat using Guid(8f37ba94641444e7ca62dc176f1ed299) Importer(815301076,1909f56bfc062723c751e8b465ee728b)  -> (artifact id: 'a1bc8c0529ee7aee8368fdeaef609fcb') in 0.011197 seconds 
========================================================================
Received Import Request.
  Time since last request: 0.000052 seconds.
  path: Assets/Materiales/MAT_Azulito.mat
  artifactKey: Guid(adc5bf30047784a0986e0c63ca137a72) Importer(815301076,1909f56bfc062723c751e8b465ee728b)
Start importing Assets/Materiales/MAT_Azulito.mat using Guid(adc5bf30047784a0986e0c63ca137a72) Importer(815301076,1909f56bfc062723c751e8b465ee728b)  -> (artifact id: '268db9964ab1b8149bfc5c626c9ea1d2') in 0.009357 seconds 
Editor requested this worker to shutdown with reason: Scaling down because of idle timeout
AssetImportWorker is now disconnected from the server
Process exiting
