Unity Editor version:    2021.3.21f1 (1b156197d683)
Branch:                  2021.3/staging
Build type:              Release
Batch mode:              YES
macOS version:           Version 13.3.1 (Build 22E261)
Darwin version:          22.4.0
Architecture:            x86_64
Running under Rosetta:   YES
Available memory:        8192 MB
Using pre-set license
Pro License: YES

COMMAND LINE ARGUMENTS:
/Applications/Unity/Hub/Editor/2021.3.21f1/Unity.app/Contents/MacOS/Unity
-adb2
-batchMode
-noUpm
-name
AssetImportWorker9
-projectPath
/Users/2A3Dm/Desktop/M14UnityDavid/Proyecto_Unity
-logFile
Logs/AssetImportWorker9.log
-srvPort
49547
Successfully changed project path to: /Users/2A3Dm/Desktop/M14UnityDavid/Proyecto_Unity
/Users/2A3Dm/Desktop/M14UnityDavid/Proyecto_Unity
[UnityMemory] Configuration Parameters - Can be set up in boot.config
    "memorysetup-bucket-allocator-granularity=16"
    "memorysetup-bucket-allocator-bucket-count=8"
    "memorysetup-bucket-allocator-block-size=33554432"
    "memorysetup-bucket-allocator-block-count=8"
    "memorysetup-main-allocator-block-size=16777216"
    "memorysetup-thread-allocator-block-size=16777216"
    "memorysetup-gfx-main-allocator-block-size=16777216"
    "memorysetup-gfx-thread-allocator-block-size=16777216"
    "memorysetup-cache-allocator-block-size=4194304"
    "memorysetup-typetree-allocator-block-size=2097152"
    "memorysetup-profiler-bucket-allocator-granularity=16"
    "memorysetup-profiler-bucket-allocator-bucket-count=8"
    "memorysetup-profiler-bucket-allocator-block-size=33554432"
    "memorysetup-profiler-bucket-allocator-block-count=8"
    "memorysetup-profiler-allocator-block-size=16777216"
    "memorysetup-profiler-editor-allocator-block-size=1048576"
    "memorysetup-temp-allocator-size-main=16777216"
    "memorysetup-job-temp-allocator-block-size=2097152"
    "memorysetup-job-temp-allocator-block-size-background=1048576"
    "memorysetup-job-temp-allocator-reduction-small-platforms=262144"
    "memorysetup-temp-allocator-size-background-worker=32768"
    "memorysetup-temp-allocator-size-job-worker=262144"
    "memorysetup-temp-allocator-size-preload-manager=33554432"
    "memorysetup-temp-allocator-size-nav-mesh-worker=65536"
    "memorysetup-temp-allocator-size-audio-worker=65536"
    "memorysetup-temp-allocator-size-cloud-worker=32768"
    "memorysetup-temp-allocator-size-gi-baking-worker=262144"
    "memorysetup-temp-allocator-size-gfx=262144"
Player connection [8704860800] Host "[IP] 172.22.1.128 [Port] 0 [Flags] 2 [Guid] 3547301077 [EditorId] 3547301077 [Version] 1048832 [Id] OSXEditor(0,ha201-57.av.itb.cat) [Debug] 1 [PackageName] OSXEditor [ProjectName] Editor" joined multi-casting on [225.0.0.222:54997]...

Player connection [8704860800] Host "[IP] 172.22.1.128 [Port] 0 [Flags] 2 [Guid] 3547301077 [EditorId] 3547301077 [Version] 1048832 [Id] OSXEditor(0,ha201-57.av.itb.cat) [Debug] 1 [PackageName] OSXEditor [ProjectName] Editor" joined alternative multi-casting on [225.0.0.222:34997]...

Refreshing native plugins compatible for Editor in 112.99 ms, found 2 plugins.
Preloading 0 native plugins for Editor in 0.00 ms.
Initialize engine version: 2021.3.21f1 (1b156197d683)
[Subsystems] Discovering subsystems at path /Applications/Unity/Hub/Editor/2021.3.21f1/Unity.app/Contents/Resources/UnitySubsystems
[Subsystems] Discovering subsystems at path /Users/2A3Dm/Desktop/M14UnityDavid/Proyecto_Unity/Assets
GfxDevice: creating device client; threaded=0; jobified=0
 preferred device: Apple M1 (high power)
Metal devices available: 1
0: Apple M1 (high power)
Using device Apple M1 (high power)
Initializing Metal device caps: Apple M1
Initialize mono
Mono path[0] = '/Applications/Unity/Hub/Editor/2021.3.21f1/Unity.app/Contents/Managed'
Mono path[1] = '/Applications/Unity/Hub/Editor/2021.3.21f1/Unity.app/Contents/MonoBleedingEdge/lib/mono/unityjit-macos'
Mono config path = '/Applications/Unity/Hub/Editor/2021.3.21f1/Unity.app/Contents/MonoBleedingEdge/etc'
Using monoOptions --debugger-agent=transport=dt_socket,embedding=1,server=y,suspend=n,address=127.0.0.1:56789
Begin MonoManager ReloadAssembly
Registering precompiled unity dll's ...
Register platform support module: /Applications/Unity/Hub/Editor/2021.3.21f1/Unity.app/Contents/PlaybackEngines/MacStandaloneSupport/UnityEditor.OSXStandalone.Extensions.dll
Registered in 0.000600 seconds.
Native extension for OSXStandalone target not found
Refreshing native plugins compatible for Editor in 111.93 ms, found 2 plugins.
Preloading 0 native plugins for Editor in 0.00 ms.
Mono: successfully reloaded assembly
- Completed reload, in  1.816 seconds
Domain Reload Profiling:
	ReloadAssembly (1817ms)
		BeginReloadAssembly (221ms)
			ExecutionOrderSort (0ms)
			DisableScriptedObjects (0ms)
			BackupInstance (0ms)
			ReleaseScriptingObjects (0ms)
			CreateAndSetChildDomain (3ms)
		EndReloadAssembly (1413ms)
			LoadAssemblies (217ms)
			RebuildTransferFunctionScriptingTraits (0ms)
			SetupTypeCache (131ms)
			ReleaseScriptCaches (0ms)
			RebuildScriptCaches (35ms)
			SetupLoadedEditorAssemblies (1095ms)
				LogAssemblyErrors (0ms)
				InitializePlatformSupportModulesInManaged (19ms)
				SetLoadedEditorAssemblies (1ms)
				RefreshPlugins (112ms)
				BeforeProcessingInitializeOnLoad (10ms)
				ProcessInitializeOnLoadAttributes (751ms)
				ProcessInitializeOnLoadMethodAttributes (201ms)
				AfterProcessingInitializeOnLoad (0ms)
				EditorAssembliesLoaded (0ms)
			ExecutionOrderSort2 (0ms)
			AwakeInstancesAfterBackupRestoration (0ms)
Platform modules already initialized, skipping
Registering precompiled user dll's ...
Registered in 0.001752 seconds.
Begin MonoManager ReloadAssembly
Symbol file LoadedFromMemory doesn't match image /Users/2A3Dm/Desktop/M14UnityDavid/Proyecto_Unity/Library/PackageCache/com.unity.visualscripting@1.8.0/Editor/VisualScripting.Core/Dependencies/YamlDotNet/Unity.VisualScripting.YamlDotNet.dll
Symbol file LoadedFromMemory doesn't match image /Users/2A3Dm/Desktop/M14UnityDavid/Proyecto_Unity/Library/PackageCache/com.unity.visualscripting@1.8.0/Editor/VisualScripting.Core/Dependencies/DotNetZip/Unity.VisualScripting.IonicZip.dll
Native extension for OSXStandalone target not found
Refreshing native plugins compatible for Editor in 1.24 ms, found 2 plugins.
Preloading 0 native plugins for Editor in 0.00 ms.
Mono: successfully reloaded assembly
- Completed reload, in  2.553 seconds
Domain Reload Profiling:
	ReloadAssembly (2555ms)
		BeginReloadAssembly (330ms)
			ExecutionOrderSort (0ms)
			DisableScriptedObjects (48ms)
			BackupInstance (0ms)
			ReleaseScriptingObjects (0ms)
			CreateAndSetChildDomain (42ms)
		EndReloadAssembly (1951ms)
			LoadAssemblies (185ms)
			RebuildTransferFunctionScriptingTraits (0ms)
			SetupTypeCache (350ms)
			ReleaseScriptCaches (2ms)
			RebuildScriptCaches (73ms)
			SetupLoadedEditorAssemblies (1196ms)
				LogAssemblyErrors (0ms)
				InitializePlatformSupportModulesInManaged (15ms)
				SetLoadedEditorAssemblies (1ms)
				RefreshPlugins (1ms)
				BeforeProcessingInitializeOnLoad (129ms)
				ProcessInitializeOnLoadAttributes (956ms)
				ProcessInitializeOnLoadMethodAttributes (91ms)
				AfterProcessingInitializeOnLoad (1ms)
				EditorAssembliesLoaded (0ms)
			ExecutionOrderSort2 (0ms)
			AwakeInstancesAfterBackupRestoration (11ms)
Platform modules already initialized, skipping
========================================================================
Worker process is ready to serve import requests
Launching external process: /Applications/Unity/Hub/Editor/2021.3.21f1/Unity.app/Contents/Tools/UnityShaderCompiler
Launched and connected shader compiler UnityShaderCompiler after 0.91 seconds
Refreshing native plugins compatible for Editor in 1.19 ms, found 2 plugins.
Preloading 0 native plugins for Editor in 0.00 ms.
Unloading 3522 Unused Serialized files (Serialized files now loaded: 0)
Unloading 29 unused Assets / (343.5 KB). Loaded Objects now: 3998.
Memory consumption went from 149.1 MB to 148.7 MB.
Total: 7.406416 ms (FindLiveObjects: 0.546375 ms CreateObjectMapping: 0.121625 ms MarkObjects: 6.369125 ms  DeleteObjects: 0.368250 ms)

AssetImportParameters requested are different than current active one (requested -> active):
  custom:video-decoder-ogg-theora: a1e56fd34408186e4bbccfd4996cb3dc -> 
  custom:container-muxer-webm: aa71ff27fc2769a1b78a27578f13a17b -> 
  custom:container-demuxer-webm: 4f35f7cbe854078d1ac9338744f61a02 -> 
  custom:video-encoder-webm-vp8: eb34c28f22e8b96e1ab97ce403110664 -> 
  custom:framework-osx-AVFoundation: e770b220cccbd017edd2c1fefb359320 -> 
  custom:audio-encoder-webm-vorbis: bf7c407c2cedff20999df2af8eb42d56 -> 
  custom:container-demuxer-ogg: 62fdf1f143b41e24485cea50d1cbac27 -> 
  custom:video-decoder-webm-vp8: 9c59270c3fd7afecdb556c50c9e8de78 -> 
  custom:audio-decoder-ogg-vorbis: bf7c407c2cedff20999df2af8eb42d56 -> 
========================================================================
Received Import Request.
  Time since last request: 11808.558698 seconds.
  path: Assets/Materials/Enemy.001.mat
  artifactKey: Guid(91fa34d2e8fdaab44a0f1568c6b1b617) Importer(815301076,1909f56bfc062723c751e8b465ee728b)
Start importing Assets/Materials/Enemy.001.mat using Guid(91fa34d2e8fdaab44a0f1568c6b1b617) Importer(815301076,1909f56bfc062723c751e8b465ee728b)  -> (artifact id: '7b1a553450191ab3a746f423fa78b532') in 1.104454 seconds 
========================================================================
Received Import Request.
  Time since last request: 0.000792 seconds.
  path: Assets/Materials/Puente.mat
  artifactKey: Guid(52cd5c8bfa4caf84485721bc29565159) Importer(815301076,1909f56bfc062723c751e8b465ee728b)
Start importing Assets/Materials/Puente.mat using Guid(52cd5c8bfa4caf84485721bc29565159) Importer(815301076,1909f56bfc062723c751e8b465ee728b)  -> (artifact id: 'bbf8ef43b1ada88fc477be488a94ae46') in 0.027159 seconds 
========================================================================
Received Import Request.
  Time since last request: 0.000162 seconds.
  path: Assets/Materials/Material #38.001 1.mat
  artifactKey: Guid(2c223d9a761dd8f4a8e39b0d9e904397) Importer(815301076,1909f56bfc062723c751e8b465ee728b)
Start importing Assets/Materials/Material #38.001 1.mat using Guid(2c223d9a761dd8f4a8e39b0d9e904397) Importer(815301076,1909f56bfc062723c751e8b465ee728b)  -> (artifact id: 'b4b73f9455083356a2c4bf8fb8bb7204') in 0.012715 seconds 
========================================================================
Received Import Request.
  Time since last request: 0.003351 seconds.
  path: Assets/Materials/Oro.004.mat
  artifactKey: Guid(495289e9d34299e439dbb93ed3a3cb89) Importer(815301076,1909f56bfc062723c751e8b465ee728b)
Start importing Assets/Materials/Oro.004.mat using Guid(495289e9d34299e439dbb93ed3a3cb89) Importer(815301076,1909f56bfc062723c751e8b465ee728b)  -> (artifact id: 'c0b4cef04f86cff87341cb00de82b463') in 0.010555 seconds 
========================================================================
Received Import Request.
  Time since last request: 0.000093 seconds.
  path: Assets/Materials/Piedra 2.009.mat
  artifactKey: Guid(80ff23bce5c21aa46be04536576cec55) Importer(815301076,1909f56bfc062723c751e8b465ee728b)
Start importing Assets/Materials/Piedra 2.009.mat using Guid(80ff23bce5c21aa46be04536576cec55) Importer(815301076,1909f56bfc062723c751e8b465ee728b)  -> (artifact id: 'd681f59ceebba7e4ab46f03d90901e80') in 0.008092 seconds 
========================================================================
Received Import Request.
  Time since last request: 0.000079 seconds.
  path: Assets/Materials/Metal.002.mat
  artifactKey: Guid(f82d7299677020e428d4db22748ba548) Importer(815301076,1909f56bfc062723c751e8b465ee728b)
Start importing Assets/Materials/Metal.002.mat using Guid(f82d7299677020e428d4db22748ba548) Importer(815301076,1909f56bfc062723c751e8b465ee728b)  -> (artifact id: '5e9f84717b0a536806dc05a53e1f85da') in 0.009379 seconds 
========================================================================
Received Import Request.
  Time since last request: 0.002535 seconds.
  path: Assets/Materials/Metal.004.mat
  artifactKey: Guid(d1a3c8df5640dc9419ed2bd1fc716faa) Importer(815301076,1909f56bfc062723c751e8b465ee728b)
Start importing Assets/Materials/Metal.004.mat using Guid(d1a3c8df5640dc9419ed2bd1fc716faa) Importer(815301076,1909f56bfc062723c751e8b465ee728b)  -> (artifact id: 'da55d4e0033a03fe31efd13a7d9af7f8') in 0.014468 seconds 
========================================================================
Received Import Request.
  Time since last request: 0.000316 seconds.
  path: Assets/Materials/Material #40 1.mat
  artifactKey: Guid(ceb6ec85a9b2c7d48b1d2526561a5d3b) Importer(815301076,1909f56bfc062723c751e8b465ee728b)
Start importing Assets/Materials/Material #40 1.mat using Guid(ceb6ec85a9b2c7d48b1d2526561a5d3b) Importer(815301076,1909f56bfc062723c751e8b465ee728b)  -> (artifact id: 'a379271396a56ee9b5aa47ffb9f65e30') in 0.009243 seconds 
========================================================================
Received Import Request.
  Time since last request: 0.000068 seconds.
  path: Assets/Materials/Metal.005.mat
  artifactKey: Guid(b87b21d30bca6214dae1ee82d035829d) Importer(815301076,1909f56bfc062723c751e8b465ee728b)
Start importing Assets/Materials/Metal.005.mat using Guid(b87b21d30bca6214dae1ee82d035829d) Importer(815301076,1909f56bfc062723c751e8b465ee728b)  -> (artifact id: '17a62076bda525f89c5ca5ad454a1c28') in 0.009687 seconds 
========================================================================
Received Import Request.
  Time since last request: 0.000097 seconds.
  path: Assets/Materials/Material #38.mat
  artifactKey: Guid(d0a6ba3035a6cde4aadd7071440dd586) Importer(815301076,1909f56bfc062723c751e8b465ee728b)
Start importing Assets/Materials/Material #38.mat using Guid(d0a6ba3035a6cde4aadd7071440dd586) Importer(815301076,1909f56bfc062723c751e8b465ee728b)  -> (artifact id: '4b3cb7b1f1dad04d7636e602bd407bab') in 0.012741 seconds 
========================================================================
Received Import Request.
  Time since last request: 0.000095 seconds.
  path: Assets/Materials/Luz.011.mat
  artifactKey: Guid(fe17fe5235790f04482ccec1598fb644) Importer(815301076,1909f56bfc062723c751e8b465ee728b)
Start importing Assets/Materials/Luz.011.mat using Guid(fe17fe5235790f04482ccec1598fb644) Importer(815301076,1909f56bfc062723c751e8b465ee728b)  -> (artifact id: 'e60e5b8599cdf7aca4ee4dfe7bfcbbc5') in 0.016691 seconds 
========================================================================
Received Import Request.
  Time since last request: 0.000118 seconds.
  path: Assets/Materials/Tronco 1.010.mat
  artifactKey: Guid(af63dc6e8845126429a024849ef36e5a) Importer(815301076,1909f56bfc062723c751e8b465ee728b)
Start importing Assets/Materials/Tronco 1.010.mat using Guid(af63dc6e8845126429a024849ef36e5a) Importer(815301076,1909f56bfc062723c751e8b465ee728b)  -> (artifact id: '98ef8b3aad9c891747123fdf8e61ccf7') in 0.016015 seconds 
========================================================================
Received Import Request.
  Time since last request: 0.000115 seconds.
  path: Assets/Materials/Oro.010.mat
  artifactKey: Guid(d02bbebcca4a7e6479575af5a0c86b48) Importer(815301076,1909f56bfc062723c751e8b465ee728b)
Start importing Assets/Materials/Oro.010.mat using Guid(d02bbebcca4a7e6479575af5a0c86b48) Importer(815301076,1909f56bfc062723c751e8b465ee728b)  -> (artifact id: 'bdc5e9b8a46437eec6598025b6efdb4a') in 0.009901 seconds 
========================================================================
Received Import Request.
  Time since last request: 0.000489 seconds.
  path: Assets/Materials/Piedra 2.001.mat
  artifactKey: Guid(24036dc792c7ad945ab79053f0eb470b) Importer(815301076,1909f56bfc062723c751e8b465ee728b)
Start importing Assets/Materials/Piedra 2.001.mat using Guid(24036dc792c7ad945ab79053f0eb470b) Importer(815301076,1909f56bfc062723c751e8b465ee728b)  -> (artifact id: '6659e7ff2c944da85b5c385bf972d748') in 0.008161 seconds 
========================================================================
Received Import Request.
  Time since last request: 0.604229 seconds.
  path: Assets/Materials/Piedra 1.005.mat
  artifactKey: Guid(973ed1abd0640f947981ff6f059c1e0d) Importer(815301076,1909f56bfc062723c751e8b465ee728b)
Start importing Assets/Materials/Piedra 1.005.mat using Guid(973ed1abd0640f947981ff6f059c1e0d) Importer(815301076,1909f56bfc062723c751e8b465ee728b)  -> (artifact id: '7192d5271e38c5997b9911aa5090084f') in 0.009148 seconds 
========================================================================
Received Import Request.
  Time since last request: 0.000060 seconds.
  path: Assets/Materials/Piedra 1.010.mat
  artifactKey: Guid(eccd055050b64154f97cd1c0eeb0ae48) Importer(815301076,1909f56bfc062723c751e8b465ee728b)
Start importing Assets/Materials/Piedra 1.010.mat using Guid(eccd055050b64154f97cd1c0eeb0ae48) Importer(815301076,1909f56bfc062723c751e8b465ee728b)  -> (artifact id: '7526f19f475204974c0a68d51888f959') in 0.012082 seconds 
========================================================================
Received Import Request.
  Time since last request: 0.000072 seconds.
  path: Assets/Materials/Piedra 1.011.mat
  artifactKey: Guid(2219be6d6832aee43a5595b7be312640) Importer(815301076,1909f56bfc062723c751e8b465ee728b)
Start importing Assets/Materials/Piedra 1.011.mat using Guid(2219be6d6832aee43a5595b7be312640) Importer(815301076,1909f56bfc062723c751e8b465ee728b)  -> (artifact id: '2c8907752b341ca9e26cfb93a85e9fba') in 0.010416 seconds 
========================================================================
Received Import Request.
  Time since last request: 0.000353 seconds.
  path: Assets/Materials/Piedra 1.007.mat
  artifactKey: Guid(7213e743ecb8c8f468fd8dcae6d37db1) Importer(815301076,1909f56bfc062723c751e8b465ee728b)
Start importing Assets/Materials/Piedra 1.007.mat using Guid(7213e743ecb8c8f468fd8dcae6d37db1) Importer(815301076,1909f56bfc062723c751e8b465ee728b)  -> (artifact id: '15d19074cc64ded490622e6b876a7b71') in 0.011074 seconds 
========================================================================
Received Import Request.
  Time since last request: 62.138219 seconds.
  path: Assets/Modelos/Korbo v1.fbx
  artifactKey: Guid(bf5c81bbe313f48d098740627af5587e) Importer(815301076,1909f56bfc062723c751e8b465ee728b)
Start importing Assets/Modelos/Korbo v1.fbx using Guid(bf5c81bbe313f48d098740627af5587e) Importer(815301076,1909f56bfc062723c751e8b465ee728b)  -> (artifact id: 'f318706293a3ae1cd8a4154891de4ae1') in 0.293020 seconds 
Editor requested this worker to shutdown with reason: Scaling down because of idle timeout
AssetImportWorker is now disconnected from the server
Process exiting
