Unity Editor version:    2021.3.21f1 (1b156197d683)
Branch:                  2021.3/staging
Build type:              Release
Batch mode:              YES
macOS version:           Version 13.3.1 (a) (Build 22E772610a)
Darwin version:          22.4.0
Architecture:            x86_64
Running under Rosetta:   YES
Available memory:        8192 MB
Using pre-set license
Pro License: YES

COMMAND LINE ARGUMENTS:
/Applications/Unity/Hub/Editor/2021.3.21f1/Unity.app/Contents/MacOS/Unity
-adb2
-batchMode
-noUpm
-name
AssetImportWorker7
-projectPath
/Users/2A3Dm/Desktop/M14UnityDavid/Proyecto_Unity
-logFile
Logs/AssetImportWorker7.log
-srvPort
49336
Successfully changed project path to: /Users/2A3Dm/Desktop/M14UnityDavid/Proyecto_Unity
/Users/2A3Dm/Desktop/M14UnityDavid/Proyecto_Unity
[UnityMemory] Configuration Parameters - Can be set up in boot.config
    "memorysetup-bucket-allocator-granularity=16"
    "memorysetup-bucket-allocator-bucket-count=8"
    "memorysetup-bucket-allocator-block-size=33554432"
    "memorysetup-bucket-allocator-block-count=8"
    "memorysetup-main-allocator-block-size=16777216"
    "memorysetup-thread-allocator-block-size=16777216"
    "memorysetup-gfx-main-allocator-block-size=16777216"
    "memorysetup-gfx-thread-allocator-block-size=16777216"
    "memorysetup-cache-allocator-block-size=4194304"
    "memorysetup-typetree-allocator-block-size=2097152"
    "memorysetup-profiler-bucket-allocator-granularity=16"
    "memorysetup-profiler-bucket-allocator-bucket-count=8"
    "memorysetup-profiler-bucket-allocator-block-size=33554432"
    "memorysetup-profiler-bucket-allocator-block-count=8"
    "memorysetup-profiler-allocator-block-size=16777216"
    "memorysetup-profiler-editor-allocator-block-size=1048576"
    "memorysetup-temp-allocator-size-main=16777216"
    "memorysetup-job-temp-allocator-block-size=2097152"
    "memorysetup-job-temp-allocator-block-size-background=1048576"
    "memorysetup-job-temp-allocator-reduction-small-platforms=262144"
    "memorysetup-temp-allocator-size-background-worker=32768"
    "memorysetup-temp-allocator-size-job-worker=262144"
    "memorysetup-temp-allocator-size-preload-manager=33554432"
    "memorysetup-temp-allocator-size-nav-mesh-worker=65536"
    "memorysetup-temp-allocator-size-audio-worker=65536"
    "memorysetup-temp-allocator-size-cloud-worker=32768"
    "memorysetup-temp-allocator-size-gi-baking-worker=262144"
    "memorysetup-temp-allocator-size-gfx=262144"
Player connection [8776729216] Host "[IP] 172.22.1.128 [Port] 0 [Flags] 2 [Guid] 974607078 [EditorId] 974607078 [Version] 1048832 [Id] OSXEditor(0,ha201-57.av.itb.cat) [Debug] 1 [PackageName] OSXEditor [ProjectName] Editor" joined multi-casting on [225.0.0.222:54997]...

Player connection [8776729216] Host "[IP] 172.22.1.128 [Port] 0 [Flags] 2 [Guid] 974607078 [EditorId] 974607078 [Version] 1048832 [Id] OSXEditor(0,ha201-57.av.itb.cat) [Debug] 1 [PackageName] OSXEditor [ProjectName] Editor" joined alternative multi-casting on [225.0.0.222:34997]...

Refreshing native plugins compatible for Editor in 159.99 ms, found 2 plugins.
Preloading 0 native plugins for Editor in 0.00 ms.
Initialize engine version: 2021.3.21f1 (1b156197d683)
[Subsystems] Discovering subsystems at path /Applications/Unity/Hub/Editor/2021.3.21f1/Unity.app/Contents/Resources/UnitySubsystems
[Subsystems] Discovering subsystems at path /Users/2A3Dm/Desktop/M14UnityDavid/Proyecto_Unity/Assets
GfxDevice: creating device client; threaded=0; jobified=0
 preferred device: Apple M1 (high power)
Metal devices available: 1
0: Apple M1 (high power)
Using device Apple M1 (high power)
Initializing Metal device caps: Apple M1
Initialize mono
Mono path[0] = '/Applications/Unity/Hub/Editor/2021.3.21f1/Unity.app/Contents/Managed'
Mono path[1] = '/Applications/Unity/Hub/Editor/2021.3.21f1/Unity.app/Contents/MonoBleedingEdge/lib/mono/unityjit-macos'
Mono config path = '/Applications/Unity/Hub/Editor/2021.3.21f1/Unity.app/Contents/MonoBleedingEdge/etc'
Using monoOptions --debugger-agent=transport=dt_socket,embedding=1,server=y,suspend=n,address=127.0.0.1:56049
Begin MonoManager ReloadAssembly
Registering precompiled unity dll's ...
Register platform support module: /Applications/Unity/Hub/Editor/2021.3.21f1/Unity.app/Contents/PlaybackEngines/MacStandaloneSupport/UnityEditor.OSXStandalone.Extensions.dll
Registered in 0.003420 seconds.
Native extension for OSXStandalone target not found
Refreshing native plugins compatible for Editor in 112.81 ms, found 2 plugins.
Preloading 0 native plugins for Editor in 0.00 ms.
Mono: successfully reloaded assembly
- Completed reload, in  1.644 seconds
Domain Reload Profiling:
	ReloadAssembly (1646ms)
		BeginReloadAssembly (229ms)
			ExecutionOrderSort (0ms)
			DisableScriptedObjects (0ms)
			BackupInstance (0ms)
			ReleaseScriptingObjects (0ms)
			CreateAndSetChildDomain (3ms)
		EndReloadAssembly (1200ms)
			LoadAssemblies (226ms)
			RebuildTransferFunctionScriptingTraits (1ms)
			SetupTypeCache (132ms)
			ReleaseScriptCaches (0ms)
			RebuildScriptCaches (37ms)
			SetupLoadedEditorAssemblies (876ms)
				LogAssemblyErrors (0ms)
				InitializePlatformSupportModulesInManaged (22ms)
				SetLoadedEditorAssemblies (1ms)
				RefreshPlugins (113ms)
				BeforeProcessingInitializeOnLoad (3ms)
				ProcessInitializeOnLoadAttributes (535ms)
				ProcessInitializeOnLoadMethodAttributes (201ms)
				AfterProcessingInitializeOnLoad (0ms)
				EditorAssembliesLoaded (1ms)
			ExecutionOrderSort2 (0ms)
			AwakeInstancesAfterBackupRestoration (0ms)
Platform modules already initialized, skipping
Registering precompiled user dll's ...
Registered in 0.007377 seconds.
Begin MonoManager ReloadAssembly
Symbol file LoadedFromMemory doesn't match image /Users/2A3Dm/Desktop/M14UnityDavid/Proyecto_Unity/Library/PackageCache/com.unity.visualscripting@1.8.0/Editor/VisualScripting.Core/Dependencies/YamlDotNet/Unity.VisualScripting.YamlDotNet.dll
Symbol file LoadedFromMemory doesn't match image /Users/2A3Dm/Desktop/M14UnityDavid/Proyecto_Unity/Library/PackageCache/com.unity.visualscripting@1.8.0/Editor/VisualScripting.Core/Dependencies/DotNetZip/Unity.VisualScripting.IonicZip.dll
Native extension for OSXStandalone target not found
Refreshing native plugins compatible for Editor in 126.76 ms, found 2 plugins.
Preloading 0 native plugins for Editor in 0.00 ms.
Mono: successfully reloaded assembly
- Completed reload, in  3.221 seconds
Domain Reload Profiling:
	ReloadAssembly (3225ms)
		BeginReloadAssembly (318ms)
			ExecutionOrderSort (0ms)
			DisableScriptedObjects (48ms)
			BackupInstance (0ms)
			ReleaseScriptingObjects (0ms)
			CreateAndSetChildDomain (40ms)
		EndReloadAssembly (2622ms)
			LoadAssemblies (189ms)
			RebuildTransferFunctionScriptingTraits (0ms)
			SetupTypeCache (383ms)
			ReleaseScriptCaches (2ms)
			RebuildScriptCaches (74ms)
			SetupLoadedEditorAssemblies (1735ms)
				LogAssemblyErrors (0ms)
				InitializePlatformSupportModulesInManaged (11ms)
				SetLoadedEditorAssemblies (0ms)
				RefreshPlugins (127ms)
				BeforeProcessingInitializeOnLoad (176ms)
				ProcessInitializeOnLoadAttributes (1160ms)
				ProcessInitializeOnLoadMethodAttributes (259ms)
				AfterProcessingInitializeOnLoad (2ms)
				EditorAssembliesLoaded (0ms)
			ExecutionOrderSort2 (0ms)
			AwakeInstancesAfterBackupRestoration (14ms)
Platform modules already initialized, skipping
========================================================================
Worker process is ready to serve import requests
Launching external process: /Applications/Unity/Hub/Editor/2021.3.21f1/Unity.app/Contents/Tools/UnityShaderCompiler
Launched and connected shader compiler UnityShaderCompiler after 0.43 seconds
Refreshing native plugins compatible for Editor in 0.87 ms, found 2 plugins.
Preloading 0 native plugins for Editor in 0.00 ms.
Unloading 4487 Unused Serialized files (Serialized files now loaded: 0)
Unloading 31 unused Assets / (0.6 MB). Loaded Objects now: 4961.
Memory consumption went from 178.4 MB to 177.8 MB.
Total: 11.203625 ms (FindLiveObjects: 0.321709 ms CreateObjectMapping: 0.130292 ms MarkObjects: 9.788916 ms  DeleteObjects: 0.958833 ms)

AssetImportParameters requested are different than current active one (requested -> active):
  custom:video-decoder-ogg-theora: a1e56fd34408186e4bbccfd4996cb3dc -> 
  custom:container-muxer-webm: aa71ff27fc2769a1b78a27578f13a17b -> 
  custom:container-demuxer-webm: 4f35f7cbe854078d1ac9338744f61a02 -> 
  custom:video-encoder-webm-vp8: eb34c28f22e8b96e1ab97ce403110664 -> 
  custom:framework-osx-AVFoundation: e770b220cccbd017edd2c1fefb359320 -> 
  custom:audio-encoder-webm-vorbis: bf7c407c2cedff20999df2af8eb42d56 -> 
  custom:container-demuxer-ogg: 62fdf1f143b41e24485cea50d1cbac27 -> 
  custom:video-decoder-webm-vp8: 9c59270c3fd7afecdb556c50c9e8de78 -> 
  custom:audio-decoder-ogg-vorbis: bf7c407c2cedff20999df2af8eb42d56 -> 
========================================================================
Received Prepare
Registering precompiled user dll's ...
Registered in 0.001692 seconds.
Begin MonoManager ReloadAssembly
Symbol file LoadedFromMemory doesn't match image /Users/2A3Dm/Desktop/M14UnityDavid/Proyecto_Unity/Library/PackageCache/com.unity.visualscripting@1.8.0/Editor/VisualScripting.Core/Dependencies/YamlDotNet/Unity.VisualScripting.YamlDotNet.dll
Symbol file LoadedFromMemory doesn't match image /Users/2A3Dm/Desktop/M14UnityDavid/Proyecto_Unity/Library/PackageCache/com.unity.visualscripting@1.8.0/Editor/VisualScripting.Core/Dependencies/DotNetZip/Unity.VisualScripting.IonicZip.dll
Native extension for OSXStandalone target not found
Refreshing native plugins compatible for Editor in 1.06 ms, found 2 plugins.
Preloading 0 native plugins for Editor in 0.00 ms.
Mono: successfully reloaded assembly
- Completed reload, in  2.701 seconds
Domain Reload Profiling:
	ReloadAssembly (2702ms)
		BeginReloadAssembly (332ms)
			ExecutionOrderSort (0ms)
			DisableScriptedObjects (39ms)
			BackupInstance (0ms)
			ReleaseScriptingObjects (0ms)
			CreateAndSetChildDomain (86ms)
		EndReloadAssembly (2165ms)
			LoadAssemblies (173ms)
			RebuildTransferFunctionScriptingTraits (0ms)
			SetupTypeCache (352ms)
			ReleaseScriptCaches (4ms)
			RebuildScriptCaches (58ms)
			SetupLoadedEditorAssemblies (1430ms)
				LogAssemblyErrors (0ms)
				InitializePlatformSupportModulesInManaged (16ms)
				SetLoadedEditorAssemblies (1ms)
				RefreshPlugins (1ms)
				BeforeProcessingInitializeOnLoad (130ms)
				ProcessInitializeOnLoadAttributes (1024ms)
				ProcessInitializeOnLoadMethodAttributes (255ms)
				AfterProcessingInitializeOnLoad (1ms)
				EditorAssembliesLoaded (0ms)
			ExecutionOrderSort2 (0ms)
			AwakeInstancesAfterBackupRestoration (12ms)
Platform modules already initialized, skipping
Refreshing native plugins compatible for Editor in 1.83 ms, found 2 plugins.
Preloading 0 native plugins for Editor in 0.00 ms.
Unloading 4418 Unused Serialized files (Serialized files now loaded: 0)
Unloading 24 unused Assets / (0.6 MB). Loaded Objects now: 4964.
Memory consumption went from 172.6 MB to 172.1 MB.
Total: 5.846833 ms (FindLiveObjects: 0.318916 ms CreateObjectMapping: 0.162542 ms MarkObjects: 5.013208 ms  DeleteObjects: 0.350125 ms)

AssetImportParameters requested are different than current active one (requested -> active):
  custom:video-decoder-ogg-theora: a1e56fd34408186e4bbccfd4996cb3dc -> 
  custom:container-muxer-webm: aa71ff27fc2769a1b78a27578f13a17b -> 
  custom:container-demuxer-webm: 4f35f7cbe854078d1ac9338744f61a02 -> 
  custom:video-encoder-webm-vp8: eb34c28f22e8b96e1ab97ce403110664 -> 
  custom:framework-osx-AVFoundation: e770b220cccbd017edd2c1fefb359320 -> 
  custom:audio-encoder-webm-vorbis: bf7c407c2cedff20999df2af8eb42d56 -> 
  custom:container-demuxer-ogg: 62fdf1f143b41e24485cea50d1cbac27 -> 
  custom:video-decoder-webm-vp8: 9c59270c3fd7afecdb556c50c9e8de78 -> 
  custom:audio-decoder-ogg-vorbis: bf7c407c2cedff20999df2af8eb42d56 -> 
========================================================================
Received Prepare
Registering precompiled user dll's ...
Registered in 0.001840 seconds.
Begin MonoManager ReloadAssembly
Symbol file LoadedFromMemory doesn't match image /Users/2A3Dm/Desktop/M14UnityDavid/Proyecto_Unity/Library/PackageCache/com.unity.visualscripting@1.8.0/Editor/VisualScripting.Core/Dependencies/YamlDotNet/Unity.VisualScripting.YamlDotNet.dll
Symbol file LoadedFromMemory doesn't match image /Users/2A3Dm/Desktop/M14UnityDavid/Proyecto_Unity/Library/PackageCache/com.unity.visualscripting@1.8.0/Editor/VisualScripting.Core/Dependencies/DotNetZip/Unity.VisualScripting.IonicZip.dll
Native extension for OSXStandalone target not found
Refreshing native plugins compatible for Editor in 0.84 ms, found 2 plugins.
Preloading 0 native plugins for Editor in 0.00 ms.
Mono: successfully reloaded assembly
- Completed reload, in  2.618 seconds
Domain Reload Profiling:
	ReloadAssembly (2620ms)
		BeginReloadAssembly (349ms)
			ExecutionOrderSort (0ms)
			DisableScriptedObjects (42ms)
			BackupInstance (0ms)
			ReleaseScriptingObjects (0ms)
			CreateAndSetChildDomain (83ms)
		EndReloadAssembly (2055ms)
			LoadAssemblies (183ms)
			RebuildTransferFunctionScriptingTraits (0ms)
			SetupTypeCache (380ms)
			ReleaseScriptCaches (2ms)
			RebuildScriptCaches (58ms)
			SetupLoadedEditorAssemblies (1309ms)
				LogAssemblyErrors (0ms)
				InitializePlatformSupportModulesInManaged (14ms)
				SetLoadedEditorAssemblies (2ms)
				RefreshPlugins (1ms)
				BeforeProcessingInitializeOnLoad (128ms)
				ProcessInitializeOnLoadAttributes (916ms)
				ProcessInitializeOnLoadMethodAttributes (247ms)
				AfterProcessingInitializeOnLoad (1ms)
				EditorAssembliesLoaded (0ms)
			ExecutionOrderSort2 (0ms)
			AwakeInstancesAfterBackupRestoration (11ms)
Platform modules already initialized, skipping
Refreshing native plugins compatible for Editor in 1.34 ms, found 2 plugins.
Preloading 0 native plugins for Editor in 0.00 ms.
Unloading 4418 Unused Serialized files (Serialized files now loaded: 0)
Unloading 24 unused Assets / (0.6 MB). Loaded Objects now: 4967.
Memory consumption went from 172.3 MB to 171.7 MB.
Total: 6.494250 ms (FindLiveObjects: 0.341667 ms CreateObjectMapping: 0.170167 ms MarkObjects: 5.665750 ms  DeleteObjects: 0.315750 ms)

AssetImportParameters requested are different than current active one (requested -> active):
  custom:video-decoder-ogg-theora: a1e56fd34408186e4bbccfd4996cb3dc -> 
  custom:container-muxer-webm: aa71ff27fc2769a1b78a27578f13a17b -> 
  custom:container-demuxer-webm: 4f35f7cbe854078d1ac9338744f61a02 -> 
  custom:video-encoder-webm-vp8: eb34c28f22e8b96e1ab97ce403110664 -> 
  custom:framework-osx-AVFoundation: e770b220cccbd017edd2c1fefb359320 -> 
  custom:audio-encoder-webm-vorbis: bf7c407c2cedff20999df2af8eb42d56 -> 
  custom:container-demuxer-ogg: 62fdf1f143b41e24485cea50d1cbac27 -> 
  custom:video-decoder-webm-vp8: 9c59270c3fd7afecdb556c50c9e8de78 -> 
  custom:audio-decoder-ogg-vorbis: bf7c407c2cedff20999df2af8eb42d56 -> 
========================================================================
Received Prepare
Registering precompiled user dll's ...
Registered in 0.002244 seconds.
Begin MonoManager ReloadAssembly
Symbol file LoadedFromMemory doesn't match image /Users/2A3Dm/Desktop/M14UnityDavid/Proyecto_Unity/Library/PackageCache/com.unity.visualscripting@1.8.0/Editor/VisualScripting.Core/Dependencies/YamlDotNet/Unity.VisualScripting.YamlDotNet.dll
Symbol file LoadedFromMemory doesn't match image /Users/2A3Dm/Desktop/M14UnityDavid/Proyecto_Unity/Library/PackageCache/com.unity.visualscripting@1.8.0/Editor/VisualScripting.Core/Dependencies/DotNetZip/Unity.VisualScripting.IonicZip.dll
Native extension for OSXStandalone target not found
Refreshing native plugins compatible for Editor in 1.19 ms, found 2 plugins.
Preloading 0 native plugins for Editor in 0.00 ms.
Mono: successfully reloaded assembly
- Completed reload, in  2.612 seconds
Domain Reload Profiling:
	ReloadAssembly (2614ms)
		BeginReloadAssembly (360ms)
			ExecutionOrderSort (0ms)
			DisableScriptedObjects (43ms)
			BackupInstance (0ms)
			ReleaseScriptingObjects (0ms)
			CreateAndSetChildDomain (77ms)
		EndReloadAssembly (2046ms)
			LoadAssemblies (199ms)
			RebuildTransferFunctionScriptingTraits (0ms)
			SetupTypeCache (357ms)
			ReleaseScriptCaches (3ms)
			RebuildScriptCaches (57ms)
			SetupLoadedEditorAssemblies (1320ms)
				LogAssemblyErrors (0ms)
				InitializePlatformSupportModulesInManaged (14ms)
				SetLoadedEditorAssemblies (1ms)
				RefreshPlugins (1ms)
				BeforeProcessingInitializeOnLoad (127ms)
				ProcessInitializeOnLoadAttributes (941ms)
				ProcessInitializeOnLoadMethodAttributes (233ms)
				AfterProcessingInitializeOnLoad (1ms)
				EditorAssembliesLoaded (0ms)
			ExecutionOrderSort2 (0ms)
			AwakeInstancesAfterBackupRestoration (10ms)
Platform modules already initialized, skipping
Refreshing native plugins compatible for Editor in 1.37 ms, found 2 plugins.
Preloading 0 native plugins for Editor in 0.00 ms.
Unloading 4418 Unused Serialized files (Serialized files now loaded: 0)
Unloading 24 unused Assets / (0.6 MB). Loaded Objects now: 4970.
Memory consumption went from 172.3 MB to 171.8 MB.
Total: 5.380416 ms (FindLiveObjects: 0.317833 ms CreateObjectMapping: 0.156500 ms MarkObjects: 4.582958 ms  DeleteObjects: 0.321667 ms)

AssetImportParameters requested are different than current active one (requested -> active):
  custom:video-decoder-ogg-theora: a1e56fd34408186e4bbccfd4996cb3dc -> 
  custom:container-muxer-webm: aa71ff27fc2769a1b78a27578f13a17b -> 
  custom:container-demuxer-webm: 4f35f7cbe854078d1ac9338744f61a02 -> 
  custom:video-encoder-webm-vp8: eb34c28f22e8b96e1ab97ce403110664 -> 
  custom:framework-osx-AVFoundation: e770b220cccbd017edd2c1fefb359320 -> 
  custom:audio-encoder-webm-vorbis: bf7c407c2cedff20999df2af8eb42d56 -> 
  custom:container-demuxer-ogg: 62fdf1f143b41e24485cea50d1cbac27 -> 
  custom:video-decoder-webm-vp8: 9c59270c3fd7afecdb556c50c9e8de78 -> 
  custom:audio-decoder-ogg-vorbis: bf7c407c2cedff20999df2af8eb42d56 -> 
========================================================================
Received Prepare
Registering precompiled user dll's ...
Registered in 0.001947 seconds.
Begin MonoManager ReloadAssembly
Symbol file LoadedFromMemory doesn't match image /Users/2A3Dm/Desktop/M14UnityDavid/Proyecto_Unity/Library/PackageCache/com.unity.visualscripting@1.8.0/Editor/VisualScripting.Core/Dependencies/YamlDotNet/Unity.VisualScripting.YamlDotNet.dll
Symbol file LoadedFromMemory doesn't match image /Users/2A3Dm/Desktop/M14UnityDavid/Proyecto_Unity/Library/PackageCache/com.unity.visualscripting@1.8.0/Editor/VisualScripting.Core/Dependencies/DotNetZip/Unity.VisualScripting.IonicZip.dll
Native extension for OSXStandalone target not found
Refreshing native plugins compatible for Editor in 3.42 ms, found 2 plugins.
Preloading 0 native plugins for Editor in 0.00 ms.
Mono: successfully reloaded assembly
- Completed reload, in  2.820 seconds
Domain Reload Profiling:
	ReloadAssembly (2824ms)
		BeginReloadAssembly (413ms)
			ExecutionOrderSort (0ms)
			DisableScriptedObjects (45ms)
			BackupInstance (0ms)
			ReleaseScriptingObjects (0ms)
			CreateAndSetChildDomain (100ms)
		EndReloadAssembly (2156ms)
			LoadAssemblies (225ms)
			RebuildTransferFunctionScriptingTraits (0ms)
			SetupTypeCache (348ms)
			ReleaseScriptCaches (15ms)
			RebuildScriptCaches (63ms)
			SetupLoadedEditorAssemblies (1381ms)
				LogAssemblyErrors (0ms)
				InitializePlatformSupportModulesInManaged (15ms)
				SetLoadedEditorAssemblies (2ms)
				RefreshPlugins (3ms)
				BeforeProcessingInitializeOnLoad (141ms)
				ProcessInitializeOnLoadAttributes (972ms)
				ProcessInitializeOnLoadMethodAttributes (245ms)
				AfterProcessingInitializeOnLoad (2ms)
				EditorAssembliesLoaded (0ms)
			ExecutionOrderSort2 (0ms)
			AwakeInstancesAfterBackupRestoration (11ms)
Platform modules already initialized, skipping
Refreshing native plugins compatible for Editor in 1.74 ms, found 2 plugins.
Preloading 0 native plugins for Editor in 0.00 ms.
Unloading 4418 Unused Serialized files (Serialized files now loaded: 0)
Unloading 24 unused Assets / (0.6 MB). Loaded Objects now: 4973.
Memory consumption went from 172.4 MB to 171.8 MB.
Total: 5.869708 ms (FindLiveObjects: 0.631666 ms CreateObjectMapping: 0.182000 ms MarkObjects: 4.633750 ms  DeleteObjects: 0.420333 ms)

AssetImportParameters requested are different than current active one (requested -> active):
  custom:video-decoder-ogg-theora: a1e56fd34408186e4bbccfd4996cb3dc -> 
  custom:container-muxer-webm: aa71ff27fc2769a1b78a27578f13a17b -> 
  custom:container-demuxer-webm: 4f35f7cbe854078d1ac9338744f61a02 -> 
  custom:video-encoder-webm-vp8: eb34c28f22e8b96e1ab97ce403110664 -> 
  custom:framework-osx-AVFoundation: e770b220cccbd017edd2c1fefb359320 -> 
  custom:audio-encoder-webm-vorbis: bf7c407c2cedff20999df2af8eb42d56 -> 
  custom:container-demuxer-ogg: 62fdf1f143b41e24485cea50d1cbac27 -> 
  custom:video-decoder-webm-vp8: 9c59270c3fd7afecdb556c50c9e8de78 -> 
  custom:audio-decoder-ogg-vorbis: bf7c407c2cedff20999df2af8eb42d56 -> 
========================================================================
Received Prepare
Registering precompiled user dll's ...
Registered in 0.001732 seconds.
Begin MonoManager ReloadAssembly
Symbol file LoadedFromMemory doesn't match image /Users/2A3Dm/Desktop/M14UnityDavid/Proyecto_Unity/Library/PackageCache/com.unity.visualscripting@1.8.0/Editor/VisualScripting.Core/Dependencies/YamlDotNet/Unity.VisualScripting.YamlDotNet.dll
Symbol file LoadedFromMemory doesn't match image /Users/2A3Dm/Desktop/M14UnityDavid/Proyecto_Unity/Library/PackageCache/com.unity.visualscripting@1.8.0/Editor/VisualScripting.Core/Dependencies/DotNetZip/Unity.VisualScripting.IonicZip.dll
Native extension for OSXStandalone target not found
Refreshing native plugins compatible for Editor in 1.33 ms, found 2 plugins.
Preloading 0 native plugins for Editor in 0.00 ms.
Mono: successfully reloaded assembly
- Completed reload, in  2.821 seconds
Domain Reload Profiling:
	ReloadAssembly (2823ms)
		BeginReloadAssembly (376ms)
			ExecutionOrderSort (0ms)
			DisableScriptedObjects (40ms)
			BackupInstance (0ms)
			ReleaseScriptingObjects (0ms)
			CreateAndSetChildDomain (81ms)
		EndReloadAssembly (2176ms)
			LoadAssemblies (229ms)
			RebuildTransferFunctionScriptingTraits (0ms)
			SetupTypeCache (350ms)
			ReleaseScriptCaches (11ms)
			RebuildScriptCaches (61ms)
			SetupLoadedEditorAssemblies (1409ms)
				LogAssemblyErrors (0ms)
				InitializePlatformSupportModulesInManaged (14ms)
				SetLoadedEditorAssemblies (3ms)
				RefreshPlugins (1ms)
				BeforeProcessingInitializeOnLoad (136ms)
				ProcessInitializeOnLoadAttributes (948ms)
				ProcessInitializeOnLoadMethodAttributes (305ms)
				AfterProcessingInitializeOnLoad (1ms)
				EditorAssembliesLoaded (0ms)
			ExecutionOrderSort2 (0ms)
			AwakeInstancesAfterBackupRestoration (12ms)
Platform modules already initialized, skipping
Refreshing native plugins compatible for Editor in 1.81 ms, found 2 plugins.
Preloading 0 native plugins for Editor in 0.00 ms.
Unloading 4418 Unused Serialized files (Serialized files now loaded: 0)
Unloading 24 unused Assets / (0.6 MB). Loaded Objects now: 4976.
Memory consumption went from 172.2 MB to 171.6 MB.
Total: 4.456000 ms (FindLiveObjects: 0.302666 ms CreateObjectMapping: 0.154333 ms MarkObjects: 3.694750 ms  DeleteObjects: 0.302250 ms)

AssetImportParameters requested are different than current active one (requested -> active):
  custom:video-decoder-ogg-theora: a1e56fd34408186e4bbccfd4996cb3dc -> 
  custom:container-muxer-webm: aa71ff27fc2769a1b78a27578f13a17b -> 
  custom:container-demuxer-webm: 4f35f7cbe854078d1ac9338744f61a02 -> 
  custom:video-encoder-webm-vp8: eb34c28f22e8b96e1ab97ce403110664 -> 
  custom:framework-osx-AVFoundation: e770b220cccbd017edd2c1fefb359320 -> 
  custom:audio-encoder-webm-vorbis: bf7c407c2cedff20999df2af8eb42d56 -> 
  custom:container-demuxer-ogg: 62fdf1f143b41e24485cea50d1cbac27 -> 
  custom:video-decoder-webm-vp8: 9c59270c3fd7afecdb556c50c9e8de78 -> 
  custom:audio-decoder-ogg-vorbis: bf7c407c2cedff20999df2af8eb42d56 -> 
========================================================================
Received Prepare
Registering precompiled user dll's ...
Registered in 0.001959 seconds.
Begin MonoManager ReloadAssembly
Symbol file LoadedFromMemory doesn't match image /Users/2A3Dm/Desktop/M14UnityDavid/Proyecto_Unity/Library/PackageCache/com.unity.visualscripting@1.8.0/Editor/VisualScripting.Core/Dependencies/YamlDotNet/Unity.VisualScripting.YamlDotNet.dll
Symbol file LoadedFromMemory doesn't match image /Users/2A3Dm/Desktop/M14UnityDavid/Proyecto_Unity/Library/PackageCache/com.unity.visualscripting@1.8.0/Editor/VisualScripting.Core/Dependencies/DotNetZip/Unity.VisualScripting.IonicZip.dll
Native extension for OSXStandalone target not found
Refreshing native plugins compatible for Editor in 1.89 ms, found 2 plugins.
Preloading 0 native plugins for Editor in 0.00 ms.
Mono: successfully reloaded assembly
- Completed reload, in  3.479 seconds
Domain Reload Profiling:
	ReloadAssembly (3481ms)
		BeginReloadAssembly (369ms)
			ExecutionOrderSort (0ms)
			DisableScriptedObjects (39ms)
			BackupInstance (0ms)
			ReleaseScriptingObjects (0ms)
			CreateAndSetChildDomain (102ms)
		EndReloadAssembly (2853ms)
			LoadAssemblies (188ms)
			RebuildTransferFunctionScriptingTraits (0ms)
			SetupTypeCache (346ms)
			ReleaseScriptCaches (11ms)
			RebuildScriptCaches (65ms)
			SetupLoadedEditorAssemblies (1925ms)
				LogAssemblyErrors (0ms)
				InitializePlatformSupportModulesInManaged (24ms)
				SetLoadedEditorAssemblies (3ms)
				RefreshPlugins (2ms)
				BeforeProcessingInitializeOnLoad (145ms)
				ProcessInitializeOnLoadAttributes (1180ms)
				ProcessInitializeOnLoadMethodAttributes (568ms)
				AfterProcessingInitializeOnLoad (2ms)
				EditorAssembliesLoaded (1ms)
			ExecutionOrderSort2 (0ms)
			AwakeInstancesAfterBackupRestoration (17ms)
Platform modules already initialized, skipping
Refreshing native plugins compatible for Editor in 2.01 ms, found 2 plugins.
Preloading 0 native plugins for Editor in 0.00 ms.
Unloading 4418 Unused Serialized files (Serialized files now loaded: 0)
Unloading 24 unused Assets / (0.6 MB). Loaded Objects now: 4979.
Memory consumption went from 172.4 MB to 171.8 MB.
Total: 5.658709 ms (FindLiveObjects: 0.395917 ms CreateObjectMapping: 0.173708 ms MarkObjects: 4.689458 ms  DeleteObjects: 0.394584 ms)

AssetImportParameters requested are different than current active one (requested -> active):
  custom:video-decoder-ogg-theora: a1e56fd34408186e4bbccfd4996cb3dc -> 
  custom:container-muxer-webm: aa71ff27fc2769a1b78a27578f13a17b -> 
  custom:container-demuxer-webm: 4f35f7cbe854078d1ac9338744f61a02 -> 
  custom:video-encoder-webm-vp8: eb34c28f22e8b96e1ab97ce403110664 -> 
  custom:framework-osx-AVFoundation: e770b220cccbd017edd2c1fefb359320 -> 
  custom:audio-encoder-webm-vorbis: bf7c407c2cedff20999df2af8eb42d56 -> 
  custom:container-demuxer-ogg: 62fdf1f143b41e24485cea50d1cbac27 -> 
  custom:video-decoder-webm-vp8: 9c59270c3fd7afecdb556c50c9e8de78 -> 
  custom:audio-decoder-ogg-vorbis: bf7c407c2cedff20999df2af8eb42d56 -> 
========================================================================
Received Prepare
Registering precompiled user dll's ...
Registered in 0.002021 seconds.
Begin MonoManager ReloadAssembly
Symbol file LoadedFromMemory doesn't match image /Users/2A3Dm/Desktop/M14UnityDavid/Proyecto_Unity/Library/PackageCache/com.unity.visualscripting@1.8.0/Editor/VisualScripting.Core/Dependencies/YamlDotNet/Unity.VisualScripting.YamlDotNet.dll
Symbol file LoadedFromMemory doesn't match image /Users/2A3Dm/Desktop/M14UnityDavid/Proyecto_Unity/Library/PackageCache/com.unity.visualscripting@1.8.0/Editor/VisualScripting.Core/Dependencies/DotNetZip/Unity.VisualScripting.IonicZip.dll
Native extension for OSXStandalone target not found
Refreshing native plugins compatible for Editor in 3.21 ms, found 2 plugins.
Preloading 0 native plugins for Editor in 0.00 ms.
Mono: successfully reloaded assembly
- Completed reload, in  2.935 seconds
Domain Reload Profiling:
	ReloadAssembly (2937ms)
		BeginReloadAssembly (384ms)
			ExecutionOrderSort (0ms)
			DisableScriptedObjects (47ms)
			BackupInstance (0ms)
			ReleaseScriptingObjects (0ms)
			CreateAndSetChildDomain (81ms)
		EndReloadAssembly (2267ms)
			LoadAssemblies (217ms)
			RebuildTransferFunctionScriptingTraits (0ms)
			SetupTypeCache (346ms)
			ReleaseScriptCaches (15ms)
			RebuildScriptCaches (64ms)
			SetupLoadedEditorAssemblies (1488ms)
				LogAssemblyErrors (0ms)
				InitializePlatformSupportModulesInManaged (15ms)
				SetLoadedEditorAssemblies (3ms)
				RefreshPlugins (3ms)
				BeforeProcessingInitializeOnLoad (139ms)
				ProcessInitializeOnLoadAttributes (1082ms)
				ProcessInitializeOnLoadMethodAttributes (244ms)
				AfterProcessingInitializeOnLoad (1ms)
				EditorAssembliesLoaded (0ms)
			ExecutionOrderSort2 (0ms)
			AwakeInstancesAfterBackupRestoration (12ms)
Platform modules already initialized, skipping
Refreshing native plugins compatible for Editor in 2.69 ms, found 2 plugins.
Preloading 0 native plugins for Editor in 0.00 ms.
Unloading 4418 Unused Serialized files (Serialized files now loaded: 0)
Unloading 24 unused Assets / (0.6 MB). Loaded Objects now: 4982.
Memory consumption went from 172.4 MB to 171.8 MB.
Total: 4.616000 ms (FindLiveObjects: 0.475333 ms CreateObjectMapping: 0.187667 ms MarkObjects: 3.649458 ms  DeleteObjects: 0.302208 ms)

AssetImportParameters requested are different than current active one (requested -> active):
  custom:video-decoder-ogg-theora: a1e56fd34408186e4bbccfd4996cb3dc -> 
  custom:container-muxer-webm: aa71ff27fc2769a1b78a27578f13a17b -> 
  custom:container-demuxer-webm: 4f35f7cbe854078d1ac9338744f61a02 -> 
  custom:video-encoder-webm-vp8: eb34c28f22e8b96e1ab97ce403110664 -> 
  custom:framework-osx-AVFoundation: e770b220cccbd017edd2c1fefb359320 -> 
  custom:audio-encoder-webm-vorbis: bf7c407c2cedff20999df2af8eb42d56 -> 
  custom:container-demuxer-ogg: 62fdf1f143b41e24485cea50d1cbac27 -> 
  custom:video-decoder-webm-vp8: 9c59270c3fd7afecdb556c50c9e8de78 -> 
  custom:audio-decoder-ogg-vorbis: bf7c407c2cedff20999df2af8eb42d56 -> 
========================================================================
Received Prepare
Registering precompiled user dll's ...
Registered in 0.001903 seconds.
Begin MonoManager ReloadAssembly
Symbol file LoadedFromMemory doesn't match image /Users/2A3Dm/Desktop/M14UnityDavid/Proyecto_Unity/Library/PackageCache/com.unity.visualscripting@1.8.0/Editor/VisualScripting.Core/Dependencies/YamlDotNet/Unity.VisualScripting.YamlDotNet.dll
Symbol file LoadedFromMemory doesn't match image /Users/2A3Dm/Desktop/M14UnityDavid/Proyecto_Unity/Library/PackageCache/com.unity.visualscripting@1.8.0/Editor/VisualScripting.Core/Dependencies/DotNetZip/Unity.VisualScripting.IonicZip.dll
Native extension for OSXStandalone target not found
Refreshing native plugins compatible for Editor in 1.16 ms, found 2 plugins.
Preloading 0 native plugins for Editor in 0.00 ms.
Mono: successfully reloaded assembly
- Completed reload, in  2.895 seconds
Domain Reload Profiling:
	ReloadAssembly (2897ms)
		BeginReloadAssembly (460ms)
			ExecutionOrderSort (0ms)
			DisableScriptedObjects (42ms)
			BackupInstance (0ms)
			ReleaseScriptingObjects (0ms)
			CreateAndSetChildDomain (94ms)
		EndReloadAssembly (2170ms)
			LoadAssemblies (245ms)
			RebuildTransferFunctionScriptingTraits (0ms)
			SetupTypeCache (346ms)
			ReleaseScriptCaches (12ms)
			RebuildScriptCaches (58ms)
			SetupLoadedEditorAssemblies (1437ms)
				LogAssemblyErrors (0ms)
				InitializePlatformSupportModulesInManaged (16ms)
				SetLoadedEditorAssemblies (1ms)
				RefreshPlugins (1ms)
				BeforeProcessingInitializeOnLoad (133ms)
				ProcessInitializeOnLoadAttributes (1031ms)
				ProcessInitializeOnLoadMethodAttributes (252ms)
				AfterProcessingInitializeOnLoad (2ms)
				EditorAssembliesLoaded (0ms)
			ExecutionOrderSort2 (0ms)
			AwakeInstancesAfterBackupRestoration (11ms)
Platform modules already initialized, skipping
Refreshing native plugins compatible for Editor in 1.72 ms, found 2 plugins.
Preloading 0 native plugins for Editor in 0.00 ms.
Unloading 4418 Unused Serialized files (Serialized files now loaded: 0)
Unloading 24 unused Assets / (0.6 MB). Loaded Objects now: 4985.
Memory consumption went from 172.4 MB to 171.8 MB.
Total: 6.120458 ms (FindLiveObjects: 0.630667 ms CreateObjectMapping: 0.206666 ms MarkObjects: 4.862209 ms  DeleteObjects: 0.419542 ms)

AssetImportParameters requested are different than current active one (requested -> active):
  custom:video-decoder-ogg-theora: a1e56fd34408186e4bbccfd4996cb3dc -> 
  custom:container-muxer-webm: aa71ff27fc2769a1b78a27578f13a17b -> 
  custom:container-demuxer-webm: 4f35f7cbe854078d1ac9338744f61a02 -> 
  custom:video-encoder-webm-vp8: eb34c28f22e8b96e1ab97ce403110664 -> 
  custom:framework-osx-AVFoundation: e770b220cccbd017edd2c1fefb359320 -> 
  custom:audio-encoder-webm-vorbis: bf7c407c2cedff20999df2af8eb42d56 -> 
  custom:container-demuxer-ogg: 62fdf1f143b41e24485cea50d1cbac27 -> 
  custom:video-decoder-webm-vp8: 9c59270c3fd7afecdb556c50c9e8de78 -> 
  custom:audio-decoder-ogg-vorbis: bf7c407c2cedff20999df2af8eb42d56 -> 
========================================================================
Received Prepare
Registering precompiled user dll's ...
Registered in 0.002039 seconds.
Begin MonoManager ReloadAssembly
Symbol file LoadedFromMemory doesn't match image /Users/2A3Dm/Desktop/M14UnityDavid/Proyecto_Unity/Library/PackageCache/com.unity.visualscripting@1.8.0/Editor/VisualScripting.Core/Dependencies/YamlDotNet/Unity.VisualScripting.YamlDotNet.dll
Symbol file LoadedFromMemory doesn't match image /Users/2A3Dm/Desktop/M14UnityDavid/Proyecto_Unity/Library/PackageCache/com.unity.visualscripting@1.8.0/Editor/VisualScripting.Core/Dependencies/DotNetZip/Unity.VisualScripting.IonicZip.dll
Native extension for OSXStandalone target not found
Refreshing native plugins compatible for Editor in 1.33 ms, found 2 plugins.
Preloading 0 native plugins for Editor in 0.00 ms.
Mono: successfully reloaded assembly
- Completed reload, in  2.880 seconds
Domain Reload Profiling:
	ReloadAssembly (2883ms)
		BeginReloadAssembly (421ms)
			ExecutionOrderSort (0ms)
			DisableScriptedObjects (50ms)
			BackupInstance (0ms)
			ReleaseScriptingObjects (0ms)
			CreateAndSetChildDomain (92ms)
		EndReloadAssembly (2179ms)
			LoadAssemblies (238ms)
			RebuildTransferFunctionScriptingTraits (0ms)
			SetupTypeCache (354ms)
			ReleaseScriptCaches (9ms)
			RebuildScriptCaches (72ms)
			SetupLoadedEditorAssemblies (1389ms)
				LogAssemblyErrors (0ms)
				InitializePlatformSupportModulesInManaged (16ms)
				SetLoadedEditorAssemblies (3ms)
				RefreshPlugins (1ms)
				BeforeProcessingInitializeOnLoad (137ms)
				ProcessInitializeOnLoadAttributes (940ms)
				ProcessInitializeOnLoadMethodAttributes (290ms)
				AfterProcessingInitializeOnLoad (1ms)
				EditorAssembliesLoaded (1ms)
			ExecutionOrderSort2 (0ms)
			AwakeInstancesAfterBackupRestoration (16ms)
Platform modules already initialized, skipping
Refreshing native plugins compatible for Editor in 2.62 ms, found 2 plugins.
Preloading 0 native plugins for Editor in 0.00 ms.
Unloading 4418 Unused Serialized files (Serialized files now loaded: 0)
Unloading 24 unused Assets / (0.6 MB). Loaded Objects now: 4988.
Memory consumption went from 172.4 MB to 171.8 MB.
Total: 5.271209 ms (FindLiveObjects: 0.387708 ms CreateObjectMapping: 0.179250 ms MarkObjects: 4.387250 ms  DeleteObjects: 0.315750 ms)

AssetImportParameters requested are different than current active one (requested -> active):
  custom:video-decoder-ogg-theora: a1e56fd34408186e4bbccfd4996cb3dc -> 
  custom:container-muxer-webm: aa71ff27fc2769a1b78a27578f13a17b -> 
  custom:container-demuxer-webm: 4f35f7cbe854078d1ac9338744f61a02 -> 
  custom:video-encoder-webm-vp8: eb34c28f22e8b96e1ab97ce403110664 -> 
  custom:framework-osx-AVFoundation: e770b220cccbd017edd2c1fefb359320 -> 
  custom:audio-encoder-webm-vorbis: bf7c407c2cedff20999df2af8eb42d56 -> 
  custom:container-demuxer-ogg: 62fdf1f143b41e24485cea50d1cbac27 -> 
  custom:video-decoder-webm-vp8: 9c59270c3fd7afecdb556c50c9e8de78 -> 
  custom:audio-decoder-ogg-vorbis: bf7c407c2cedff20999df2af8eb42d56 -> 
========================================================================
Received Prepare
Registering precompiled user dll's ...
Registered in 0.002107 seconds.
Begin MonoManager ReloadAssembly
Symbol file LoadedFromMemory doesn't match image /Users/2A3Dm/Desktop/M14UnityDavid/Proyecto_Unity/Library/PackageCache/com.unity.visualscripting@1.8.0/Editor/VisualScripting.Core/Dependencies/YamlDotNet/Unity.VisualScripting.YamlDotNet.dll
Symbol file LoadedFromMemory doesn't match image /Users/2A3Dm/Desktop/M14UnityDavid/Proyecto_Unity/Library/PackageCache/com.unity.visualscripting@1.8.0/Editor/VisualScripting.Core/Dependencies/DotNetZip/Unity.VisualScripting.IonicZip.dll
Native extension for OSXStandalone target not found
Refreshing native plugins compatible for Editor in 0.99 ms, found 2 plugins.
Preloading 0 native plugins for Editor in 0.00 ms.
Mono: successfully reloaded assembly
- Completed reload, in  2.779 seconds
Domain Reload Profiling:
	ReloadAssembly (2781ms)
		BeginReloadAssembly (379ms)
			ExecutionOrderSort (0ms)
			DisableScriptedObjects (39ms)
			BackupInstance (0ms)
			ReleaseScriptingObjects (0ms)
			CreateAndSetChildDomain (105ms)
		EndReloadAssembly (2171ms)
			LoadAssemblies (200ms)
			RebuildTransferFunctionScriptingTraits (0ms)
			SetupTypeCache (344ms)
			ReleaseScriptCaches (5ms)
			RebuildScriptCaches (60ms)
			SetupLoadedEditorAssemblies (1374ms)
				LogAssemblyErrors (0ms)
				InitializePlatformSupportModulesInManaged (15ms)
				SetLoadedEditorAssemblies (1ms)
				RefreshPlugins (1ms)
				BeforeProcessingInitializeOnLoad (137ms)
				ProcessInitializeOnLoadAttributes (938ms)
				ProcessInitializeOnLoadMethodAttributes (280ms)
				AfterProcessingInitializeOnLoad (1ms)
				EditorAssembliesLoaded (0ms)
			ExecutionOrderSort2 (0ms)
			AwakeInstancesAfterBackupRestoration (12ms)
Platform modules already initialized, skipping
Refreshing native plugins compatible for Editor in 2.13 ms, found 2 plugins.
Preloading 0 native plugins for Editor in 0.00 ms.
Unloading 4418 Unused Serialized files (Serialized files now loaded: 0)
Unloading 24 unused Assets / (0.6 MB). Loaded Objects now: 4991.
Memory consumption went from 172.2 MB to 171.6 MB.
Total: 5.823167 ms (FindLiveObjects: 0.338542 ms CreateObjectMapping: 0.156250 ms MarkObjects: 4.644750 ms  DeleteObjects: 0.681334 ms)

AssetImportParameters requested are different than current active one (requested -> active):
  custom:video-decoder-ogg-theora: a1e56fd34408186e4bbccfd4996cb3dc -> 
  custom:container-muxer-webm: aa71ff27fc2769a1b78a27578f13a17b -> 
  custom:container-demuxer-webm: 4f35f7cbe854078d1ac9338744f61a02 -> 
  custom:video-encoder-webm-vp8: eb34c28f22e8b96e1ab97ce403110664 -> 
  custom:framework-osx-AVFoundation: e770b220cccbd017edd2c1fefb359320 -> 
  custom:audio-encoder-webm-vorbis: bf7c407c2cedff20999df2af8eb42d56 -> 
  custom:container-demuxer-ogg: 62fdf1f143b41e24485cea50d1cbac27 -> 
  custom:video-decoder-webm-vp8: 9c59270c3fd7afecdb556c50c9e8de78 -> 
  custom:audio-decoder-ogg-vorbis: bf7c407c2cedff20999df2af8eb42d56 -> 
========================================================================
Received Prepare
Registering precompiled user dll's ...
Registered in 0.002028 seconds.
Begin MonoManager ReloadAssembly
Symbol file LoadedFromMemory doesn't match image /Users/2A3Dm/Desktop/M14UnityDavid/Proyecto_Unity/Library/PackageCache/com.unity.visualscripting@1.8.0/Editor/VisualScripting.Core/Dependencies/YamlDotNet/Unity.VisualScripting.YamlDotNet.dll
Symbol file LoadedFromMemory doesn't match image /Users/2A3Dm/Desktop/M14UnityDavid/Proyecto_Unity/Library/PackageCache/com.unity.visualscripting@1.8.0/Editor/VisualScripting.Core/Dependencies/DotNetZip/Unity.VisualScripting.IonicZip.dll
Native extension for OSXStandalone target not found
Refreshing native plugins compatible for Editor in 1.25 ms, found 2 plugins.
Preloading 0 native plugins for Editor in 0.00 ms.
Mono: successfully reloaded assembly
- Completed reload, in  3.209 seconds
Domain Reload Profiling:
	ReloadAssembly (3212ms)
		BeginReloadAssembly (321ms)
			ExecutionOrderSort (0ms)
			DisableScriptedObjects (42ms)
			BackupInstance (0ms)
			ReleaseScriptingObjects (0ms)
			CreateAndSetChildDomain (81ms)
		EndReloadAssembly (2628ms)
			LoadAssemblies (197ms)
			RebuildTransferFunctionScriptingTraits (0ms)
			SetupTypeCache (362ms)
			ReleaseScriptCaches (5ms)
			RebuildScriptCaches (71ms)
			SetupLoadedEditorAssemblies (1744ms)
				LogAssemblyErrors (0ms)
				InitializePlatformSupportModulesInManaged (20ms)
				SetLoadedEditorAssemblies (2ms)
				RefreshPlugins (1ms)
				BeforeProcessingInitializeOnLoad (170ms)
				ProcessInitializeOnLoadAttributes (1221ms)
				ProcessInitializeOnLoadMethodAttributes (328ms)
				AfterProcessingInitializeOnLoad (2ms)
				EditorAssembliesLoaded (1ms)
			ExecutionOrderSort2 (0ms)
			AwakeInstancesAfterBackupRestoration (14ms)
Platform modules already initialized, skipping
Refreshing native plugins compatible for Editor in 2.09 ms, found 2 plugins.
Preloading 0 native plugins for Editor in 0.00 ms.
Unloading 4418 Unused Serialized files (Serialized files now loaded: 0)
Unloading 24 unused Assets / (0.6 MB). Loaded Objects now: 4994.
Memory consumption went from 172.4 MB to 171.8 MB.
Total: 3.455084 ms (FindLiveObjects: 0.322792 ms CreateObjectMapping: 0.150375 ms MarkObjects: 2.694959 ms  DeleteObjects: 0.285917 ms)

AssetImportParameters requested are different than current active one (requested -> active):
  custom:video-decoder-ogg-theora: a1e56fd34408186e4bbccfd4996cb3dc -> 
  custom:container-muxer-webm: aa71ff27fc2769a1b78a27578f13a17b -> 
  custom:container-demuxer-webm: 4f35f7cbe854078d1ac9338744f61a02 -> 
  custom:video-encoder-webm-vp8: eb34c28f22e8b96e1ab97ce403110664 -> 
  custom:framework-osx-AVFoundation: e770b220cccbd017edd2c1fefb359320 -> 
  custom:audio-encoder-webm-vorbis: bf7c407c2cedff20999df2af8eb42d56 -> 
  custom:container-demuxer-ogg: 62fdf1f143b41e24485cea50d1cbac27 -> 
  custom:video-decoder-webm-vp8: 9c59270c3fd7afecdb556c50c9e8de78 -> 
  custom:audio-decoder-ogg-vorbis: bf7c407c2cedff20999df2af8eb42d56 -> 
========================================================================
Received Prepare
Registering precompiled user dll's ...
Registered in 0.002048 seconds.
Begin MonoManager ReloadAssembly
Symbol file LoadedFromMemory doesn't match image /Users/2A3Dm/Desktop/M14UnityDavid/Proyecto_Unity/Library/PackageCache/com.unity.visualscripting@1.8.0/Editor/VisualScripting.Core/Dependencies/YamlDotNet/Unity.VisualScripting.YamlDotNet.dll
Symbol file LoadedFromMemory doesn't match image /Users/2A3Dm/Desktop/M14UnityDavid/Proyecto_Unity/Library/PackageCache/com.unity.visualscripting@1.8.0/Editor/VisualScripting.Core/Dependencies/DotNetZip/Unity.VisualScripting.IonicZip.dll
Native extension for OSXStandalone target not found
Refreshing native plugins compatible for Editor in 2.48 ms, found 2 plugins.
Preloading 0 native plugins for Editor in 0.00 ms.
Mono: successfully reloaded assembly
- Completed reload, in  2.817 seconds
Domain Reload Profiling:
	ReloadAssembly (2820ms)
		BeginReloadAssembly (391ms)
			ExecutionOrderSort (0ms)
			DisableScriptedObjects (42ms)
			BackupInstance (0ms)
			ReleaseScriptingObjects (0ms)
			CreateAndSetChildDomain (121ms)
		EndReloadAssembly (2172ms)
			LoadAssemblies (194ms)
			RebuildTransferFunctionScriptingTraits (0ms)
			SetupTypeCache (361ms)
			ReleaseScriptCaches (5ms)
			RebuildScriptCaches (60ms)
			SetupLoadedEditorAssemblies (1404ms)
				LogAssemblyErrors (0ms)
				InitializePlatformSupportModulesInManaged (22ms)
				SetLoadedEditorAssemblies (3ms)
				RefreshPlugins (3ms)
				BeforeProcessingInitializeOnLoad (141ms)
				ProcessInitializeOnLoadAttributes (978ms)
				ProcessInitializeOnLoadMethodAttributes (255ms)
				AfterProcessingInitializeOnLoad (1ms)
				EditorAssembliesLoaded (0ms)
			ExecutionOrderSort2 (0ms)
			AwakeInstancesAfterBackupRestoration (13ms)
Platform modules already initialized, skipping
Refreshing native plugins compatible for Editor in 1.79 ms, found 2 plugins.
Preloading 0 native plugins for Editor in 0.00 ms.
Unloading 4418 Unused Serialized files (Serialized files now loaded: 0)
Unloading 24 unused Assets / (0.6 MB). Loaded Objects now: 4997.
Memory consumption went from 172.4 MB to 171.8 MB.
Total: 3.723375 ms (FindLiveObjects: 0.297250 ms CreateObjectMapping: 0.154334 ms MarkObjects: 2.914791 ms  DeleteObjects: 0.355750 ms)

AssetImportParameters requested are different than current active one (requested -> active):
  custom:video-decoder-ogg-theora: a1e56fd34408186e4bbccfd4996cb3dc -> 
  custom:container-muxer-webm: aa71ff27fc2769a1b78a27578f13a17b -> 
  custom:container-demuxer-webm: 4f35f7cbe854078d1ac9338744f61a02 -> 
  custom:video-encoder-webm-vp8: eb34c28f22e8b96e1ab97ce403110664 -> 
  custom:framework-osx-AVFoundation: e770b220cccbd017edd2c1fefb359320 -> 
  custom:audio-encoder-webm-vorbis: bf7c407c2cedff20999df2af8eb42d56 -> 
  custom:container-demuxer-ogg: 62fdf1f143b41e24485cea50d1cbac27 -> 
  custom:video-decoder-webm-vp8: 9c59270c3fd7afecdb556c50c9e8de78 -> 
  custom:audio-decoder-ogg-vorbis: bf7c407c2cedff20999df2af8eb42d56 -> 
========================================================================
Received Prepare
Registering precompiled user dll's ...
Registered in 0.001847 seconds.
Begin MonoManager ReloadAssembly
Symbol file LoadedFromMemory doesn't match image /Users/2A3Dm/Desktop/M14UnityDavid/Proyecto_Unity/Library/PackageCache/com.unity.visualscripting@1.8.0/Editor/VisualScripting.Core/Dependencies/YamlDotNet/Unity.VisualScripting.YamlDotNet.dll
Symbol file LoadedFromMemory doesn't match image /Users/2A3Dm/Desktop/M14UnityDavid/Proyecto_Unity/Library/PackageCache/com.unity.visualscripting@1.8.0/Editor/VisualScripting.Core/Dependencies/DotNetZip/Unity.VisualScripting.IonicZip.dll
Native extension for OSXStandalone target not found
Refreshing native plugins compatible for Editor in 6.48 ms, found 2 plugins.
Preloading 0 native plugins for Editor in 0.00 ms.
Mono: successfully reloaded assembly
- Completed reload, in  3.092 seconds
Domain Reload Profiling:
	ReloadAssembly (3096ms)
		BeginReloadAssembly (368ms)
			ExecutionOrderSort (0ms)
			DisableScriptedObjects (40ms)
			BackupInstance (0ms)
			ReleaseScriptingObjects (0ms)
			CreateAndSetChildDomain (103ms)
		EndReloadAssembly (2515ms)
			LoadAssemblies (179ms)
			RebuildTransferFunctionScriptingTraits (0ms)
			SetupTypeCache (402ms)
			ReleaseScriptCaches (11ms)
			RebuildScriptCaches (91ms)
			SetupLoadedEditorAssemblies (1640ms)
				LogAssemblyErrors (0ms)
				InitializePlatformSupportModulesInManaged (23ms)
				SetLoadedEditorAssemblies (3ms)
				RefreshPlugins (7ms)
				BeforeProcessingInitializeOnLoad (183ms)
				ProcessInitializeOnLoadAttributes (1179ms)
				ProcessInitializeOnLoadMethodAttributes (244ms)
				AfterProcessingInitializeOnLoad (1ms)
				EditorAssembliesLoaded (0ms)
			ExecutionOrderSort2 (0ms)
			AwakeInstancesAfterBackupRestoration (11ms)
Platform modules already initialized, skipping
Refreshing native plugins compatible for Editor in 1.25 ms, found 2 plugins.
Preloading 0 native plugins for Editor in 0.00 ms.
Unloading 4418 Unused Serialized files (Serialized files now loaded: 0)
Unloading 24 unused Assets / (0.6 MB). Loaded Objects now: 5000.
Memory consumption went from 172.4 MB to 171.8 MB.
Total: 3.429709 ms (FindLiveObjects: 0.289292 ms CreateObjectMapping: 0.149000 ms MarkObjects: 2.711041 ms  DeleteObjects: 0.279500 ms)

AssetImportParameters requested are different than current active one (requested -> active):
  custom:video-decoder-ogg-theora: a1e56fd34408186e4bbccfd4996cb3dc -> 
  custom:container-muxer-webm: aa71ff27fc2769a1b78a27578f13a17b -> 
  custom:container-demuxer-webm: 4f35f7cbe854078d1ac9338744f61a02 -> 
  custom:video-encoder-webm-vp8: eb34c28f22e8b96e1ab97ce403110664 -> 
  custom:framework-osx-AVFoundation: e770b220cccbd017edd2c1fefb359320 -> 
  custom:audio-encoder-webm-vorbis: bf7c407c2cedff20999df2af8eb42d56 -> 
  custom:container-demuxer-ogg: 62fdf1f143b41e24485cea50d1cbac27 -> 
  custom:video-decoder-webm-vp8: 9c59270c3fd7afecdb556c50c9e8de78 -> 
  custom:audio-decoder-ogg-vorbis: bf7c407c2cedff20999df2af8eb42d56 -> 
========================================================================
Received Prepare
Registering precompiled user dll's ...
Registered in 0.001674 seconds.
Begin MonoManager ReloadAssembly
Symbol file LoadedFromMemory doesn't match image /Users/2A3Dm/Desktop/M14UnityDavid/Proyecto_Unity/Library/PackageCache/com.unity.visualscripting@1.8.0/Editor/VisualScripting.Core/Dependencies/YamlDotNet/Unity.VisualScripting.YamlDotNet.dll
Symbol file LoadedFromMemory doesn't match image /Users/2A3Dm/Desktop/M14UnityDavid/Proyecto_Unity/Library/PackageCache/com.unity.visualscripting@1.8.0/Editor/VisualScripting.Core/Dependencies/DotNetZip/Unity.VisualScripting.IonicZip.dll
Native extension for OSXStandalone target not found
Refreshing native plugins compatible for Editor in 0.86 ms, found 2 plugins.
Preloading 0 native plugins for Editor in 0.00 ms.
Mono: successfully reloaded assembly
- Completed reload, in  2.899 seconds
Domain Reload Profiling:
	ReloadAssembly (2901ms)
		BeginReloadAssembly (408ms)
			ExecutionOrderSort (0ms)
			DisableScriptedObjects (46ms)
			BackupInstance (0ms)
			ReleaseScriptingObjects (0ms)
			CreateAndSetChildDomain (123ms)
		EndReloadAssembly (2234ms)
			LoadAssemblies (203ms)
			RebuildTransferFunctionScriptingTraits (0ms)
			SetupTypeCache (422ms)
			ReleaseScriptCaches (2ms)
			RebuildScriptCaches (62ms)
			SetupLoadedEditorAssemblies (1397ms)
				LogAssemblyErrors (0ms)
				InitializePlatformSupportModulesInManaged (14ms)
				SetLoadedEditorAssemblies (1ms)
				RefreshPlugins (1ms)
				BeforeProcessingInitializeOnLoad (140ms)
				ProcessInitializeOnLoadAttributes (994ms)
				ProcessInitializeOnLoadMethodAttributes (245ms)
				AfterProcessingInitializeOnLoad (2ms)
				EditorAssembliesLoaded (0ms)
			ExecutionOrderSort2 (0ms)
			AwakeInstancesAfterBackupRestoration (11ms)
Platform modules already initialized, skipping
Refreshing native plugins compatible for Editor in 2.16 ms, found 2 plugins.
Preloading 0 native plugins for Editor in 0.00 ms.
Unloading 4418 Unused Serialized files (Serialized files now loaded: 0)
Unloading 24 unused Assets / (0.6 MB). Loaded Objects now: 5003.
Memory consumption went from 172.4 MB to 171.9 MB.
Total: 5.328292 ms (FindLiveObjects: 0.372083 ms CreateObjectMapping: 0.164041 ms MarkObjects: 4.433625 ms  DeleteObjects: 0.357500 ms)

AssetImportParameters requested are different than current active one (requested -> active):
  custom:video-decoder-ogg-theora: a1e56fd34408186e4bbccfd4996cb3dc -> 
  custom:container-muxer-webm: aa71ff27fc2769a1b78a27578f13a17b -> 
  custom:container-demuxer-webm: 4f35f7cbe854078d1ac9338744f61a02 -> 
  custom:video-encoder-webm-vp8: eb34c28f22e8b96e1ab97ce403110664 -> 
  custom:framework-osx-AVFoundation: e770b220cccbd017edd2c1fefb359320 -> 
  custom:audio-encoder-webm-vorbis: bf7c407c2cedff20999df2af8eb42d56 -> 
  custom:container-demuxer-ogg: 62fdf1f143b41e24485cea50d1cbac27 -> 
  custom:video-decoder-webm-vp8: 9c59270c3fd7afecdb556c50c9e8de78 -> 
  custom:audio-decoder-ogg-vorbis: bf7c407c2cedff20999df2af8eb42d56 -> 
========================================================================
Received Import Request.
  Time since last request: 3301.648350 seconds.
  path: Assets/ImportsFBX/Estrella.fbx
  artifactKey: Guid(3b7bbb5288d75404e8053380586f9e04) Importer(815301076,1909f56bfc062723c751e8b465ee728b)
Start importing Assets/ImportsFBX/Estrella.fbx using Guid(3b7bbb5288d75404e8053380586f9e04) Importer(815301076,1909f56bfc062723c751e8b465ee728b)  -> (artifact id: 'd5a3196ba5dc7cdffff992c9b6e5bc9d') in 0.671367 seconds 
========================================================================
Received Import Request.
  Time since last request: 0.000626 seconds.
  path: Assets/ImportsFBX/Nivel 4 texturizado.prefab
  artifactKey: Guid(24378fd44f365014aaf1338f3d80a3bb) Importer(815301076,1909f56bfc062723c751e8b465ee728b)
Start importing Assets/ImportsFBX/Nivel 4 texturizado.prefab using Guid(24378fd44f365014aaf1338f3d80a3bb) Importer(815301076,1909f56bfc062723c751e8b465ee728b)  -> (artifact id: 'b5ab7114a41b642ce8de31c3a49d4608') in 0.147243 seconds 
========================================================================
Received Import Request.
  Time since last request: 0.000152 seconds.
  path: Assets/ImportsFBX/MainMenu.prefab
  artifactKey: Guid(94324008e602d5c42a5b1a1daf5d535d) Importer(815301076,1909f56bfc062723c751e8b465ee728b)
Start importing Assets/ImportsFBX/MainMenu.prefab using Guid(94324008e602d5c42a5b1a1daf5d535d) Importer(815301076,1909f56bfc062723c751e8b465ee728b)  -> (artifact id: 'd304168c5faa6920af62e37434122f58') in 0.183952 seconds 
========================================================================
Received Import Request.
  Time since last request: 0.000099 seconds.
  path: Assets/ImportsFBX/Nivel 4 texturizado.fbx
  artifactKey: Guid(017e8e7890c2be74a81371e40c863e0a) Importer(815301076,1909f56bfc062723c751e8b465ee728b)
Start importing Assets/ImportsFBX/Nivel 4 texturizado.fbx using Guid(017e8e7890c2be74a81371e40c863e0a) Importer(815301076,1909f56bfc062723c751e8b465ee728b)  -> (artifact id: '6977f9a5b255e5dcce5de4db630d3472') in 0.976525 seconds 
========================================================================
Received Import Request.
  Time since last request: 0.000117 seconds.
  path: Assets/ImportsFBX/Heart-Love-Transparent-Background.png
  artifactKey: Guid(376d94cd50c2e450bbe7f097e636d968) Importer(815301076,1909f56bfc062723c751e8b465ee728b)
Start importing Assets/ImportsFBX/Heart-Love-Transparent-Background.png using Guid(376d94cd50c2e450bbe7f097e636d968) Importer(815301076,1909f56bfc062723c751e8b465ee728b)  -> (artifact id: '8a13ebd2f98460fd51b3e5a0fc9d2199') in 0.720075 seconds 
========================================================================
Received Import Request.
  Time since last request: 6.781788 seconds.
  path: Assets/Dynamic Grass FX/Grass Material.mat
  artifactKey: Guid(398e375eea068974d8413ce961f68a52) Importer(815301076,1909f56bfc062723c751e8b465ee728b)
Start importing Assets/Dynamic Grass FX/Grass Material.mat using Guid(398e375eea068974d8413ce961f68a52) Importer(815301076,1909f56bfc062723c751e8b465ee728b)  -> (artifact id: '38a999dae7d5c1f05fa6c8a82d954acb') in 0.211455 seconds 
========================================================================
Received Prepare
Registering precompiled user dll's ...
Registered in 0.001689 seconds.
Begin MonoManager ReloadAssembly
Symbol file LoadedFromMemory doesn't match image /Users/2A3Dm/Desktop/M14UnityDavid/Proyecto_Unity/Library/PackageCache/com.unity.visualscripting@1.8.0/Editor/VisualScripting.Core/Dependencies/YamlDotNet/Unity.VisualScripting.YamlDotNet.dll
Symbol file LoadedFromMemory doesn't match image /Users/2A3Dm/Desktop/M14UnityDavid/Proyecto_Unity/Library/PackageCache/com.unity.visualscripting@1.8.0/Editor/VisualScripting.Core/Dependencies/DotNetZip/Unity.VisualScripting.IonicZip.dll
Native extension for OSXStandalone target not found
Refreshing native plugins compatible for Editor in 1.11 ms, found 2 plugins.
Preloading 0 native plugins for Editor in 0.00 ms.
Mono: successfully reloaded assembly
- Completed reload, in  3.185 seconds
Domain Reload Profiling:
	ReloadAssembly (3188ms)
		BeginReloadAssembly (447ms)
			ExecutionOrderSort (0ms)
			DisableScriptedObjects (40ms)
			BackupInstance (0ms)
			ReleaseScriptingObjects (0ms)
			CreateAndSetChildDomain (154ms)
		EndReloadAssembly (2511ms)
			LoadAssemblies (231ms)
			RebuildTransferFunctionScriptingTraits (0ms)
			SetupTypeCache (355ms)
			ReleaseScriptCaches (4ms)
			RebuildScriptCaches (57ms)
			SetupLoadedEditorAssemblies (1715ms)
				LogAssemblyErrors (0ms)
				InitializePlatformSupportModulesInManaged (15ms)
				SetLoadedEditorAssemblies (1ms)
				RefreshPlugins (1ms)
				BeforeProcessingInitializeOnLoad (142ms)
				ProcessInitializeOnLoadAttributes (1271ms)
				ProcessInitializeOnLoadMethodAttributes (282ms)
				AfterProcessingInitializeOnLoad (2ms)
				EditorAssembliesLoaded (0ms)
			ExecutionOrderSort2 (0ms)
			AwakeInstancesAfterBackupRestoration (17ms)
Platform modules already initialized, skipping
Refreshing native plugins compatible for Editor in 1.96 ms, found 2 plugins.
Preloading 0 native plugins for Editor in 0.00 ms.
Unloading 4418 Unused Serialized files (Serialized files now loaded: 0)
Unloading 24 unused Assets / (0.6 MB). Loaded Objects now: 5056.
Memory consumption went from 191.7 MB to 191.1 MB.
Total: 5.549625 ms (FindLiveObjects: 0.342875 ms CreateObjectMapping: 0.159667 ms MarkObjects: 4.658250 ms  DeleteObjects: 0.387583 ms)

AssetImportParameters requested are different than current active one (requested -> active):
  custom:video-decoder-ogg-theora: a1e56fd34408186e4bbccfd4996cb3dc -> 
  custom:container-muxer-webm: aa71ff27fc2769a1b78a27578f13a17b -> 
  custom:container-demuxer-webm: 4f35f7cbe854078d1ac9338744f61a02 -> 
  custom:video-encoder-webm-vp8: eb34c28f22e8b96e1ab97ce403110664 -> 
  custom:framework-osx-AVFoundation: e770b220cccbd017edd2c1fefb359320 -> 
  custom:audio-encoder-webm-vorbis: bf7c407c2cedff20999df2af8eb42d56 -> 
  custom:container-demuxer-ogg: 62fdf1f143b41e24485cea50d1cbac27 -> 
  custom:video-decoder-webm-vp8: 9c59270c3fd7afecdb556c50c9e8de78 -> 
  custom:audio-decoder-ogg-vorbis: bf7c407c2cedff20999df2af8eb42d56 -> 
========================================================================
Received Prepare
Registering precompiled user dll's ...
Registered in 0.001942 seconds.
Begin MonoManager ReloadAssembly
Symbol file LoadedFromMemory doesn't match image /Users/2A3Dm/Desktop/M14UnityDavid/Proyecto_Unity/Library/PackageCache/com.unity.visualscripting@1.8.0/Editor/VisualScripting.Core/Dependencies/YamlDotNet/Unity.VisualScripting.YamlDotNet.dll
Symbol file LoadedFromMemory doesn't match image /Users/2A3Dm/Desktop/M14UnityDavid/Proyecto_Unity/Library/PackageCache/com.unity.visualscripting@1.8.0/Editor/VisualScripting.Core/Dependencies/DotNetZip/Unity.VisualScripting.IonicZip.dll
Native extension for OSXStandalone target not found
Refreshing native plugins compatible for Editor in 1.47 ms, found 2 plugins.
Preloading 0 native plugins for Editor in 0.00 ms.
Mono: successfully reloaded assembly
- Completed reload, in  3.471 seconds
Domain Reload Profiling:
	ReloadAssembly (3478ms)
		BeginReloadAssembly (433ms)
			ExecutionOrderSort (0ms)
			DisableScriptedObjects (51ms)
			BackupInstance (0ms)
			ReleaseScriptingObjects (0ms)
			CreateAndSetChildDomain (98ms)
		EndReloadAssembly (2812ms)
			LoadAssemblies (218ms)
			RebuildTransferFunctionScriptingTraits (0ms)
			SetupTypeCache (422ms)
			ReleaseScriptCaches (4ms)
			RebuildScriptCaches (61ms)
			SetupLoadedEditorAssemblies (1938ms)
				LogAssemblyErrors (0ms)
				InitializePlatformSupportModulesInManaged (16ms)
				SetLoadedEditorAssemblies (1ms)
				RefreshPlugins (2ms)
				BeforeProcessingInitializeOnLoad (167ms)
				ProcessInitializeOnLoadAttributes (1411ms)
				ProcessInitializeOnLoadMethodAttributes (337ms)
				AfterProcessingInitializeOnLoad (3ms)
				EditorAssembliesLoaded (1ms)
			ExecutionOrderSort2 (0ms)
			AwakeInstancesAfterBackupRestoration (23ms)
Platform modules already initialized, skipping
Refreshing native plugins compatible for Editor in 3.03 ms, found 2 plugins.
Preloading 0 native plugins for Editor in 0.00 ms.
Unloading 4418 Unused Serialized files (Serialized files now loaded: 0)
Unloading 24 unused Assets / (0.6 MB). Loaded Objects now: 5059.
Memory consumption went from 191.9 MB to 191.3 MB.
Total: 5.670459 ms (FindLiveObjects: 0.466375 ms CreateObjectMapping: 0.195958 ms MarkObjects: 4.426666 ms  DeleteObjects: 0.579792 ms)

AssetImportParameters requested are different than current active one (requested -> active):
  custom:video-decoder-ogg-theora: a1e56fd34408186e4bbccfd4996cb3dc -> 
  custom:container-muxer-webm: aa71ff27fc2769a1b78a27578f13a17b -> 
  custom:container-demuxer-webm: 4f35f7cbe854078d1ac9338744f61a02 -> 
  custom:video-encoder-webm-vp8: eb34c28f22e8b96e1ab97ce403110664 -> 
  custom:framework-osx-AVFoundation: e770b220cccbd017edd2c1fefb359320 -> 
  custom:audio-encoder-webm-vorbis: bf7c407c2cedff20999df2af8eb42d56 -> 
  custom:container-demuxer-ogg: 62fdf1f143b41e24485cea50d1cbac27 -> 
  custom:video-decoder-webm-vp8: 9c59270c3fd7afecdb556c50c9e8de78 -> 
  custom:audio-decoder-ogg-vorbis: bf7c407c2cedff20999df2af8eb42d56 -> 
========================================================================
Received Prepare
Registering precompiled user dll's ...
Registered in 0.002157 seconds.
Begin MonoManager ReloadAssembly
Symbol file LoadedFromMemory doesn't match image /Users/2A3Dm/Desktop/M14UnityDavid/Proyecto_Unity/Library/PackageCache/com.unity.visualscripting@1.8.0/Editor/VisualScripting.Core/Dependencies/YamlDotNet/Unity.VisualScripting.YamlDotNet.dll
Symbol file LoadedFromMemory doesn't match image /Users/2A3Dm/Desktop/M14UnityDavid/Proyecto_Unity/Library/PackageCache/com.unity.visualscripting@1.8.0/Editor/VisualScripting.Core/Dependencies/DotNetZip/Unity.VisualScripting.IonicZip.dll
Native extension for OSXStandalone target not found
Refreshing native plugins compatible for Editor in 1.49 ms, found 2 plugins.
Preloading 0 native plugins for Editor in 0.00 ms.
Mono: successfully reloaded assembly
- Completed reload, in  2.922 seconds
Domain Reload Profiling:
	ReloadAssembly (2924ms)
		BeginReloadAssembly (427ms)
			ExecutionOrderSort (0ms)
			DisableScriptedObjects (41ms)
			BackupInstance (0ms)
			ReleaseScriptingObjects (0ms)
			CreateAndSetChildDomain (113ms)
		EndReloadAssembly (2272ms)
			LoadAssemblies (241ms)
			RebuildTransferFunctionScriptingTraits (0ms)
			SetupTypeCache (401ms)
			ReleaseScriptCaches (16ms)
			RebuildScriptCaches (74ms)
			SetupLoadedEditorAssemblies (1429ms)
				LogAssemblyErrors (0ms)
				InitializePlatformSupportModulesInManaged (16ms)
				SetLoadedEditorAssemblies (1ms)
				RefreshPlugins (2ms)
				BeforeProcessingInitializeOnLoad (137ms)
				ProcessInitializeOnLoadAttributes (1025ms)
				ProcessInitializeOnLoadMethodAttributes (246ms)
				AfterProcessingInitializeOnLoad (1ms)
				EditorAssembliesLoaded (0ms)
			ExecutionOrderSort2 (0ms)
			AwakeInstancesAfterBackupRestoration (12ms)
Platform modules already initialized, skipping
Refreshing native plugins compatible for Editor in 2.13 ms, found 2 plugins.
Preloading 0 native plugins for Editor in 0.00 ms.
Unloading 4418 Unused Serialized files (Serialized files now loaded: 0)
Unloading 24 unused Assets / (0.6 MB). Loaded Objects now: 5062.
Memory consumption went from 191.9 MB to 191.3 MB.
Total: 5.414666 ms (FindLiveObjects: 0.336625 ms CreateObjectMapping: 0.184416 ms MarkObjects: 4.511375 ms  DeleteObjects: 0.381375 ms)

AssetImportParameters requested are different than current active one (requested -> active):
  custom:video-decoder-ogg-theora: a1e56fd34408186e4bbccfd4996cb3dc -> 
  custom:container-muxer-webm: aa71ff27fc2769a1b78a27578f13a17b -> 
  custom:container-demuxer-webm: 4f35f7cbe854078d1ac9338744f61a02 -> 
  custom:video-encoder-webm-vp8: eb34c28f22e8b96e1ab97ce403110664 -> 
  custom:framework-osx-AVFoundation: e770b220cccbd017edd2c1fefb359320 -> 
  custom:audio-encoder-webm-vorbis: bf7c407c2cedff20999df2af8eb42d56 -> 
  custom:container-demuxer-ogg: 62fdf1f143b41e24485cea50d1cbac27 -> 
  custom:video-decoder-webm-vp8: 9c59270c3fd7afecdb556c50c9e8de78 -> 
  custom:audio-decoder-ogg-vorbis: bf7c407c2cedff20999df2af8eb42d56 -> 
========================================================================
Received Prepare
Registering precompiled user dll's ...
Registered in 0.002179 seconds.
Begin MonoManager ReloadAssembly
Symbol file LoadedFromMemory doesn't match image /Users/2A3Dm/Desktop/M14UnityDavid/Proyecto_Unity/Library/PackageCache/com.unity.visualscripting@1.8.0/Editor/VisualScripting.Core/Dependencies/YamlDotNet/Unity.VisualScripting.YamlDotNet.dll
Symbol file LoadedFromMemory doesn't match image /Users/2A3Dm/Desktop/M14UnityDavid/Proyecto_Unity/Library/PackageCache/com.unity.visualscripting@1.8.0/Editor/VisualScripting.Core/Dependencies/DotNetZip/Unity.VisualScripting.IonicZip.dll
Native extension for OSXStandalone target not found
Refreshing native plugins compatible for Editor in 1.60 ms, found 2 plugins.
Preloading 0 native plugins for Editor in 0.00 ms.
Mono: successfully reloaded assembly
- Completed reload, in  3.229 seconds
Domain Reload Profiling:
	ReloadAssembly (3232ms)
		BeginReloadAssembly (440ms)
			ExecutionOrderSort (0ms)
			DisableScriptedObjects (50ms)
			BackupInstance (0ms)
			ReleaseScriptingObjects (0ms)
			CreateAndSetChildDomain (123ms)
		EndReloadAssembly (2535ms)
			LoadAssemblies (227ms)
			RebuildTransferFunctionScriptingTraits (0ms)
			SetupTypeCache (489ms)
			ReleaseScriptCaches (12ms)
			RebuildScriptCaches (85ms)
			SetupLoadedEditorAssemblies (1567ms)
				LogAssemblyErrors (0ms)
				InitializePlatformSupportModulesInManaged (19ms)
				SetLoadedEditorAssemblies (2ms)
				RefreshPlugins (2ms)
				BeforeProcessingInitializeOnLoad (159ms)
				ProcessInitializeOnLoadAttributes (1078ms)
				ProcessInitializeOnLoadMethodAttributes (307ms)
				AfterProcessingInitializeOnLoad (1ms)
				EditorAssembliesLoaded (0ms)
			ExecutionOrderSort2 (0ms)
			AwakeInstancesAfterBackupRestoration (11ms)
Platform modules already initialized, skipping
Refreshing native plugins compatible for Editor in 2.26 ms, found 2 plugins.
Preloading 0 native plugins for Editor in 0.00 ms.
Unloading 4418 Unused Serialized files (Serialized files now loaded: 0)
Unloading 24 unused Assets / (0.6 MB). Loaded Objects now: 5065.
Memory consumption went from 191.9 MB to 191.3 MB.
Total: 5.282542 ms (FindLiveObjects: 0.300708 ms CreateObjectMapping: 0.152542 ms MarkObjects: 4.445125 ms  DeleteObjects: 0.382834 ms)

AssetImportParameters requested are different than current active one (requested -> active):
  custom:video-decoder-ogg-theora: a1e56fd34408186e4bbccfd4996cb3dc -> 
  custom:container-muxer-webm: aa71ff27fc2769a1b78a27578f13a17b -> 
  custom:container-demuxer-webm: 4f35f7cbe854078d1ac9338744f61a02 -> 
  custom:video-encoder-webm-vp8: eb34c28f22e8b96e1ab97ce403110664 -> 
  custom:framework-osx-AVFoundation: e770b220cccbd017edd2c1fefb359320 -> 
  custom:audio-encoder-webm-vorbis: bf7c407c2cedff20999df2af8eb42d56 -> 
  custom:container-demuxer-ogg: 62fdf1f143b41e24485cea50d1cbac27 -> 
  custom:video-decoder-webm-vp8: 9c59270c3fd7afecdb556c50c9e8de78 -> 
  custom:audio-decoder-ogg-vorbis: bf7c407c2cedff20999df2af8eb42d56 -> 
========================================================================
Received Prepare
Registering precompiled user dll's ...
Registered in 0.002132 seconds.
Begin MonoManager ReloadAssembly
Symbol file LoadedFromMemory doesn't match image /Users/2A3Dm/Desktop/M14UnityDavid/Proyecto_Unity/Library/PackageCache/com.unity.visualscripting@1.8.0/Editor/VisualScripting.Core/Dependencies/YamlDotNet/Unity.VisualScripting.YamlDotNet.dll
Symbol file LoadedFromMemory doesn't match image /Users/2A3Dm/Desktop/M14UnityDavid/Proyecto_Unity/Library/PackageCache/com.unity.visualscripting@1.8.0/Editor/VisualScripting.Core/Dependencies/DotNetZip/Unity.VisualScripting.IonicZip.dll
Native extension for OSXStandalone target not found
Refreshing native plugins compatible for Editor in 2.54 ms, found 2 plugins.
Preloading 0 native plugins for Editor in 0.00 ms.
Mono: successfully reloaded assembly
- Completed reload, in  3.665 seconds
Domain Reload Profiling:
	ReloadAssembly (3668ms)
		BeginReloadAssembly (422ms)
			ExecutionOrderSort (0ms)
			DisableScriptedObjects (40ms)
			BackupInstance (0ms)
			ReleaseScriptingObjects (0ms)
			CreateAndSetChildDomain (132ms)
		EndReloadAssembly (3028ms)
			LoadAssemblies (212ms)
			RebuildTransferFunctionScriptingTraits (0ms)
			SetupTypeCache (371ms)
			ReleaseScriptCaches (17ms)
			RebuildScriptCaches (103ms)
			SetupLoadedEditorAssemblies (2020ms)
				LogAssemblyErrors (0ms)
				InitializePlatformSupportModulesInManaged (30ms)
				SetLoadedEditorAssemblies (2ms)
				RefreshPlugins (3ms)
				BeforeProcessingInitializeOnLoad (153ms)
				ProcessInitializeOnLoadAttributes (1283ms)
				ProcessInitializeOnLoadMethodAttributes (548ms)
				AfterProcessingInitializeOnLoad (2ms)
				EditorAssembliesLoaded (1ms)
			ExecutionOrderSort2 (0ms)
			AwakeInstancesAfterBackupRestoration (22ms)
Platform modules already initialized, skipping
Refreshing native plugins compatible for Editor in 2.24 ms, found 2 plugins.
Preloading 0 native plugins for Editor in 0.00 ms.
Unloading 4418 Unused Serialized files (Serialized files now loaded: 0)
Unloading 24 unused Assets / (0.6 MB). Loaded Objects now: 5068.
Memory consumption went from 191.9 MB to 191.3 MB.
Total: 14.857250 ms (FindLiveObjects: 0.653834 ms CreateObjectMapping: 0.179708 ms MarkObjects: 13.583041 ms  DeleteObjects: 0.439500 ms)

AssetImportParameters requested are different than current active one (requested -> active):
  custom:video-decoder-ogg-theora: a1e56fd34408186e4bbccfd4996cb3dc -> 
  custom:container-muxer-webm: aa71ff27fc2769a1b78a27578f13a17b -> 
  custom:container-demuxer-webm: 4f35f7cbe854078d1ac9338744f61a02 -> 
  custom:video-encoder-webm-vp8: eb34c28f22e8b96e1ab97ce403110664 -> 
  custom:framework-osx-AVFoundation: e770b220cccbd017edd2c1fefb359320 -> 
  custom:audio-encoder-webm-vorbis: bf7c407c2cedff20999df2af8eb42d56 -> 
  custom:container-demuxer-ogg: 62fdf1f143b41e24485cea50d1cbac27 -> 
  custom:video-decoder-webm-vp8: 9c59270c3fd7afecdb556c50c9e8de78 -> 
  custom:audio-decoder-ogg-vorbis: bf7c407c2cedff20999df2af8eb42d56 -> 
========================================================================
Received Prepare
Registering precompiled user dll's ...
Registered in 0.001729 seconds.
Begin MonoManager ReloadAssembly
Symbol file LoadedFromMemory doesn't match image /Users/2A3Dm/Desktop/M14UnityDavid/Proyecto_Unity/Library/PackageCache/com.unity.visualscripting@1.8.0/Editor/VisualScripting.Core/Dependencies/YamlDotNet/Unity.VisualScripting.YamlDotNet.dll
Symbol file LoadedFromMemory doesn't match image /Users/2A3Dm/Desktop/M14UnityDavid/Proyecto_Unity/Library/PackageCache/com.unity.visualscripting@1.8.0/Editor/VisualScripting.Core/Dependencies/DotNetZip/Unity.VisualScripting.IonicZip.dll
Native extension for OSXStandalone target not found
Refreshing native plugins compatible for Editor in 0.77 ms, found 2 plugins.
Preloading 0 native plugins for Editor in 0.00 ms.
Mono: successfully reloaded assembly
- Completed reload, in  2.976 seconds
Domain Reload Profiling:
	ReloadAssembly (2978ms)
		BeginReloadAssembly (356ms)
			ExecutionOrderSort (0ms)
			DisableScriptedObjects (38ms)
			BackupInstance (0ms)
			ReleaseScriptingObjects (0ms)
			CreateAndSetChildDomain (82ms)
		EndReloadAssembly (2411ms)
			LoadAssemblies (199ms)
			RebuildTransferFunctionScriptingTraits (0ms)
			SetupTypeCache (391ms)
			ReleaseScriptCaches (2ms)
			RebuildScriptCaches (55ms)
			SetupLoadedEditorAssemblies (1624ms)
				LogAssemblyErrors (0ms)
				InitializePlatformSupportModulesInManaged (17ms)
				SetLoadedEditorAssemblies (2ms)
				RefreshPlugins (1ms)
				BeforeProcessingInitializeOnLoad (144ms)
				ProcessInitializeOnLoadAttributes (1115ms)
				ProcessInitializeOnLoadMethodAttributes (344ms)
				AfterProcessingInitializeOnLoad (1ms)
				EditorAssembliesLoaded (0ms)
			ExecutionOrderSort2 (0ms)
			AwakeInstancesAfterBackupRestoration (11ms)
Platform modules already initialized, skipping
Refreshing native plugins compatible for Editor in 3.63 ms, found 2 plugins.
Preloading 0 native plugins for Editor in 0.00 ms.
Unloading 4418 Unused Serialized files (Serialized files now loaded: 0)
Unloading 24 unused Assets / (0.6 MB). Loaded Objects now: 5071.
Memory consumption went from 191.7 MB to 191.2 MB.
Total: 4.595125 ms (FindLiveObjects: 0.311417 ms CreateObjectMapping: 0.167416 ms MarkObjects: 3.763500 ms  DeleteObjects: 0.351834 ms)

AssetImportParameters requested are different than current active one (requested -> active):
  custom:video-decoder-ogg-theora: a1e56fd34408186e4bbccfd4996cb3dc -> 
  custom:container-muxer-webm: aa71ff27fc2769a1b78a27578f13a17b -> 
  custom:container-demuxer-webm: 4f35f7cbe854078d1ac9338744f61a02 -> 
  custom:video-encoder-webm-vp8: eb34c28f22e8b96e1ab97ce403110664 -> 
  custom:framework-osx-AVFoundation: e770b220cccbd017edd2c1fefb359320 -> 
  custom:audio-encoder-webm-vorbis: bf7c407c2cedff20999df2af8eb42d56 -> 
  custom:container-demuxer-ogg: 62fdf1f143b41e24485cea50d1cbac27 -> 
  custom:video-decoder-webm-vp8: 9c59270c3fd7afecdb556c50c9e8de78 -> 
  custom:audio-decoder-ogg-vorbis: bf7c407c2cedff20999df2af8eb42d56 -> 
========================================================================
Received Import Request.
  Time since last request: 1019.841529 seconds.
  path: Assets/Materials/Brown.002.mat
  artifactKey: Guid(fcda3fdf712d5f745b5974b70e74654c) Importer(815301076,1909f56bfc062723c751e8b465ee728b)
Start importing Assets/Materials/Brown.002.mat using Guid(fcda3fdf712d5f745b5974b70e74654c) Importer(815301076,1909f56bfc062723c751e8b465ee728b)  -> (artifact id: 'c8d16249ea843a0cc23459d16fb07041') in 0.506297 seconds 
========================================================================
Received Import Request.
  Time since last request: 0.000619 seconds.
  path: Assets/Materials/Brown.011.mat
  artifactKey: Guid(b861f00d2aa7fc345b2c580703ae1b25) Importer(815301076,1909f56bfc062723c751e8b465ee728b)
Start importing Assets/Materials/Brown.011.mat using Guid(b861f00d2aa7fc345b2c580703ae1b25) Importer(815301076,1909f56bfc062723c751e8b465ee728b)  -> (artifact id: '3c503147bcbfd766c1be2edae09d8343') in 0.063217 seconds 
========================================================================
Received Import Request.
  Time since last request: 0.000089 seconds.
  path: Assets/Materials/Brown.005.mat
  artifactKey: Guid(eb15298881fc0ed408832ebf0188be92) Importer(815301076,1909f56bfc062723c751e8b465ee728b)
Start importing Assets/Materials/Brown.005.mat using Guid(eb15298881fc0ed408832ebf0188be92) Importer(815301076,1909f56bfc062723c751e8b465ee728b)  -> (artifact id: '5843fcab2275742470dde2298beaff85') in 0.023687 seconds 
========================================================================
Received Import Request.
  Time since last request: 0.000190 seconds.
  path: Assets/Materials/Brown.013.mat
  artifactKey: Guid(6821acc9e11ef1b4abcf60781b86b01f) Importer(815301076,1909f56bfc062723c751e8b465ee728b)
Start importing Assets/Materials/Brown.013.mat using Guid(6821acc9e11ef1b4abcf60781b86b01f) Importer(815301076,1909f56bfc062723c751e8b465ee728b)  -> (artifact id: '48e3f41bf8e2357c314e94a097e10145') in 0.014934 seconds 
========================================================================
Received Import Request.
  Time since last request: 0.000083 seconds.
  path: Assets/Materials/Brown.034.mat
  artifactKey: Guid(9e322b4222ee74845b82fca27a0903d7) Importer(815301076,1909f56bfc062723c751e8b465ee728b)
Start importing Assets/Materials/Brown.034.mat using Guid(9e322b4222ee74845b82fca27a0903d7) Importer(815301076,1909f56bfc062723c751e8b465ee728b)  -> (artifact id: 'dd39cfd569de26dffce44b4a58b46bab') in 0.012995 seconds 
========================================================================
Received Import Request.
  Time since last request: 0.000052 seconds.
  path: Assets/Materials/Brown.051 2.mat
  artifactKey: Guid(9a67a57dbdf08584888ecfecd67b62e8) Importer(815301076,1909f56bfc062723c751e8b465ee728b)
Start importing Assets/Materials/Brown.051 2.mat using Guid(9a67a57dbdf08584888ecfecd67b62e8) Importer(815301076,1909f56bfc062723c751e8b465ee728b)  -> (artifact id: '5b1cd8fbd1d9fb481b47205eb6b69e68') in 0.012743 seconds 
========================================================================
Received Import Request.
  Time since last request: 0.003282 seconds.
  path: Assets/Materials/Brown.045 2.mat
  artifactKey: Guid(ba59621b45b2ab84a9ccd45192a9291e) Importer(815301076,1909f56bfc062723c751e8b465ee728b)
Start importing Assets/Materials/Brown.045 2.mat using Guid(ba59621b45b2ab84a9ccd45192a9291e) Importer(815301076,1909f56bfc062723c751e8b465ee728b)  -> (artifact id: '1161106eaf180ca70487f1fa8c094955') in 0.015527 seconds 
========================================================================
Received Import Request.
  Time since last request: 0.000101 seconds.
  path: Assets/Materials/Brown.040.mat
  artifactKey: Guid(8664ab1f7ef3c104b975c5d00fcb6641) Importer(815301076,1909f56bfc062723c751e8b465ee728b)
Start importing Assets/Materials/Brown.040.mat using Guid(8664ab1f7ef3c104b975c5d00fcb6641) Importer(815301076,1909f56bfc062723c751e8b465ee728b)  -> (artifact id: '16ab4825279d610a1ad8d8f4f4e07d9c') in 0.012464 seconds 
========================================================================
Received Import Request.
  Time since last request: 0.000061 seconds.
  path: Assets/Materials/Brown.029.mat
  artifactKey: Guid(dadc08c731c9cd149ae353611ef03687) Importer(815301076,1909f56bfc062723c751e8b465ee728b)
Start importing Assets/Materials/Brown.029.mat using Guid(dadc08c731c9cd149ae353611ef03687) Importer(815301076,1909f56bfc062723c751e8b465ee728b)  -> (artifact id: 'f08ea2136737f8d0661e1c1ce63fcf4b') in 0.013121 seconds 
========================================================================
Received Import Request.
  Time since last request: 0.000051 seconds.
  path: Assets/Materials/Brown.004.mat
  artifactKey: Guid(1526ed66549781d41bdb9c5d47bdd5e5) Importer(815301076,1909f56bfc062723c751e8b465ee728b)
Start importing Assets/Materials/Brown.004.mat using Guid(1526ed66549781d41bdb9c5d47bdd5e5) Importer(815301076,1909f56bfc062723c751e8b465ee728b)  -> (artifact id: '314de7e5463a5ecb725de439ad01e4f6') in 0.010249 seconds 
========================================================================
Received Import Request.
  Time since last request: 0.000082 seconds.
  path: Assets/Materials/Brown.039.mat
  artifactKey: Guid(b11a52aafb0cc394eb5a8d4574fffb56) Importer(815301076,1909f56bfc062723c751e8b465ee728b)
Start importing Assets/Materials/Brown.039.mat using Guid(b11a52aafb0cc394eb5a8d4574fffb56) Importer(815301076,1909f56bfc062723c751e8b465ee728b)  -> (artifact id: '60573b1e60a4ab09e45d90f5deecc4c4') in 0.016380 seconds 
========================================================================
Received Import Request.
  Time since last request: 0.000082 seconds.
  path: Assets/Materials/Brown.010.mat
  artifactKey: Guid(962a7503d3c8f0848816e8f066866375) Importer(815301076,1909f56bfc062723c751e8b465ee728b)
Start importing Assets/Materials/Brown.010.mat using Guid(962a7503d3c8f0848816e8f066866375) Importer(815301076,1909f56bfc062723c751e8b465ee728b)  -> (artifact id: 'db1d9bf3f1f26ec8d920ef162603cb31') in 0.009468 seconds 
========================================================================
Received Import Request.
  Time since last request: 0.000072 seconds.
  path: Assets/Materials/Brown.014.mat
  artifactKey: Guid(f68f64135ebda8444a0d62fdbc45bf4d) Importer(815301076,1909f56bfc062723c751e8b465ee728b)
Start importing Assets/Materials/Brown.014.mat using Guid(f68f64135ebda8444a0d62fdbc45bf4d) Importer(815301076,1909f56bfc062723c751e8b465ee728b)  -> (artifact id: '07d53c0b2461e561e1ca8b686ef904f8') in 0.010140 seconds 
========================================================================
Received Import Request.
  Time since last request: 0.000157 seconds.
  path: Assets/Materials/Brown.057 2.mat
  artifactKey: Guid(db9a29f68c8ad584ca43884dd8326879) Importer(815301076,1909f56bfc062723c751e8b465ee728b)
Start importing Assets/Materials/Brown.057 2.mat using Guid(db9a29f68c8ad584ca43884dd8326879) Importer(815301076,1909f56bfc062723c751e8b465ee728b)  -> (artifact id: '22d3769e8ea1752fcbbac68d66449cde') in 0.017166 seconds 
========================================================================
Received Import Request.
  Time since last request: 0.000056 seconds.
  path: Assets/Materials/Brown.035.mat
  artifactKey: Guid(6e402460956f8734caef18682ce88fa4) Importer(815301076,1909f56bfc062723c751e8b465ee728b)
Start importing Assets/Materials/Brown.035.mat using Guid(6e402460956f8734caef18682ce88fa4) Importer(815301076,1909f56bfc062723c751e8b465ee728b)  -> (artifact id: 'b02f01d9d9cbecec501bf1108a39de92') in 0.009880 seconds 
========================================================================
Received Import Request.
  Time since last request: 0.000097 seconds.
  path: Assets/Materials/Brown.037.mat
  artifactKey: Guid(2404fb551632c5e4f81113c62bc4a3fb) Importer(815301076,1909f56bfc062723c751e8b465ee728b)
Start importing Assets/Materials/Brown.037.mat using Guid(2404fb551632c5e4f81113c62bc4a3fb) Importer(815301076,1909f56bfc062723c751e8b465ee728b)  -> (artifact id: 'faf67d4b98432b547fd17811224bc7ce') in 0.010758 seconds 
========================================================================
Received Import Request.
  Time since last request: 0.000074 seconds.
  path: Assets/Materials/Brown.052 2.mat
  artifactKey: Guid(317fbaa62a5dcc244b337bb7edd7b5ef) Importer(815301076,1909f56bfc062723c751e8b465ee728b)
Start importing Assets/Materials/Brown.052 2.mat using Guid(317fbaa62a5dcc244b337bb7edd7b5ef) Importer(815301076,1909f56bfc062723c751e8b465ee728b)  -> (artifact id: 'eb270bbe4d1ca85fd0bd3b1db4ce00d6') in 0.007666 seconds 
========================================================================
Received Import Request.
  Time since last request: 0.000069 seconds.
  path: Assets/Materials/Brown.054 2.mat
  artifactKey: Guid(9b8b56584905cae4b874c9214e2a93c2) Importer(815301076,1909f56bfc062723c751e8b465ee728b)
Start importing Assets/Materials/Brown.054 2.mat using Guid(9b8b56584905cae4b874c9214e2a93c2) Importer(815301076,1909f56bfc062723c751e8b465ee728b)  -> (artifact id: '3410c5a096d940ef109701494e53550b') in 0.011059 seconds 
========================================================================
Received Import Request.
  Time since last request: 0.000119 seconds.
  path: Assets/Materials/Brown.031.mat
  artifactKey: Guid(bdfb6135fa1acb845a196dadc4430fe6) Importer(815301076,1909f56bfc062723c751e8b465ee728b)
Start importing Assets/Materials/Brown.031.mat using Guid(bdfb6135fa1acb845a196dadc4430fe6) Importer(815301076,1909f56bfc062723c751e8b465ee728b)  -> (artifact id: '0ea23accfc9b3484ffd404e79bbeb8b5') in 0.013650 seconds 
========================================================================
Received Import Request.
  Time since last request: 0.000156 seconds.
  path: Assets/Materials/Brown.049 2.mat
  artifactKey: Guid(9a21cb70798a4ad4890a0cfb1622f115) Importer(815301076,1909f56bfc062723c751e8b465ee728b)
Start importing Assets/Materials/Brown.049 2.mat using Guid(9a21cb70798a4ad4890a0cfb1622f115) Importer(815301076,1909f56bfc062723c751e8b465ee728b)  -> (artifact id: 'bd64ed6e80ed54087f88bc3e12d606ef') in 0.008523 seconds 
========================================================================
Received Import Request.
  Time since last request: 0.000067 seconds.
  path: Assets/Materials/Brown.044 2.mat
  artifactKey: Guid(0d676873d31d017479524a604cff60e7) Importer(815301076,1909f56bfc062723c751e8b465ee728b)
Start importing Assets/Materials/Brown.044 2.mat using Guid(0d676873d31d017479524a604cff60e7) Importer(815301076,1909f56bfc062723c751e8b465ee728b)  -> (artifact id: '1420b3e5d269455187584666e514e51a') in 0.009109 seconds 
Editor requested this worker to shutdown with reason: Scaling down because of idle timeout
AssetImportWorker is now disconnected from the server
Process exiting
