Unity Editor version:    2021.3.21f1 (1b156197d683)
Branch:                  2021.3/staging
Build type:              Release
Batch mode:              YES
macOS version:           Version 13.3.1 (Build 22E261)
Darwin version:          22.4.0
Architecture:            x86_64
Running under Rosetta:   YES
Available memory:        8192 MB
Using pre-set license
Pro License: YES

COMMAND LINE ARGUMENTS:
/Applications/Unity/Hub/Editor/2021.3.21f1/Unity.app/Contents/MacOS/Unity
-adb2
-batchMode
-noUpm
-name
AssetImportWorker4
-projectPath
/Users/2A3Dm/Desktop/M14UnityDavid/Proyecto_Unity
-logFile
Logs/AssetImportWorker4.log
-srvPort
49547
Successfully changed project path to: /Users/2A3Dm/Desktop/M14UnityDavid/Proyecto_Unity
/Users/2A3Dm/Desktop/M14UnityDavid/Proyecto_Unity
[UnityMemory] Configuration Parameters - Can be set up in boot.config
    "memorysetup-bucket-allocator-granularity=16"
    "memorysetup-bucket-allocator-bucket-count=8"
    "memorysetup-bucket-allocator-block-size=33554432"
    "memorysetup-bucket-allocator-block-count=8"
    "memorysetup-main-allocator-block-size=16777216"
    "memorysetup-thread-allocator-block-size=16777216"
    "memorysetup-gfx-main-allocator-block-size=16777216"
    "memorysetup-gfx-thread-allocator-block-size=16777216"
    "memorysetup-cache-allocator-block-size=4194304"
    "memorysetup-typetree-allocator-block-size=2097152"
    "memorysetup-profiler-bucket-allocator-granularity=16"
    "memorysetup-profiler-bucket-allocator-bucket-count=8"
    "memorysetup-profiler-bucket-allocator-block-size=33554432"
    "memorysetup-profiler-bucket-allocator-block-count=8"
    "memorysetup-profiler-allocator-block-size=16777216"
    "memorysetup-profiler-editor-allocator-block-size=1048576"
    "memorysetup-temp-allocator-size-main=16777216"
    "memorysetup-job-temp-allocator-block-size=2097152"
    "memorysetup-job-temp-allocator-block-size-background=1048576"
    "memorysetup-job-temp-allocator-reduction-small-platforms=262144"
    "memorysetup-temp-allocator-size-background-worker=32768"
    "memorysetup-temp-allocator-size-job-worker=262144"
    "memorysetup-temp-allocator-size-preload-manager=33554432"
    "memorysetup-temp-allocator-size-nav-mesh-worker=65536"
    "memorysetup-temp-allocator-size-audio-worker=65536"
    "memorysetup-temp-allocator-size-cloud-worker=32768"
    "memorysetup-temp-allocator-size-gi-baking-worker=262144"
    "memorysetup-temp-allocator-size-gfx=262144"
Player connection [8730530432] Host "[IP] 172.22.1.128 [Port] 0 [Flags] 2 [Guid] 2618968880 [EditorId] 2618968880 [Version] 1048832 [Id] OSXEditor(0,ha201-57.av.itb.cat) [Debug] 1 [PackageName] OSXEditor [ProjectName] Editor" joined multi-casting on [225.0.0.222:54997]...

Player connection [8730530432] Host "[IP] 172.22.1.128 [Port] 0 [Flags] 2 [Guid] 2618968880 [EditorId] 2618968880 [Version] 1048832 [Id] OSXEditor(0,ha201-57.av.itb.cat) [Debug] 1 [PackageName] OSXEditor [ProjectName] Editor" joined alternative multi-casting on [225.0.0.222:34997]...

Refreshing native plugins compatible for Editor in 104.99 ms, found 2 plugins.
Preloading 0 native plugins for Editor in 0.00 ms.
Initialize engine version: 2021.3.21f1 (1b156197d683)
[Subsystems] Discovering subsystems at path /Applications/Unity/Hub/Editor/2021.3.21f1/Unity.app/Contents/Resources/UnitySubsystems
[Subsystems] Discovering subsystems at path /Users/2A3Dm/Desktop/M14UnityDavid/Proyecto_Unity/Assets
GfxDevice: creating device client; threaded=0; jobified=0
 preferred device: Apple M1 (high power)
Metal devices available: 1
0: Apple M1 (high power)
Using device Apple M1 (high power)
Initializing Metal device caps: Apple M1
Initialize mono
Mono path[0] = '/Applications/Unity/Hub/Editor/2021.3.21f1/Unity.app/Contents/Managed'
Mono path[1] = '/Applications/Unity/Hub/Editor/2021.3.21f1/Unity.app/Contents/MonoBleedingEdge/lib/mono/unityjit-macos'
Mono config path = '/Applications/Unity/Hub/Editor/2021.3.21f1/Unity.app/Contents/MonoBleedingEdge/etc'
Using monoOptions --debugger-agent=transport=dt_socket,embedding=1,server=y,suspend=n,address=127.0.0.1:56676
Begin MonoManager ReloadAssembly
Registering precompiled unity dll's ...
Register platform support module: /Applications/Unity/Hub/Editor/2021.3.21f1/Unity.app/Contents/PlaybackEngines/MacStandaloneSupport/UnityEditor.OSXStandalone.Extensions.dll
Registered in 0.001331 seconds.
Native extension for OSXStandalone target not found
Refreshing native plugins compatible for Editor in 96.81 ms, found 2 plugins.
Preloading 0 native plugins for Editor in 0.00 ms.
Mono: successfully reloaded assembly
- Completed reload, in  1.533 seconds
Domain Reload Profiling:
	ReloadAssembly (1535ms)
		BeginReloadAssembly (240ms)
			ExecutionOrderSort (0ms)
			DisableScriptedObjects (0ms)
			BackupInstance (0ms)
			ReleaseScriptingObjects (0ms)
			CreateAndSetChildDomain (3ms)
		EndReloadAssembly (1104ms)
			LoadAssemblies (237ms)
			RebuildTransferFunctionScriptingTraits (2ms)
			SetupTypeCache (130ms)
			ReleaseScriptCaches (0ms)
			RebuildScriptCaches (35ms)
			SetupLoadedEditorAssemblies (793ms)
				LogAssemblyErrors (0ms)
				InitializePlatformSupportModulesInManaged (19ms)
				SetLoadedEditorAssemblies (1ms)
				RefreshPlugins (97ms)
				BeforeProcessingInitializeOnLoad (4ms)
				ProcessInitializeOnLoadAttributes (489ms)
				ProcessInitializeOnLoadMethodAttributes (183ms)
				AfterProcessingInitializeOnLoad (0ms)
				EditorAssembliesLoaded (1ms)
			ExecutionOrderSort2 (0ms)
			AwakeInstancesAfterBackupRestoration (0ms)
Platform modules already initialized, skipping
Registering precompiled user dll's ...
Registered in 0.004546 seconds.
Begin MonoManager ReloadAssembly
Symbol file LoadedFromMemory doesn't match image /Users/2A3Dm/Desktop/M14UnityDavid/Proyecto_Unity/Library/PackageCache/com.unity.visualscripting@1.8.0/Editor/VisualScripting.Core/Dependencies/YamlDotNet/Unity.VisualScripting.YamlDotNet.dll
Symbol file LoadedFromMemory doesn't match image /Users/2A3Dm/Desktop/M14UnityDavid/Proyecto_Unity/Library/PackageCache/com.unity.visualscripting@1.8.0/Editor/VisualScripting.Core/Dependencies/DotNetZip/Unity.VisualScripting.IonicZip.dll
Native extension for OSXStandalone target not found
Refreshing native plugins compatible for Editor in 0.66 ms, found 2 plugins.
Preloading 0 native plugins for Editor in 0.00 ms.
Mono: successfully reloaded assembly
- Completed reload, in  2.318 seconds
Domain Reload Profiling:
	ReloadAssembly (2320ms)
		BeginReloadAssembly (268ms)
			ExecutionOrderSort (0ms)
			DisableScriptedObjects (39ms)
			BackupInstance (0ms)
			ReleaseScriptingObjects (0ms)
			CreateAndSetChildDomain (28ms)
		EndReloadAssembly (1809ms)
			LoadAssemblies (166ms)
			RebuildTransferFunctionScriptingTraits (0ms)
			SetupTypeCache (324ms)
			ReleaseScriptCaches (1ms)
			RebuildScriptCaches (67ms)
			SetupLoadedEditorAssemblies (1117ms)
				LogAssemblyErrors (0ms)
				InitializePlatformSupportModulesInManaged (12ms)
				SetLoadedEditorAssemblies (1ms)
				RefreshPlugins (1ms)
				BeforeProcessingInitializeOnLoad (128ms)
				ProcessInitializeOnLoadAttributes (891ms)
				ProcessInitializeOnLoadMethodAttributes (83ms)
				AfterProcessingInitializeOnLoad (1ms)
				EditorAssembliesLoaded (0ms)
			ExecutionOrderSort2 (0ms)
			AwakeInstancesAfterBackupRestoration (10ms)
Platform modules already initialized, skipping
========================================================================
Worker process is ready to serve import requests
Launching external process: /Applications/Unity/Hub/Editor/2021.3.21f1/Unity.app/Contents/Tools/UnityShaderCompiler
Launched and connected shader compiler UnityShaderCompiler after 0.51 seconds
Refreshing native plugins compatible for Editor in 1.18 ms, found 2 plugins.
Preloading 0 native plugins for Editor in 0.00 ms.
Unloading 3522 Unused Serialized files (Serialized files now loaded: 0)
Unloading 29 unused Assets / (342.8 KB). Loaded Objects now: 3997.
Memory consumption went from 148.9 MB to 148.6 MB.
Total: 8.562958 ms (FindLiveObjects: 0.661125 ms CreateObjectMapping: 0.117750 ms MarkObjects: 7.345375 ms  DeleteObjects: 0.437375 ms)

AssetImportParameters requested are different than current active one (requested -> active):
  custom:video-decoder-ogg-theora: a1e56fd34408186e4bbccfd4996cb3dc -> 
  custom:container-muxer-webm: aa71ff27fc2769a1b78a27578f13a17b -> 
  custom:container-demuxer-webm: 4f35f7cbe854078d1ac9338744f61a02 -> 
  custom:video-encoder-webm-vp8: eb34c28f22e8b96e1ab97ce403110664 -> 
  custom:framework-osx-AVFoundation: e770b220cccbd017edd2c1fefb359320 -> 
  custom:audio-encoder-webm-vorbis: bf7c407c2cedff20999df2af8eb42d56 -> 
  custom:container-demuxer-ogg: 62fdf1f143b41e24485cea50d1cbac27 -> 
  custom:video-decoder-webm-vp8: 9c59270c3fd7afecdb556c50c9e8de78 -> 
  custom:audio-decoder-ogg-vorbis: bf7c407c2cedff20999df2af8eb42d56 -> 
========================================================================
Received Import Request.
  Time since last request: 11321.007296 seconds.
  path: Assets/Materials/Water VFX.mat
  artifactKey: Guid(9bbad11d4d3db674aab9d0c581707b3a) Importer(815301076,1909f56bfc062723c751e8b465ee728b)
Start importing Assets/Materials/Water VFX.mat using Guid(9bbad11d4d3db674aab9d0c581707b3a) Importer(815301076,1909f56bfc062723c751e8b465ee728b)  -> (artifact id: 'd64b570e60ee73788bc0dc25c4a6e45d') in 0.397382 seconds 
========================================================================
Received Import Request.
  Time since last request: 2.918391 seconds.
  path: Assets/Materials/WaterDustDown VFX.mat
  artifactKey: Guid(cd13c7728677f3f42bcb5bcaab05e3aa) Importer(815301076,1909f56bfc062723c751e8b465ee728b)
Start importing Assets/Materials/WaterDustDown VFX.mat using Guid(cd13c7728677f3f42bcb5bcaab05e3aa) Importer(815301076,1909f56bfc062723c751e8b465ee728b)  -> (artifact id: '7853c90717f2335345ab5813b9702dae') in 0.017328 seconds 
========================================================================
Received Prepare
Registering precompiled user dll's ...
Registered in 0.001780 seconds.
Begin MonoManager ReloadAssembly
Symbol file LoadedFromMemory doesn't match image /Users/2A3Dm/Desktop/M14UnityDavid/Proyecto_Unity/Library/PackageCache/com.unity.visualscripting@1.8.0/Editor/VisualScripting.Core/Dependencies/YamlDotNet/Unity.VisualScripting.YamlDotNet.dll
Symbol file LoadedFromMemory doesn't match image /Users/2A3Dm/Desktop/M14UnityDavid/Proyecto_Unity/Library/PackageCache/com.unity.visualscripting@1.8.0/Editor/VisualScripting.Core/Dependencies/DotNetZip/Unity.VisualScripting.IonicZip.dll
Native extension for OSXStandalone target not found
Refreshing native plugins compatible for Editor in 0.85 ms, found 2 plugins.
Preloading 0 native plugins for Editor in 0.00 ms.
Mono: successfully reloaded assembly
- Completed reload, in  2.185 seconds
Domain Reload Profiling:
	ReloadAssembly (2188ms)
		BeginReloadAssembly (324ms)
			ExecutionOrderSort (0ms)
			DisableScriptedObjects (37ms)
			BackupInstance (0ms)
			ReleaseScriptingObjects (0ms)
			CreateAndSetChildDomain (81ms)
		EndReloadAssembly (1659ms)
			LoadAssemblies (147ms)
			RebuildTransferFunctionScriptingTraits (0ms)
			SetupTypeCache (314ms)
			ReleaseScriptCaches (1ms)
			RebuildScriptCaches (48ms)
			SetupLoadedEditorAssemblies (1020ms)
				LogAssemblyErrors (0ms)
				InitializePlatformSupportModulesInManaged (14ms)
				SetLoadedEditorAssemblies (2ms)
				RefreshPlugins (1ms)
				BeforeProcessingInitializeOnLoad (98ms)
				ProcessInitializeOnLoadAttributes (819ms)
				ProcessInitializeOnLoadMethodAttributes (86ms)
				AfterProcessingInitializeOnLoad (1ms)
				EditorAssembliesLoaded (0ms)
			ExecutionOrderSort2 (0ms)
			AwakeInstancesAfterBackupRestoration (10ms)
Platform modules already initialized, skipping
Refreshing native plugins compatible for Editor in 1.64 ms, found 2 plugins.
Preloading 0 native plugins for Editor in 0.00 ms.
Unloading 3462 Unused Serialized files (Serialized files now loaded: 0)
Unloading 22 unused Assets / (322.8 KB). Loaded Objects now: 4042.
Memory consumption went from 149.2 MB to 148.9 MB.
Total: 2.778917 ms (FindLiveObjects: 0.200791 ms CreateObjectMapping: 0.085584 ms MarkObjects: 2.281500 ms  DeleteObjects: 0.210250 ms)

AssetImportParameters requested are different than current active one (requested -> active):
  custom:video-decoder-ogg-theora: a1e56fd34408186e4bbccfd4996cb3dc -> 
  custom:container-muxer-webm: aa71ff27fc2769a1b78a27578f13a17b -> 
  custom:container-demuxer-webm: 4f35f7cbe854078d1ac9338744f61a02 -> 
  custom:video-encoder-webm-vp8: eb34c28f22e8b96e1ab97ce403110664 -> 
  custom:framework-osx-AVFoundation: e770b220cccbd017edd2c1fefb359320 -> 
  custom:audio-encoder-webm-vorbis: bf7c407c2cedff20999df2af8eb42d56 -> 
  custom:container-demuxer-ogg: 62fdf1f143b41e24485cea50d1cbac27 -> 
  custom:video-decoder-webm-vp8: 9c59270c3fd7afecdb556c50c9e8de78 -> 
  custom:audio-decoder-ogg-vorbis: bf7c407c2cedff20999df2af8eb42d56 -> 
========================================================================
Received Import Request.
  Time since last request: 166.245668 seconds.
  path: Assets/Animaciones/BossFinalTremendisimo
  artifactKey: Guid(13d4aed7480954dc398f601cd87c717a) Importer(815301076,1909f56bfc062723c751e8b465ee728b)
Start importing Assets/Animaciones/BossFinalTremendisimo using Guid(13d4aed7480954dc398f601cd87c717a) Importer(815301076,1909f56bfc062723c751e8b465ee728b)  -> (artifact id: '0d8d9e101d483139feba05aaf19036de') in 0.050091 seconds 
========================================================================
Received Import Request.
  Time since last request: 5.490773 seconds.
  path: Assets/Animaciones/BossFinalTremendisimo/BossFinal tremendisimo.fbx
  artifactKey: Guid(e5cdc51283e35408c9824860a5d7a366) Importer(815301076,1909f56bfc062723c751e8b465ee728b)
Start importing Assets/Animaciones/BossFinalTremendisimo/BossFinal tremendisimo.fbx using Guid(e5cdc51283e35408c9824860a5d7a366) Importer(815301076,1909f56bfc062723c751e8b465ee728b)  -> (artifact id: 'a1b33b5fbf559ce5ae99ac65c19f93c4') in 0.542332 seconds 
========================================================================
Received Import Request.
  Time since last request: 116.530284 seconds.
  path: Assets/Animaciones/BossFinalTremendisimo/BossFinal tremendisimo.fbx
  artifactKey: Guid(e5cdc51283e35408c9824860a5d7a366) Importer(815301076,1909f56bfc062723c751e8b465ee728b)
Start importing Assets/Animaciones/BossFinalTremendisimo/BossFinal tremendisimo.fbx using Guid(e5cdc51283e35408c9824860a5d7a366) Importer(815301076,1909f56bfc062723c751e8b465ee728b)  -> (artifact id: 'dd2a30c7048ce9cf6f8221bbd08ceba7') in 0.149070 seconds 
========================================================================
Received Import Request.
  Time since last request: 26.270703 seconds.
  path: Assets/Animaciones/BossFinalTremendisimo/BossFinal tremendisimo.fbx
  artifactKey: Guid(e5cdc51283e35408c9824860a5d7a366) Importer(815301076,1909f56bfc062723c751e8b465ee728b)
Start importing Assets/Animaciones/BossFinalTremendisimo/BossFinal tremendisimo.fbx using Guid(e5cdc51283e35408c9824860a5d7a366) Importer(815301076,1909f56bfc062723c751e8b465ee728b)  -> (artifact id: 'ab44f976372f6a070eac370842b14fa2') in 0.098279 seconds 
========================================================================
Received Import Request.
  Time since last request: 17.919958 seconds.
  path: Assets/Animaciones/BossFinalTremendisimo/BossFinal tremendisimo.fbx
  artifactKey: Guid(e5cdc51283e35408c9824860a5d7a366) Importer(815301076,1909f56bfc062723c751e8b465ee728b)
Start importing Assets/Animaciones/BossFinalTremendisimo/BossFinal tremendisimo.fbx using Guid(e5cdc51283e35408c9824860a5d7a366) Importer(815301076,1909f56bfc062723c751e8b465ee728b)  -> (artifact id: '22733c09733f5c28661ab327b9f5acda') in 0.142415 seconds 
========================================================================
Received Import Request.
  Time since last request: 128.616927 seconds.
  path: Assets/Animaciones/LAGRIKA/LagriWalk3.fbx
  artifactKey: Guid(24bd447733e6b4635b80874febc360d0) Importer(815301076,1909f56bfc062723c751e8b465ee728b)
Start importing Assets/Animaciones/LAGRIKA/LagriWalk3.fbx using Guid(24bd447733e6b4635b80874febc360d0) Importer(815301076,1909f56bfc062723c751e8b465ee728b)  -> (artifact id: 'f5ae1cd52b21eb1a3d526b66c89ac310') in 0.076333 seconds 
========================================================================
Received Import Request.
  Time since last request: 0.251787 seconds.
  path: Assets/Animaciones/Miniboss/MiniBoss tremendo.fbx
  artifactKey: Guid(108bf4b5fa0694d1b8ff7c6859b9df9b) Importer(815301076,1909f56bfc062723c751e8b465ee728b)
Start importing Assets/Animaciones/Miniboss/MiniBoss tremendo.fbx using Guid(108bf4b5fa0694d1b8ff7c6859b9df9b) Importer(815301076,1909f56bfc062723c751e8b465ee728b)  -> (artifact id: '12574ca870f1d76e89858ad947a2e0ac') in 0.095138 seconds 
========================================================================
Received Import Request.
  Time since last request: 2.301744 seconds.
  path: Assets/Materials/Brown.052 2.mat
  artifactKey: Guid(317fbaa62a5dcc244b337bb7edd7b5ef) Importer(815301076,1909f56bfc062723c751e8b465ee728b)
Start importing Assets/Materials/Brown.052 2.mat using Guid(317fbaa62a5dcc244b337bb7edd7b5ef) Importer(815301076,1909f56bfc062723c751e8b465ee728b)  -> (artifact id: 'e0aac007e06bc31edae96c9ffcabb966') in 0.015745 seconds 
========================================================================
Received Import Request.
  Time since last request: 0.000111 seconds.
  path: Assets/Materials/Brown.057 2.mat
  artifactKey: Guid(db9a29f68c8ad584ca43884dd8326879) Importer(815301076,1909f56bfc062723c751e8b465ee728b)
Start importing Assets/Materials/Brown.057 2.mat using Guid(db9a29f68c8ad584ca43884dd8326879) Importer(815301076,1909f56bfc062723c751e8b465ee728b)  -> (artifact id: '0262e1071e8db7384a40f2ab3cea3f61') in 0.012394 seconds 
========================================================================
Received Import Request.
  Time since last request: 0.002414 seconds.
  path: Assets/Materials/Brown.058 2.mat
  artifactKey: Guid(1476b16b20934df48a2b731c6baee1e0) Importer(815301076,1909f56bfc062723c751e8b465ee728b)
Start importing Assets/Materials/Brown.058 2.mat using Guid(1476b16b20934df48a2b731c6baee1e0) Importer(815301076,1909f56bfc062723c751e8b465ee728b)  -> (artifact id: '8091c3a4cee31b61e701fc13d2d974a2') in 0.014947 seconds 
========================================================================
Received Import Request.
  Time since last request: 0.009444 seconds.
  path: Assets/Materials/Brown.055 2.mat
  artifactKey: Guid(482f943b722656141ad8d0d86d468b6a) Importer(815301076,1909f56bfc062723c751e8b465ee728b)
Start importing Assets/Materials/Brown.055 2.mat using Guid(482f943b722656141ad8d0d86d468b6a) Importer(815301076,1909f56bfc062723c751e8b465ee728b)  -> (artifact id: '864dec05d0ba054575af1ecb2f09e113') in 0.015204 seconds 
========================================================================
Received Import Request.
  Time since last request: 0.000072 seconds.
  path: Assets/Materials/Brown.055 1.mat
  artifactKey: Guid(86e2a35a8ef2f804fbf4132f2300537d) Importer(815301076,1909f56bfc062723c751e8b465ee728b)
Start importing Assets/Materials/Brown.055 1.mat using Guid(86e2a35a8ef2f804fbf4132f2300537d) Importer(815301076,1909f56bfc062723c751e8b465ee728b)  -> (artifact id: '68af1d68defd18272b74e628cf42e496') in 0.008527 seconds 
========================================================================
Received Import Request.
  Time since last request: 0.000101 seconds.
  path: Assets/Materials/Brown.056 1.mat
  artifactKey: Guid(89a5413311fd1d247bcef3d1ef6a5dd4) Importer(815301076,1909f56bfc062723c751e8b465ee728b)
Start importing Assets/Materials/Brown.056 1.mat using Guid(89a5413311fd1d247bcef3d1ef6a5dd4) Importer(815301076,1909f56bfc062723c751e8b465ee728b)  -> (artifact id: '2ae41dfa2b5d51e237601f03f926c28f') in 0.009615 seconds 
========================================================================
Received Import Request.
  Time since last request: 0.000164 seconds.
  path: Assets/Materials/Brown.054 2.mat
  artifactKey: Guid(9b8b56584905cae4b874c9214e2a93c2) Importer(815301076,1909f56bfc062723c751e8b465ee728b)
Start importing Assets/Materials/Brown.054 2.mat using Guid(9b8b56584905cae4b874c9214e2a93c2) Importer(815301076,1909f56bfc062723c751e8b465ee728b)  -> (artifact id: 'f1e686e979ae9081fd22666950e9fa2e') in 0.010406 seconds 
========================================================================
Received Import Request.
  Time since last request: 0.000095 seconds.
  path: Assets/Materials/Brown.054 1.mat
  artifactKey: Guid(b3a8a5da6ff1ce341b4f1aa32ef3f3e1) Importer(815301076,1909f56bfc062723c751e8b465ee728b)
Start importing Assets/Materials/Brown.054 1.mat using Guid(b3a8a5da6ff1ce341b4f1aa32ef3f3e1) Importer(815301076,1909f56bfc062723c751e8b465ee728b)  -> (artifact id: '064ce64aaa0afe7fc174473d46212e16') in 0.009789 seconds 
========================================================================
Received Import Request.
  Time since last request: 0.000065 seconds.
  path: Assets/Materials/Brown.058 1.mat
  artifactKey: Guid(ac349461ee9da774095e0676dafd8115) Importer(815301076,1909f56bfc062723c751e8b465ee728b)
Start importing Assets/Materials/Brown.058 1.mat using Guid(ac349461ee9da774095e0676dafd8115) Importer(815301076,1909f56bfc062723c751e8b465ee728b)  -> (artifact id: 'dfb625a8f3afe05299d6e35b29f846b6') in 0.007624 seconds 
========================================================================
Received Import Request.
  Time since last request: 0.000109 seconds.
  path: Assets/Materials/Brown.055.mat
  artifactKey: Guid(b154717342327eb4f908dfa2bec2567f) Importer(815301076,1909f56bfc062723c751e8b465ee728b)
Start importing Assets/Materials/Brown.055.mat using Guid(b154717342327eb4f908dfa2bec2567f) Importer(815301076,1909f56bfc062723c751e8b465ee728b)  -> (artifact id: '53f3638665e29f76c137b9c4cd0bd229') in 0.010558 seconds 
========================================================================
Received Import Request.
  Time since last request: 0.000054 seconds.
  path: Assets/Materials/Brown.057 1.mat
  artifactKey: Guid(a2bd79d4c2e63f04196f1d7713d21ef7) Importer(815301076,1909f56bfc062723c751e8b465ee728b)
Start importing Assets/Materials/Brown.057 1.mat using Guid(a2bd79d4c2e63f04196f1d7713d21ef7) Importer(815301076,1909f56bfc062723c751e8b465ee728b)  -> (artifact id: '41fb857a26917114d573744ea013733f') in 0.008708 seconds 
========================================================================
Received Import Request.
  Time since last request: 0.000082 seconds.
  path: Assets/Materials/Brown.058.mat
  artifactKey: Guid(773d87438550e9449906f7075f691780) Importer(815301076,1909f56bfc062723c751e8b465ee728b)
Start importing Assets/Materials/Brown.058.mat using Guid(773d87438550e9449906f7075f691780) Importer(815301076,1909f56bfc062723c751e8b465ee728b)  -> (artifact id: '427323f27e0ec37f6f97b4a2b371a586') in 0.007525 seconds 
========================================================================
Received Import Request.
  Time since last request: 0.000093 seconds.
  path: Assets/Materials/Brown.057.mat
  artifactKey: Guid(f7625bc147df0c448a23e05942a1037a) Importer(815301076,1909f56bfc062723c751e8b465ee728b)
Start importing Assets/Materials/Brown.057.mat using Guid(f7625bc147df0c448a23e05942a1037a) Importer(815301076,1909f56bfc062723c751e8b465ee728b)  -> (artifact id: '17e0a922a366c0fb03cfc41348c41586') in 0.008943 seconds 
========================================================================
Received Import Request.
  Time since last request: 0.000082 seconds.
  path: Assets/Materials/Brown.054.mat
  artifactKey: Guid(44fe8998c8ed05c4083b02a1680f8912) Importer(815301076,1909f56bfc062723c751e8b465ee728b)
Start importing Assets/Materials/Brown.054.mat using Guid(44fe8998c8ed05c4083b02a1680f8912) Importer(815301076,1909f56bfc062723c751e8b465ee728b)  -> (artifact id: '9d2bc64c57f678bd230dd27b3b00a82b') in 0.007713 seconds 
========================================================================
Received Import Request.
  Time since last request: 0.000071 seconds.
  path: Assets/Materials/Brown.056 2.mat
  artifactKey: Guid(1bcde71bd98aeb840b1bae9c1832ea1b) Importer(815301076,1909f56bfc062723c751e8b465ee728b)
Start importing Assets/Materials/Brown.056 2.mat using Guid(1bcde71bd98aeb840b1bae9c1832ea1b) Importer(815301076,1909f56bfc062723c751e8b465ee728b)  -> (artifact id: '510bf4bca0e75d05026efec11c2f6b22') in 0.010657 seconds 
========================================================================
Received Import Request.
  Time since last request: 0.000063 seconds.
  path: Assets/Materials/Brown.059 1.mat
  artifactKey: Guid(4ef48c355576cd1459bc8232099812bd) Importer(815301076,1909f56bfc062723c751e8b465ee728b)
Start importing Assets/Materials/Brown.059 1.mat using Guid(4ef48c355576cd1459bc8232099812bd) Importer(815301076,1909f56bfc062723c751e8b465ee728b)  -> (artifact id: '7978989c1d72db5d789e70b03a67bc40') in 0.011647 seconds 
========================================================================
Received Import Request.
  Time since last request: 0.000048 seconds.
  path: Assets/Materials/Brown.056.mat
  artifactKey: Guid(c42c180442c51734db48d49a8564b6c2) Importer(815301076,1909f56bfc062723c751e8b465ee728b)
Start importing Assets/Materials/Brown.056.mat using Guid(c42c180442c51734db48d49a8564b6c2) Importer(815301076,1909f56bfc062723c751e8b465ee728b)  -> (artifact id: 'af3b39d461558833424c50cde745b554') in 0.007275 seconds 
========================================================================
Received Import Request.
  Time since last request: 1.930808 seconds.
  path: Assets/Materials/Brown.059 2.mat
  artifactKey: Guid(5f6dcef9b1db8e04d94cb818eaf97dc7) Importer(815301076,1909f56bfc062723c751e8b465ee728b)
Start importing Assets/Materials/Brown.059 2.mat using Guid(5f6dcef9b1db8e04d94cb818eaf97dc7) Importer(815301076,1909f56bfc062723c751e8b465ee728b)  -> (artifact id: 'c98ae4a4a9edf4eb8713f71ceb5667e0') in 0.014599 seconds 
========================================================================
Received Import Request.
  Time since last request: 0.000390 seconds.
  path: Assets/Materials/Brown.061 1.mat
  artifactKey: Guid(2ed685591f57c834bb8d78ee8c882b65) Importer(815301076,1909f56bfc062723c751e8b465ee728b)
Start importing Assets/Materials/Brown.061 1.mat using Guid(2ed685591f57c834bb8d78ee8c882b65) Importer(815301076,1909f56bfc062723c751e8b465ee728b)  -> (artifact id: 'bafc4ff6e1df335513dd4a80946ef468') in 0.012346 seconds 
========================================================================
Received Import Request.
  Time since last request: 0.000113 seconds.
  path: Assets/Materials/Cesped 1.mat
  artifactKey: Guid(0926dde7276ad1c4daa02452eeafe1ca) Importer(815301076,1909f56bfc062723c751e8b465ee728b)
Start importing Assets/Materials/Cesped 1.mat using Guid(0926dde7276ad1c4daa02452eeafe1ca) Importer(815301076,1909f56bfc062723c751e8b465ee728b)  -> (artifact id: 'f4330a192a658e2f5e08fddb68d0bb40') in 0.014333 seconds 
========================================================================
Received Import Request.
  Time since last request: 0.004512 seconds.
  path: Assets/Materials/Cesped 3.mat
  artifactKey: Guid(9c4930678f2e3d54faa18cc302fcebcc) Importer(815301076,1909f56bfc062723c751e8b465ee728b)
Start importing Assets/Materials/Cesped 3.mat using Guid(9c4930678f2e3d54faa18cc302fcebcc) Importer(815301076,1909f56bfc062723c751e8b465ee728b)  -> (artifact id: 'f63ef2877fc10b83e33337ca5275cf82') in 0.011179 seconds 
========================================================================
Received Import Request.
  Time since last request: 0.000185 seconds.
  path: Assets/Materials/Cesped 2.mat
  artifactKey: Guid(0bd36ea41b8632d4c9ec63660a49d0d2) Importer(815301076,1909f56bfc062723c751e8b465ee728b)
Start importing Assets/Materials/Cesped 2.mat using Guid(0bd36ea41b8632d4c9ec63660a49d0d2) Importer(815301076,1909f56bfc062723c751e8b465ee728b)  -> (artifact id: 'e2d6c03afd034370919eb88bf05fd278') in 0.022944 seconds 
========================================================================
Received Import Request.
  Time since last request: 0.002293 seconds.
  path: Assets/Materials/Brown.061.mat
  artifactKey: Guid(6084acd7eb7903f46b5f51ccec243e39) Importer(815301076,1909f56bfc062723c751e8b465ee728b)
Start importing Assets/Materials/Brown.061.mat using Guid(6084acd7eb7903f46b5f51ccec243e39) Importer(815301076,1909f56bfc062723c751e8b465ee728b)  -> (artifact id: 'edf6bcc5b0c820382ab97c338a4ab439') in 0.018077 seconds 
========================================================================
Received Import Request.
  Time since last request: 0.004276 seconds.
  path: Assets/Materials/Brown.062 2.mat
  artifactKey: Guid(57c4ffd170b9bd34d9f5f88649649291) Importer(815301076,1909f56bfc062723c751e8b465ee728b)
Start importing Assets/Materials/Brown.062 2.mat using Guid(57c4ffd170b9bd34d9f5f88649649291) Importer(815301076,1909f56bfc062723c751e8b465ee728b)  -> (artifact id: 'dd07d425f841ba96c0ea93c32dfb225b') in 0.012132 seconds 
========================================================================
Received Import Request.
  Time since last request: 0.000070 seconds.
  path: Assets/Materials/Brown.060 1.mat
  artifactKey: Guid(cc0ce403c36928540b3c2024cf98240b) Importer(815301076,1909f56bfc062723c751e8b465ee728b)
Start importing Assets/Materials/Brown.060 1.mat using Guid(cc0ce403c36928540b3c2024cf98240b) Importer(815301076,1909f56bfc062723c751e8b465ee728b)  -> (artifact id: 'eaf57ee81dbda76fa3e955a08108816e') in 0.014684 seconds 
========================================================================
Received Import Request.
  Time since last request: 0.000090 seconds.
  path: Assets/Materials/Brown.062 1.mat
  artifactKey: Guid(2d46321a21a54f3419a3af54c061280d) Importer(815301076,1909f56bfc062723c751e8b465ee728b)
Start importing Assets/Materials/Brown.062 1.mat using Guid(2d46321a21a54f3419a3af54c061280d) Importer(815301076,1909f56bfc062723c751e8b465ee728b)  -> (artifact id: '679d042fce21980e8c69ca0114d753e5') in 0.010239 seconds 
========================================================================
Received Import Request.
  Time since last request: 0.000170 seconds.
  path: Assets/Materials/Coin 1.mat
  artifactKey: Guid(d29559be974e3f140afc10e7053d117e) Importer(815301076,1909f56bfc062723c751e8b465ee728b)
Start importing Assets/Materials/Coin 1.mat using Guid(d29559be974e3f140afc10e7053d117e) Importer(815301076,1909f56bfc062723c751e8b465ee728b)  -> (artifact id: 'a3fc5ec83f1f78dfe64eb181cb52d3a4') in 0.016045 seconds 
========================================================================
Received Import Request.
  Time since last request: 0.000228 seconds.
  path: Assets/Materials/Cesped.002.mat
  artifactKey: Guid(3e481632c6bff6d45b2d93070e9e1ad1) Importer(815301076,1909f56bfc062723c751e8b465ee728b)
Start importing Assets/Materials/Cesped.002.mat using Guid(3e481632c6bff6d45b2d93070e9e1ad1) Importer(815301076,1909f56bfc062723c751e8b465ee728b)  -> (artifact id: 'fe4d2773b48a5ea58f579f363e2c2304') in 0.011612 seconds 
========================================================================
Received Import Request.
  Time since last request: 0.000082 seconds.
  path: Assets/Materials/Coin.001.mat
  artifactKey: Guid(ea0cdc39888df454bb3cb02b83e29379) Importer(815301076,1909f56bfc062723c751e8b465ee728b)
Start importing Assets/Materials/Coin.001.mat using Guid(ea0cdc39888df454bb3cb02b83e29379) Importer(815301076,1909f56bfc062723c751e8b465ee728b)  -> (artifact id: 'dcd83617aabb0c1d9f02d6b327c92fc7') in 0.011417 seconds 
========================================================================
Received Import Request.
  Time since last request: 0.000057 seconds.
  path: Assets/Materials/Cesped.001.mat
  artifactKey: Guid(7a6888ffd64e1be4499b61f37aacd37e) Importer(815301076,1909f56bfc062723c751e8b465ee728b)
Start importing Assets/Materials/Cesped.001.mat using Guid(7a6888ffd64e1be4499b61f37aacd37e) Importer(815301076,1909f56bfc062723c751e8b465ee728b)  -> (artifact id: '5d639b6dce04fca2d230d45382291b32') in 0.022784 seconds 
========================================================================
Received Import Request.
  Time since last request: 0.000120 seconds.
  path: Assets/Materials/Brown.063.mat
  artifactKey: Guid(8d882e5d22cea3c45bf304e23af01155) Importer(815301076,1909f56bfc062723c751e8b465ee728b)
Start importing Assets/Materials/Brown.063.mat using Guid(8d882e5d22cea3c45bf304e23af01155) Importer(815301076,1909f56bfc062723c751e8b465ee728b)  -> (artifact id: '269de2afeb39aef0b08a32d122a44ee1') in 0.011232 seconds 
========================================================================
Received Import Request.
  Time since last request: 0.072990 seconds.
  path: Assets/Materials/Copa del arbol.010 1.mat
  artifactKey: Guid(ccc6b240365c18348ae333a194abd6f0) Importer(815301076,1909f56bfc062723c751e8b465ee728b)
Start importing Assets/Materials/Copa del arbol.010 1.mat using Guid(ccc6b240365c18348ae333a194abd6f0) Importer(815301076,1909f56bfc062723c751e8b465ee728b)  -> (artifact id: '0d42cb558b417f1913fb423c095bb9ae') in 0.009190 seconds 
========================================================================
Received Import Request.
  Time since last request: 0.000166 seconds.
  path: Assets/Materials/Copa del arbol.010.mat
  artifactKey: Guid(9810480e1fbb57843943d14100cd6d4e) Importer(815301076,1909f56bfc062723c751e8b465ee728b)
Start importing Assets/Materials/Copa del arbol.010.mat using Guid(9810480e1fbb57843943d14100cd6d4e) Importer(815301076,1909f56bfc062723c751e8b465ee728b)  -> (artifact id: 'ce6f6a4f63b10c4907b1b2dd3397a662') in 0.010293 seconds 
========================================================================
Received Import Request.
  Time since last request: 0.000097 seconds.
  path: Assets/Materials/Cuerda.001.mat
  artifactKey: Guid(01974bf7ef5d68140a109c3c840daaf4) Importer(815301076,1909f56bfc062723c751e8b465ee728b)
Start importing Assets/Materials/Cuerda.001.mat using Guid(01974bf7ef5d68140a109c3c840daaf4) Importer(815301076,1909f56bfc062723c751e8b465ee728b)  -> (artifact id: 'b32a7fb5de85817f0a2c027980c85c52') in 0.009228 seconds 
========================================================================
Received Import Request.
  Time since last request: 0.000080 seconds.
  path: Assets/Materials/Corteza (tronco) 1.mat
  artifactKey: Guid(dc4fb91b99c9f6a409eb200951faacdb) Importer(815301076,1909f56bfc062723c751e8b465ee728b)
Start importing Assets/Materials/Corteza (tronco) 1.mat using Guid(dc4fb91b99c9f6a409eb200951faacdb) Importer(815301076,1909f56bfc062723c751e8b465ee728b)  -> (artifact id: '11e149db8414a6939023f085aa3b413a') in 0.009380 seconds 
========================================================================
Received Import Request.
  Time since last request: 0.000117 seconds.
  path: Assets/Materials/Cupula.mat
  artifactKey: Guid(caa09884a0dc72241b4eee3345f9c8ff) Importer(815301076,1909f56bfc062723c751e8b465ee728b)
Start importing Assets/Materials/Cupula.mat using Guid(caa09884a0dc72241b4eee3345f9c8ff) Importer(815301076,1909f56bfc062723c751e8b465ee728b)  -> (artifact id: '93fa2fae408e72a1706ac970fe72ddfd') in 0.690125 seconds 
========================================================================
Received Import Request.
  Time since last request: 15.942065 seconds.
  path: Assets/Materials/Enemy 1.mat
  artifactKey: Guid(aac2df7ca3ebfca4d95612856550528b) Importer(815301076,1909f56bfc062723c751e8b465ee728b)
Start importing Assets/Materials/Enemy 1.mat using Guid(aac2df7ca3ebfca4d95612856550528b) Importer(815301076,1909f56bfc062723c751e8b465ee728b)  -> (artifact id: '7d5e4fac83eba41c9fe7aa81c45fbd09') in 0.095931 seconds 
========================================================================
Received Import Request.
  Time since last request: 0.000743 seconds.
  path: Assets/Materials/Luz.010.mat
  artifactKey: Guid(b25dc9846ec4eff44b077ad12ec65e89) Importer(815301076,1909f56bfc062723c751e8b465ee728b)
Start importing Assets/Materials/Luz.010.mat using Guid(b25dc9846ec4eff44b077ad12ec65e89) Importer(815301076,1909f56bfc062723c751e8b465ee728b)  -> (artifact id: 'c5773551f86df542ad79a57d3b1aefbb') in 0.038722 seconds 
========================================================================
Received Import Request.
  Time since last request: 0.000110 seconds.
  path: Assets/Materials/Metal.010.mat
  artifactKey: Guid(8552832413e1c9b4eb66108917299c8b) Importer(815301076,1909f56bfc062723c751e8b465ee728b)
Start importing Assets/Materials/Metal.010.mat using Guid(8552832413e1c9b4eb66108917299c8b) Importer(815301076,1909f56bfc062723c751e8b465ee728b)  -> (artifact id: '21478fc7743e71e7a8e2609e69118155') in 0.012821 seconds 
========================================================================
Received Import Request.
  Time since last request: 0.000155 seconds.
  path: Assets/Materials/Material #39.001.mat
  artifactKey: Guid(b50baa19dc215af4ba10b4ffb3546d95) Importer(815301076,1909f56bfc062723c751e8b465ee728b)
Start importing Assets/Materials/Material #39.001.mat using Guid(b50baa19dc215af4ba10b4ffb3546d95) Importer(815301076,1909f56bfc062723c751e8b465ee728b)  -> (artifact id: 'c685ef2027b3cb156703a432e16de912') in 0.019703 seconds 
========================================================================
Received Import Request.
  Time since last request: 0.000139 seconds.
  path: Assets/Materials/Luz.003.mat
  artifactKey: Guid(2d393494864cadd41bfe0ce40b38512e) Importer(815301076,1909f56bfc062723c751e8b465ee728b)
Start importing Assets/Materials/Luz.003.mat using Guid(2d393494864cadd41bfe0ce40b38512e) Importer(815301076,1909f56bfc062723c751e8b465ee728b)  -> (artifact id: 'a49f71be3e80307cad305d51cd872380') in 0.011188 seconds 
========================================================================
Received Import Request.
  Time since last request: 0.000210 seconds.
  path: Assets/Materials/Oro.003.mat
  artifactKey: Guid(d2340ba38a64526409dc34ba1c20669c) Importer(815301076,1909f56bfc062723c751e8b465ee728b)
Start importing Assets/Materials/Oro.003.mat using Guid(d2340ba38a64526409dc34ba1c20669c) Importer(815301076,1909f56bfc062723c751e8b465ee728b)  -> (artifact id: 'd2e34da0458a62ed2faea78788be9c5e') in 0.016386 seconds 
========================================================================
Received Import Request.
  Time since last request: 0.006519 seconds.
  path: Assets/Materials/Luz.007.mat
  artifactKey: Guid(d5e1968bfcb3755488a787dfc81b784a) Importer(815301076,1909f56bfc062723c751e8b465ee728b)
Start importing Assets/Materials/Luz.007.mat using Guid(d5e1968bfcb3755488a787dfc81b784a) Importer(815301076,1909f56bfc062723c751e8b465ee728b)  -> (artifact id: '7ded33b048679a5e0195e6ec5ab0330f') in 0.014138 seconds 
========================================================================
Received Import Request.
  Time since last request: 0.000085 seconds.
  path: Assets/Materials/Metal.011.mat
  artifactKey: Guid(c64f3d2c0988df0408586bc9091bfc8d) Importer(815301076,1909f56bfc062723c751e8b465ee728b)
Start importing Assets/Materials/Metal.011.mat using Guid(c64f3d2c0988df0408586bc9091bfc8d) Importer(815301076,1909f56bfc062723c751e8b465ee728b)  -> (artifact id: 'e41f65c7643cd683522a5011a289bba0') in 0.008964 seconds 
========================================================================
Received Import Request.
  Time since last request: 0.000075 seconds.
  path: Assets/Materials/Material #38.004.mat
  artifactKey: Guid(3a1b6860e6d33334aa0f487446dc4ad6) Importer(815301076,1909f56bfc062723c751e8b465ee728b)
Start importing Assets/Materials/Material #38.004.mat using Guid(3a1b6860e6d33334aa0f487446dc4ad6) Importer(815301076,1909f56bfc062723c751e8b465ee728b)  -> (artifact id: '9f2ee6ae3d7cb700cf514640ac86c9b1') in 0.013435 seconds 
========================================================================
Received Import Request.
  Time since last request: 0.000072 seconds.
  path: Assets/Materials/Luz.012.mat
  artifactKey: Guid(b5121516862fe9543a2d70f9dbc713d5) Importer(815301076,1909f56bfc062723c751e8b465ee728b)
Start importing Assets/Materials/Luz.012.mat using Guid(b5121516862fe9543a2d70f9dbc713d5) Importer(815301076,1909f56bfc062723c751e8b465ee728b)  -> (artifact id: 'a15815c533015eba51ffbb429697fc05') in 0.013023 seconds 
========================================================================
Received Import Request.
  Time since last request: 0.000077 seconds.
  path: Assets/Materials/Material #38.003.mat
  artifactKey: Guid(3fad930ffa2fc9c4c8e08f6ae36a09db) Importer(815301076,1909f56bfc062723c751e8b465ee728b)
Start importing Assets/Materials/Material #38.003.mat using Guid(3fad930ffa2fc9c4c8e08f6ae36a09db) Importer(815301076,1909f56bfc062723c751e8b465ee728b)  -> (artifact id: '837184ad855435efa08a113247a1bd48') in 0.012633 seconds 
========================================================================
Received Import Request.
  Time since last request: 0.000137 seconds.
  path: Assets/Materials/Oro.mat
  artifactKey: Guid(69e1085ecea611e418a202159043129c) Importer(815301076,1909f56bfc062723c751e8b465ee728b)
Start importing Assets/Materials/Oro.mat using Guid(69e1085ecea611e418a202159043129c) Importer(815301076,1909f56bfc062723c751e8b465ee728b)  -> (artifact id: 'd8e8845818175cce011074bafc5e496e') in 0.011567 seconds 
========================================================================
Received Import Request.
  Time since last request: 0.000344 seconds.
  path: Assets/Materials/Oro.007.mat
  artifactKey: Guid(03f5a6feb8290ac4d821aff9b6d8910e) Importer(815301076,1909f56bfc062723c751e8b465ee728b)
Start importing Assets/Materials/Oro.007.mat using Guid(03f5a6feb8290ac4d821aff9b6d8910e) Importer(815301076,1909f56bfc062723c751e8b465ee728b)  -> (artifact id: 'b9b4d62b8480bc4f2ae044440ff52421') in 0.010336 seconds 
========================================================================
Received Import Request.
  Time since last request: 0.000176 seconds.
  path: Assets/Materials/Piedra 2.013.mat
  artifactKey: Guid(8871491596d4b4542ab5578ce335a530) Importer(815301076,1909f56bfc062723c751e8b465ee728b)
Start importing Assets/Materials/Piedra 2.013.mat using Guid(8871491596d4b4542ab5578ce335a530) Importer(815301076,1909f56bfc062723c751e8b465ee728b)  -> (artifact id: '281993d152579bfebbce6defddafe310') in 0.008276 seconds 
========================================================================
Received Import Request.
  Time since last request: 0.000121 seconds.
  path: Assets/Materials/Tronco 1.005.mat
  artifactKey: Guid(96fd435dc276ad94fa119fd61234d02a) Importer(815301076,1909f56bfc062723c751e8b465ee728b)
Start importing Assets/Materials/Tronco 1.005.mat using Guid(96fd435dc276ad94fa119fd61234d02a) Importer(815301076,1909f56bfc062723c751e8b465ee728b)  -> (artifact id: '5b6628084623865f4cde41f150dbe6b5') in 0.010194 seconds 
========================================================================
Received Import Request.
  Time since last request: 0.000096 seconds.
  path: Assets/Materials/Tronco.010.mat
  artifactKey: Guid(3a8746d22c6666f4f9113c8fce394b5a) Importer(815301076,1909f56bfc062723c751e8b465ee728b)
Start importing Assets/Materials/Tronco.010.mat using Guid(3a8746d22c6666f4f9113c8fce394b5a) Importer(815301076,1909f56bfc062723c751e8b465ee728b)  -> (artifact id: '09da25d5e7b06fe004dd7455fdd2d401') in 0.017400 seconds 
========================================================================
Received Import Request.
  Time since last request: 0.000077 seconds.
  path: Assets/Materials/Tronco.011.mat
  artifactKey: Guid(29e0be06f5413e246b01b51a9ce84c11) Importer(815301076,1909f56bfc062723c751e8b465ee728b)
Start importing Assets/Materials/Tronco.011.mat using Guid(29e0be06f5413e246b01b51a9ce84c11) Importer(815301076,1909f56bfc062723c751e8b465ee728b)  -> (artifact id: '946f7188083ebbb161fd8e6039e3e27e') in 0.008003 seconds 
========================================================================
Received Import Request.
  Time since last request: 0.000067 seconds.
  path: Assets/Materials/Piedra 2.008.mat
  artifactKey: Guid(f02740b987b6d1f47b3509a4f59e07d9) Importer(815301076,1909f56bfc062723c751e8b465ee728b)
Start importing Assets/Materials/Piedra 2.008.mat using Guid(f02740b987b6d1f47b3509a4f59e07d9) Importer(815301076,1909f56bfc062723c751e8b465ee728b)  -> (artifact id: '6be2718fd57de2fdba7e2a8c01a7950c') in 0.008962 seconds 
========================================================================
Received Import Request.
  Time since last request: 0.000103 seconds.
  path: Assets/Materials/Piedra 2.005.mat
  artifactKey: Guid(2adbb331a81282f4f9926f9d9f43af8b) Importer(815301076,1909f56bfc062723c751e8b465ee728b)
Start importing Assets/Materials/Piedra 2.005.mat using Guid(2adbb331a81282f4f9926f9d9f43af8b) Importer(815301076,1909f56bfc062723c751e8b465ee728b)  -> (artifact id: '2b3db31bbce4bcdecc7974fdf4c3fc7d') in 0.006873 seconds 
========================================================================
Received Import Request.
  Time since last request: 0.000050 seconds.
  path: Assets/Materials/Road.002 1.mat
  artifactKey: Guid(62580c9a1d5b2574697cc9006fd6b2b1) Importer(815301076,1909f56bfc062723c751e8b465ee728b)
Start importing Assets/Materials/Road.002 1.mat using Guid(62580c9a1d5b2574697cc9006fd6b2b1) Importer(815301076,1909f56bfc062723c751e8b465ee728b)  -> (artifact id: '407f5c8d893e681ca89c154dedeb99df') in 0.011080 seconds 
========================================================================
Received Import Request.
  Time since last request: 0.000792 seconds.
  path: Assets/Materials/Piedra 1.mat
  artifactKey: Guid(357842ccbc561b3439f02a42f26c2f3b) Importer(815301076,1909f56bfc062723c751e8b465ee728b)
Start importing Assets/Materials/Piedra 1.mat using Guid(357842ccbc561b3439f02a42f26c2f3b) Importer(815301076,1909f56bfc062723c751e8b465ee728b)  -> (artifact id: '3c4fe8d5f0e64c0211fa440e51a23360') in 0.009079 seconds 
========================================================================
Received Import Request.
  Time since last request: 0.000122 seconds.
  path: Assets/Materials/ProBuilderDefault.001.mat
  artifactKey: Guid(c62413718faaf6c4a98dab3ca741ed5b) Importer(815301076,1909f56bfc062723c751e8b465ee728b)
Start importing Assets/Materials/ProBuilderDefault.001.mat using Guid(c62413718faaf6c4a98dab3ca741ed5b) Importer(815301076,1909f56bfc062723c751e8b465ee728b)  -> (artifact id: '4403db71e776ca17f4988ce57acf2ed6') in 0.009951 seconds 
========================================================================
Received Import Request.
  Time since last request: 0.000129 seconds.
  path: Assets/Materials/Tronco 1.002.mat
  artifactKey: Guid(43b2cf05a7ae05d47a316c2534a6b6bb) Importer(815301076,1909f56bfc062723c751e8b465ee728b)
Start importing Assets/Materials/Tronco 1.002.mat using Guid(43b2cf05a7ae05d47a316c2534a6b6bb) Importer(815301076,1909f56bfc062723c751e8b465ee728b)  -> (artifact id: 'dc433733ab3a2192470412497c523906') in 0.008642 seconds 
========================================================================
Received Import Request.
  Time since last request: 0.000148 seconds.
  path: Assets/Materials/Tronco.006.mat
  artifactKey: Guid(b7957fc9bb21f9f49a51eaab6604ede6) Importer(815301076,1909f56bfc062723c751e8b465ee728b)
Start importing Assets/Materials/Tronco.006.mat using Guid(b7957fc9bb21f9f49a51eaab6604ede6) Importer(815301076,1909f56bfc062723c751e8b465ee728b)  -> (artifact id: '02f553c0bce75390289af8534dc6ce3c') in 0.008888 seconds 
========================================================================
Received Import Request.
  Time since last request: 0.000316 seconds.
  path: Assets/Materials/Piedra 2.015.mat
  artifactKey: Guid(bea3648fcf4ad08448c6ebf8c9c7d210) Importer(815301076,1909f56bfc062723c751e8b465ee728b)
Start importing Assets/Materials/Piedra 2.015.mat using Guid(bea3648fcf4ad08448c6ebf8c9c7d210) Importer(815301076,1909f56bfc062723c751e8b465ee728b)  -> (artifact id: '130e4cc0eceea3f10b257af2249fba56') in 0.015199 seconds 
========================================================================
Received Import Request.
  Time since last request: 0.000096 seconds.
  path: Assets/Materials/Road 1.mat
  artifactKey: Guid(b56e7963714630644a00066d8e17e06e) Importer(815301076,1909f56bfc062723c751e8b465ee728b)
Start importing Assets/Materials/Road 1.mat using Guid(b56e7963714630644a00066d8e17e06e) Importer(815301076,1909f56bfc062723c751e8b465ee728b)  -> (artifact id: 'e55b14cdcc237d91900c908fdd6178c0') in 0.010080 seconds 
========================================================================
Received Import Request.
  Time since last request: 0.000255 seconds.
  path: Assets/Materials/Tronco.010 1.mat
  artifactKey: Guid(873d14f6f8cb4c84fb7736920deba2d4) Importer(815301076,1909f56bfc062723c751e8b465ee728b)
Start importing Assets/Materials/Tronco.010 1.mat using Guid(873d14f6f8cb4c84fb7736920deba2d4) Importer(815301076,1909f56bfc062723c751e8b465ee728b)  -> (artifact id: 'fad064dbd849d19fd5f401dd35d8e0b9') in 0.008531 seconds 
========================================================================
Received Import Request.
  Time since last request: 0.000103 seconds.
  path: Assets/Materials/Piedra 2.006.mat
  artifactKey: Guid(d9383b1a6ffbc7740ba05b1f3bedcd71) Importer(815301076,1909f56bfc062723c751e8b465ee728b)
Start importing Assets/Materials/Piedra 2.006.mat using Guid(d9383b1a6ffbc7740ba05b1f3bedcd71) Importer(815301076,1909f56bfc062723c751e8b465ee728b)  -> (artifact id: 'a264fe13ff4a164efcbbaaa8336ac51e') in 0.008407 seconds 
========================================================================
Received Import Request.
  Time since last request: 0.000097 seconds.
  path: Assets/Materials/Oro.012.mat
  artifactKey: Guid(fa0a31c9f33507c4c97fe2e4d00a9b9a) Importer(815301076,1909f56bfc062723c751e8b465ee728b)
Start importing Assets/Materials/Oro.012.mat using Guid(fa0a31c9f33507c4c97fe2e4d00a9b9a) Importer(815301076,1909f56bfc062723c751e8b465ee728b)  -> (artifact id: '8a3a002cc26127150921fd57304079b3') in 0.009651 seconds 
========================================================================
Received Import Request.
  Time since last request: 0.000096 seconds.
  path: Assets/Materials/Luz.004.mat
  artifactKey: Guid(e147b1dd038f1e844b16cb71d9d98b51) Importer(815301076,1909f56bfc062723c751e8b465ee728b)
Start importing Assets/Materials/Luz.004.mat using Guid(e147b1dd038f1e844b16cb71d9d98b51) Importer(815301076,1909f56bfc062723c751e8b465ee728b)  -> (artifact id: 'dac3d3d5b6e8ae6b4928ccd0b9aeb3ea') in 0.008780 seconds 
========================================================================
Received Import Request.
  Time since last request: 0.000277 seconds.
  path: Assets/Materials/Oro.005.mat
  artifactKey: Guid(00101363459953c4aaab3bff594a3b76) Importer(815301076,1909f56bfc062723c751e8b465ee728b)
Start importing Assets/Materials/Oro.005.mat using Guid(00101363459953c4aaab3bff594a3b76) Importer(815301076,1909f56bfc062723c751e8b465ee728b)  -> (artifact id: 'e26e01e2b9ddea7df44b514190f56a62') in 0.011715 seconds 
========================================================================
Received Import Request.
  Time since last request: 0.000057 seconds.
  path: Assets/Materials/Metal.006.mat
  artifactKey: Guid(969f057baa712584c8fa481b6d813fa7) Importer(815301076,1909f56bfc062723c751e8b465ee728b)
Start importing Assets/Materials/Metal.006.mat using Guid(969f057baa712584c8fa481b6d813fa7) Importer(815301076,1909f56bfc062723c751e8b465ee728b)  -> (artifact id: 'a9b263721f2c1646eaa692158a3750d7') in 0.006594 seconds 
========================================================================
Received Import Request.
  Time since last request: 0.000103 seconds.
  path: Assets/Materials/Piedra 2.010.mat
  artifactKey: Guid(85ff98b7b1429fe43b8c1cfea175837d) Importer(815301076,1909f56bfc062723c751e8b465ee728b)
Start importing Assets/Materials/Piedra 2.010.mat using Guid(85ff98b7b1429fe43b8c1cfea175837d) Importer(815301076,1909f56bfc062723c751e8b465ee728b)  -> (artifact id: '6087780db07e0d08924da1d9bd4bc9ec') in 0.008003 seconds 
========================================================================
Received Import Request.
  Time since last request: 0.000536 seconds.
  path: Assets/Materials/Tierra 3.mat
  artifactKey: Guid(94234ec98e0b85949a643aa391400444) Importer(815301076,1909f56bfc062723c751e8b465ee728b)
Start importing Assets/Materials/Tierra 3.mat using Guid(94234ec98e0b85949a643aa391400444) Importer(815301076,1909f56bfc062723c751e8b465ee728b)  -> (artifact id: '2fbb9abf3a6be0ec009e53e2820657cd') in 0.007119 seconds 
========================================================================
Received Import Request.
  Time since last request: 0.000053 seconds.
  path: Assets/Materials/Material #39 1.mat
  artifactKey: Guid(33644262cd614df4e97b316be0482cad) Importer(815301076,1909f56bfc062723c751e8b465ee728b)
Start importing Assets/Materials/Material #39 1.mat using Guid(33644262cd614df4e97b316be0482cad) Importer(815301076,1909f56bfc062723c751e8b465ee728b)  -> (artifact id: 'ac33d58829b056d295e93d4d57dd4170') in 0.007532 seconds 
========================================================================
Received Import Request.
  Time since last request: 0.000077 seconds.
  path: Assets/Materials/Material #39.003.mat
  artifactKey: Guid(b9143f63cff3dc141af748a0ab95dfce) Importer(815301076,1909f56bfc062723c751e8b465ee728b)
Start importing Assets/Materials/Material #39.003.mat using Guid(b9143f63cff3dc141af748a0ab95dfce) Importer(815301076,1909f56bfc062723c751e8b465ee728b)  -> (artifact id: '82198971883993f684dc60ab8334b8f5') in 0.009009 seconds 
========================================================================
Received Import Request.
  Time since last request: 0.000068 seconds.
  path: Assets/Materials/Material #40 2.mat
  artifactKey: Guid(076ad7adfcb56a741aebd9751abbc553) Importer(815301076,1909f56bfc062723c751e8b465ee728b)
Start importing Assets/Materials/Material #40 2.mat using Guid(076ad7adfcb56a741aebd9751abbc553) Importer(815301076,1909f56bfc062723c751e8b465ee728b)  -> (artifact id: '31a28c04acc570e5c3739df245faafc6') in 0.010545 seconds 
========================================================================
Received Import Request.
  Time since last request: 0.000156 seconds.
  path: Assets/Materials/Tierra.001 1.mat
  artifactKey: Guid(922ee52d6cb225341a5d2235e70848ef) Importer(815301076,1909f56bfc062723c751e8b465ee728b)
Start importing Assets/Materials/Tierra.001 1.mat using Guid(922ee52d6cb225341a5d2235e70848ef) Importer(815301076,1909f56bfc062723c751e8b465ee728b)  -> (artifact id: '6664376d0568193cc703422fb1091a71') in 0.012464 seconds 
========================================================================
Received Import Request.
  Time since last request: 0.000116 seconds.
  path: Assets/Materials/Luz.015.mat
  artifactKey: Guid(751799548b4b8724fa0fe860bb9284f7) Importer(815301076,1909f56bfc062723c751e8b465ee728b)
Start importing Assets/Materials/Luz.015.mat using Guid(751799548b4b8724fa0fe860bb9284f7) Importer(815301076,1909f56bfc062723c751e8b465ee728b)  -> (artifact id: 'a4fb548e939b472e3abc07da114125b4') in 0.009014 seconds 
========================================================================
Received Import Request.
  Time since last request: 0.000085 seconds.
  path: Assets/Materials/Material #39 2.mat
  artifactKey: Guid(6923f0a7aa76aa94faeae59cc7b373ad) Importer(815301076,1909f56bfc062723c751e8b465ee728b)
Start importing Assets/Materials/Material #39 2.mat using Guid(6923f0a7aa76aa94faeae59cc7b373ad) Importer(815301076,1909f56bfc062723c751e8b465ee728b)  -> (artifact id: '7d1eb67f20796ac7828019e93ad7978b') in 0.010396 seconds 
========================================================================
Received Import Request.
  Time since last request: 0.000080 seconds.
  path: Assets/Materials/Tronco.007.mat
  artifactKey: Guid(d152985afc5d37f41a367931bfbe9fbc) Importer(815301076,1909f56bfc062723c751e8b465ee728b)
Start importing Assets/Materials/Tronco.007.mat using Guid(d152985afc5d37f41a367931bfbe9fbc) Importer(815301076,1909f56bfc062723c751e8b465ee728b)  -> (artifact id: '34a7bd0c83f82da6a136c6bda08ade85') in 0.007208 seconds 
========================================================================
Received Import Request.
  Time since last request: 0.000078 seconds.
  path: Assets/Materials/ProBuilderDefault 1.mat
  artifactKey: Guid(4aa54dbed3d3bf240b4da40d64e10404) Importer(815301076,1909f56bfc062723c751e8b465ee728b)
Start importing Assets/Materials/ProBuilderDefault 1.mat using Guid(4aa54dbed3d3bf240b4da40d64e10404) Importer(815301076,1909f56bfc062723c751e8b465ee728b)  -> (artifact id: 'b1748e5fe9e25835970fdf4fbb05f12d') in 0.010015 seconds 
========================================================================
Received Import Request.
  Time since last request: 0.000170 seconds.
  path: Assets/Materials/Piedra 2.016.mat
  artifactKey: Guid(ba90cd51c623bdf4383bffc2cb04c365) Importer(815301076,1909f56bfc062723c751e8b465ee728b)
Start importing Assets/Materials/Piedra 2.016.mat using Guid(ba90cd51c623bdf4383bffc2cb04c365) Importer(815301076,1909f56bfc062723c751e8b465ee728b)  -> (artifact id: 'b89e4ac4b5b76fe9890cf5eae7e6c9d6') in 0.007015 seconds 
========================================================================
Received Import Request.
  Time since last request: 0.000275 seconds.
  path: Assets/Materials/Material #39.002.mat
  artifactKey: Guid(e5cd6585c9468d54999847a31b0313ba) Importer(815301076,1909f56bfc062723c751e8b465ee728b)
Start importing Assets/Materials/Material #39.002.mat using Guid(e5cd6585c9468d54999847a31b0313ba) Importer(815301076,1909f56bfc062723c751e8b465ee728b)  -> (artifact id: 'fed7ed6a55e0fd52e910726aed0999bf') in 0.008581 seconds 
========================================================================
Received Import Request.
  Time since last request: 0.000137 seconds.
  path: Assets/Materials/Piedra 2.002.mat
  artifactKey: Guid(4289d456f1cdc0c439a8956e600a9de0) Importer(815301076,1909f56bfc062723c751e8b465ee728b)
Start importing Assets/Materials/Piedra 2.002.mat using Guid(4289d456f1cdc0c439a8956e600a9de0) Importer(815301076,1909f56bfc062723c751e8b465ee728b)  -> (artifact id: '759feee0f6f50e918999ace159ecad52') in 0.014632 seconds 
========================================================================
Received Import Request.
  Time since last request: 0.000216 seconds.
  path: Assets/Materials/Metal.mat
  artifactKey: Guid(94a8f84bd0e1d0e4d8928122d56feb22) Importer(815301076,1909f56bfc062723c751e8b465ee728b)
Start importing Assets/Materials/Metal.mat using Guid(94a8f84bd0e1d0e4d8928122d56feb22) Importer(815301076,1909f56bfc062723c751e8b465ee728b)  -> (artifact id: 'bfd7e9c87f2d86a53eb88106b39fb01f') in 0.008958 seconds 
========================================================================
Received Import Request.
  Time since last request: 0.000094 seconds.
  path: Assets/Materials/Tronco.001.mat
  artifactKey: Guid(72775c9bdd69d43498f28497f28fc8c2) Importer(815301076,1909f56bfc062723c751e8b465ee728b)
Start importing Assets/Materials/Tronco.001.mat using Guid(72775c9bdd69d43498f28497f28fc8c2) Importer(815301076,1909f56bfc062723c751e8b465ee728b)  -> (artifact id: '5e4b2df17bdca4124b3329b67b5ca6a9') in 0.015564 seconds 
========================================================================
Received Import Request.
  Time since last request: 0.000528 seconds.
  path: Assets/Materials/Road 2.mat
  artifactKey: Guid(0c2506e6f522ade4cae3890aa56578ca) Importer(815301076,1909f56bfc062723c751e8b465ee728b)
Start importing Assets/Materials/Road 2.mat using Guid(0c2506e6f522ade4cae3890aa56578ca) Importer(815301076,1909f56bfc062723c751e8b465ee728b)  -> (artifact id: '8a2cc1ca9bc83d87d50a4c9616dd9a87') in 0.019279 seconds 
========================================================================
Received Import Request.
  Time since last request: 0.001600 seconds.
  path: Assets/Materials/Tierra.mat
  artifactKey: Guid(e3ab530e7fe729c47bc49cc01a782312) Importer(815301076,1909f56bfc062723c751e8b465ee728b)
Start importing Assets/Materials/Tierra.mat using Guid(e3ab530e7fe729c47bc49cc01a782312) Importer(815301076,1909f56bfc062723c751e8b465ee728b)  -> (artifact id: 'e49d08aefb025e4f5cc70def6ba898c9') in 0.018774 seconds 
========================================================================
Received Import Request.
  Time since last request: 0.000069 seconds.
  path: Assets/Materials/Metal.007.mat
  artifactKey: Guid(e149afbc660c3194bb38806e7fe8207f) Importer(815301076,1909f56bfc062723c751e8b465ee728b)
Start importing Assets/Materials/Metal.007.mat using Guid(e149afbc660c3194bb38806e7fe8207f) Importer(815301076,1909f56bfc062723c751e8b465ee728b)  -> (artifact id: '301d14ebc8a1c3fa8c57e1aa3d552c61') in 0.010952 seconds 
========================================================================
Received Import Request.
  Time since last request: 0.000070 seconds.
  path: Assets/Materials/WaterMaterial Modified 2.mat
  artifactKey: Guid(12a8e5d6554c97a498f466cb9db86114) Importer(815301076,1909f56bfc062723c751e8b465ee728b)
Start importing Assets/Materials/WaterMaterial Modified 2.mat using Guid(12a8e5d6554c97a498f466cb9db86114) Importer(815301076,1909f56bfc062723c751e8b465ee728b)  -> (artifact id: '6cfa19fd5f34af9cb7ac82ab489ac1bb') in 0.067789 seconds 
========================================================================
Received Import Request.
  Time since last request: 0.000132 seconds.
  path: Assets/Materials/Tronco.003.mat
  artifactKey: Guid(0a25a132a0182384ab1425168e9bbd9c) Importer(815301076,1909f56bfc062723c751e8b465ee728b)
Start importing Assets/Materials/Tronco.003.mat using Guid(0a25a132a0182384ab1425168e9bbd9c) Importer(815301076,1909f56bfc062723c751e8b465ee728b)  -> (artifact id: 'd4531e2d5f313a229035b6f4ba58da02') in 0.008805 seconds 
========================================================================
Received Import Request.
  Time since last request: 0.000287 seconds.
  path: Assets/Materials/Tronco 3.mat
  artifactKey: Guid(04615be89fa4d904a95f268494c4a2f4) Importer(815301076,1909f56bfc062723c751e8b465ee728b)
Start importing Assets/Materials/Tronco 3.mat using Guid(04615be89fa4d904a95f268494c4a2f4) Importer(815301076,1909f56bfc062723c751e8b465ee728b)  -> (artifact id: '2c68e37e012d7b5ca7041510ab439cff') in 0.007868 seconds 
========================================================================
Received Import Request.
  Time since last request: 0.001591 seconds.
  path: Assets/Materials/Luz.mat
  artifactKey: Guid(b0f149c8d2b6c7d4484aac12977b9de1) Importer(815301076,1909f56bfc062723c751e8b465ee728b)
Start importing Assets/Materials/Luz.mat using Guid(b0f149c8d2b6c7d4484aac12977b9de1) Importer(815301076,1909f56bfc062723c751e8b465ee728b)  -> (artifact id: 'fe965c35ba9d4dfe47f5e705db4a8182') in 0.015178 seconds 
========================================================================
Received Import Request.
  Time since last request: 0.000150 seconds.
  path: Assets/Materials/Material #40.002.mat
  artifactKey: Guid(e8916c8a428c71445ac078b470886af0) Importer(815301076,1909f56bfc062723c751e8b465ee728b)
Start importing Assets/Materials/Material #40.002.mat using Guid(e8916c8a428c71445ac078b470886af0) Importer(815301076,1909f56bfc062723c751e8b465ee728b)  -> (artifact id: 'a34d00c39638145bf982106324f32358') in 0.007765 seconds 
========================================================================
Received Import Request.
  Time since last request: 0.000076 seconds.
  path: Assets/Materials/Oro.017.mat
  artifactKey: Guid(ffe16b3eac356a94baa2cb2dd91c352c) Importer(815301076,1909f56bfc062723c751e8b465ee728b)
Start importing Assets/Materials/Oro.017.mat using Guid(ffe16b3eac356a94baa2cb2dd91c352c) Importer(815301076,1909f56bfc062723c751e8b465ee728b)  -> (artifact id: '98c5a80df54b14ebe7191ce3fc095680') in 0.009058 seconds 
========================================================================
Received Import Request.
  Time since last request: 0.000070 seconds.
  path: Assets/Materials/Tronco.004.mat
  artifactKey: Guid(837356ce36f5fa645b774684fb94ff0d) Importer(815301076,1909f56bfc062723c751e8b465ee728b)
Start importing Assets/Materials/Tronco.004.mat using Guid(837356ce36f5fa645b774684fb94ff0d) Importer(815301076,1909f56bfc062723c751e8b465ee728b)  -> (artifact id: '1b12cdac1ba87aea1902ae6796b8882c') in 0.009182 seconds 
========================================================================
Received Import Request.
  Time since last request: 0.000977 seconds.
  path: Assets/Materials/Tronco 1.012.mat
  artifactKey: Guid(9ac966af42215d0459369675746587aa) Importer(815301076,1909f56bfc062723c751e8b465ee728b)
Start importing Assets/Materials/Tronco 1.012.mat using Guid(9ac966af42215d0459369675746587aa) Importer(815301076,1909f56bfc062723c751e8b465ee728b)  -> (artifact id: 'b7a57bd0003e3cfdc9344084fe54d72a') in 0.009644 seconds 
========================================================================
Received Import Request.
  Time since last request: 0.000217 seconds.
  path: Assets/Materials/Material #40.004.mat
  artifactKey: Guid(f1df58d71a58d91469f570cbce3118a9) Importer(815301076,1909f56bfc062723c751e8b465ee728b)
Start importing Assets/Materials/Material #40.004.mat using Guid(f1df58d71a58d91469f570cbce3118a9) Importer(815301076,1909f56bfc062723c751e8b465ee728b)  -> (artifact id: 'd53846981b1c11b4af4e60a8725aecc0') in 0.011320 seconds 
========================================================================
Received Import Request.
  Time since last request: 0.000115 seconds.
  path: Assets/Materials/Material #40.003.mat
  artifactKey: Guid(64027addca40452409e6ea82d5982fa6) Importer(815301076,1909f56bfc062723c751e8b465ee728b)
Start importing Assets/Materials/Material #40.003.mat using Guid(64027addca40452409e6ea82d5982fa6) Importer(815301076,1909f56bfc062723c751e8b465ee728b)  -> (artifact id: '5b7787e7635795d904d49518198e0cc8') in 0.011251 seconds 
========================================================================
Received Import Request.
  Time since last request: 0.000287 seconds.
  path: Assets/Materials/Material #40.001.mat
  artifactKey: Guid(9b30e4585b905c4498f439bc6d2ea1f8) Importer(815301076,1909f56bfc062723c751e8b465ee728b)
Start importing Assets/Materials/Material #40.001.mat using Guid(9b30e4585b905c4498f439bc6d2ea1f8) Importer(815301076,1909f56bfc062723c751e8b465ee728b)  -> (artifact id: '6ac4cd0402bdf0e446dd48d23c87cc2e') in 0.011423 seconds 
========================================================================
Received Import Request.
  Time since last request: 0.000095 seconds.
  path: Assets/Materials/Luz.002.mat
  artifactKey: Guid(1ee75169e4ca49646af1170314e53efd) Importer(815301076,1909f56bfc062723c751e8b465ee728b)
Start importing Assets/Materials/Luz.002.mat using Guid(1ee75169e4ca49646af1170314e53efd) Importer(815301076,1909f56bfc062723c751e8b465ee728b)  -> (artifact id: 'd0870f2309db1f413fb35cbae4abef22') in 0.014376 seconds 
========================================================================
Received Import Request.
  Time since last request: 0.002920 seconds.
  path: Assets/Materials/Material #39.002 1.mat
  artifactKey: Guid(805045a3131d36c44aab6bc1ba4e53f5) Importer(815301076,1909f56bfc062723c751e8b465ee728b)
Start importing Assets/Materials/Material #39.002 1.mat using Guid(805045a3131d36c44aab6bc1ba4e53f5) Importer(815301076,1909f56bfc062723c751e8b465ee728b)  -> (artifact id: 'bc4dd02d32e96806b03e7e77146c17eb') in 0.012495 seconds 
========================================================================
Received Import Request.
  Time since last request: 0.000599 seconds.
  path: Assets/Materials/Piedra 2.007.mat
  artifactKey: Guid(e256e2324c44a5f468366d7290fb9d90) Importer(815301076,1909f56bfc062723c751e8b465ee728b)
Start importing Assets/Materials/Piedra 2.007.mat using Guid(e256e2324c44a5f468366d7290fb9d90) Importer(815301076,1909f56bfc062723c751e8b465ee728b)  -> (artifact id: '3418e0c040f6abc0d3e39ca189257efe') in 0.008952 seconds 
========================================================================
Received Import Request.
  Time since last request: 0.000231 seconds.
  path: Assets/Materials/ProBuilderDefault 2.mat
  artifactKey: Guid(c5ebbaba8ab518046807d8dad9a78d6c) Importer(815301076,1909f56bfc062723c751e8b465ee728b)
Start importing Assets/Materials/ProBuilderDefault 2.mat using Guid(c5ebbaba8ab518046807d8dad9a78d6c) Importer(815301076,1909f56bfc062723c751e8b465ee728b)  -> (artifact id: '6673fe3ccba9a5411b5f6b0acfe2399d') in 0.011731 seconds 
========================================================================
Received Import Request.
  Time since last request: 0.601226 seconds.
  path: Assets/Materials/Piedra 1.002.mat
  artifactKey: Guid(8625660223581a2409eebc1dbd892d99) Importer(815301076,1909f56bfc062723c751e8b465ee728b)
Start importing Assets/Materials/Piedra 1.002.mat using Guid(8625660223581a2409eebc1dbd892d99) Importer(815301076,1909f56bfc062723c751e8b465ee728b)  -> (artifact id: 'd75313782afb1d46bb4f2eb34b3c3066') in 0.010755 seconds 
========================================================================
Received Import Request.
  Time since last request: 0.000088 seconds.
  path: Assets/Materials/Piedra 1.009.mat
  artifactKey: Guid(c176af1b7c2167048a09d602802b6263) Importer(815301076,1909f56bfc062723c751e8b465ee728b)
Start importing Assets/Materials/Piedra 1.009.mat using Guid(c176af1b7c2167048a09d602802b6263) Importer(815301076,1909f56bfc062723c751e8b465ee728b)  -> (artifact id: 'c831d28e87c83539b22e5e0eb5f6bb8c') in 0.010678 seconds 
========================================================================
Received Import Request.
  Time since last request: 0.000107 seconds.
  path: Assets/Materials/Piedra 1.014.mat
  artifactKey: Guid(1140622c8e400e54db9dacb9a1c613d6) Importer(815301076,1909f56bfc062723c751e8b465ee728b)
Start importing Assets/Materials/Piedra 1.014.mat using Guid(1140622c8e400e54db9dacb9a1c613d6) Importer(815301076,1909f56bfc062723c751e8b465ee728b)  -> (artifact id: '44f6aa9470eb38e605cb18d5f3dac800') in 0.009616 seconds 
========================================================================
Received Import Request.
  Time since last request: 38.790995 seconds.
  path: Assets/Textures/d862bc168b619fad12c7b50b50317503.jpg
  artifactKey: Guid(ac4ebd768128a484ab7963c9945b31d2) Importer(815301076,1909f56bfc062723c751e8b465ee728b)
Start importing Assets/Textures/d862bc168b619fad12c7b50b50317503.jpg using Guid(ac4ebd768128a484ab7963c9945b31d2) Importer(815301076,1909f56bfc062723c751e8b465ee728b)  -> (artifact id: 'f01f054c8865dde3eed19fedc0fec405') in 0.720088 seconds 
========================================================================
Received Import Request.
  Time since last request: 22.621817 seconds.
  path: Assets/Modelos/Bichis.fbx
  artifactKey: Guid(9286783d8b0c44d62b65ee8080739e56) Importer(815301076,1909f56bfc062723c751e8b465ee728b)
Start importing Assets/Modelos/Bichis.fbx using Guid(9286783d8b0c44d62b65ee8080739e56) Importer(815301076,1909f56bfc062723c751e8b465ee728b)  -> (artifact id: 'fc701888ad757cecb4ebbc007478e9ee') in 0.422095 seconds 
========================================================================
Received Import Request.
  Time since last request: 74.925064 seconds.
  path: Assets/Animaciones/BossFinalTremendisimo/BossFinalAnimator.controller
  artifactKey: Guid(9232ef5b490454640a0a1a5550d4cd08) Importer(815301076,1909f56bfc062723c751e8b465ee728b)
Start importing Assets/Animaciones/BossFinalTremendisimo/BossFinalAnimator.controller using Guid(9232ef5b490454640a0a1a5550d4cd08) Importer(815301076,1909f56bfc062723c751e8b465ee728b)  -> (artifact id: '572cb8c974616c5afdc10876117ccbd8') in 0.068896 seconds 
========================================================================
Received Import Request.
  Time since last request: 126.713683 seconds.
  path: Assets/Scripts/HerenciaEnemigo
  artifactKey: Guid(e73298f80dcb941bf892e46de7acb117) Importer(815301076,1909f56bfc062723c751e8b465ee728b)
Start importing Assets/Scripts/HerenciaEnemigo using Guid(e73298f80dcb941bf892e46de7acb117) Importer(815301076,1909f56bfc062723c751e8b465ee728b)  -> (artifact id: '4b4e25fc95af3e7fed4afb8c755eef07') in 0.002175 seconds 
========================================================================
Received Import Request.
  Time since last request: 2.147161 seconds.
  path: Assets/Scripts/HerenciaEnemigo/ZubatoEnemigo.cs
  artifactKey: Guid(0cde695c9ef8446d19da78ea065bf587) Importer(815301076,1909f56bfc062723c751e8b465ee728b)
Start importing Assets/Scripts/HerenciaEnemigo/ZubatoEnemigo.cs using Guid(0cde695c9ef8446d19da78ea065bf587) Importer(815301076,1909f56bfc062723c751e8b465ee728b)  -> (artifact id: '4bfe40f6639967bc61bcbd9b89d3f682') in 0.913707 seconds 
========================================================================
Received Import Request.
  Time since last request: 1.382769 seconds.
  path: Assets/Scripts/HerenciaEnemigo/ZubatoEnemigo1.cs
  artifactKey: Guid(b9b7f2dad30694a96bc1af9911176d15) Importer(815301076,1909f56bfc062723c751e8b465ee728b)
Start importing Assets/Scripts/HerenciaEnemigo/ZubatoEnemigo1.cs using Guid(b9b7f2dad30694a96bc1af9911176d15) Importer(815301076,1909f56bfc062723c751e8b465ee728b)  -> (artifact id: '8b5886134d8387c7310978574f6cb1bd') in 0.001471 seconds 
========================================================================
Received Import Request.
  Time since last request: 9.628548 seconds.
  path: Assets/Scripts/HerenciaEnemigo/EnemigoFInal.cs
  artifactKey: Guid(b9b7f2dad30694a96bc1af9911176d15) Importer(815301076,1909f56bfc062723c751e8b465ee728b)
Start importing Assets/Scripts/HerenciaEnemigo/EnemigoFInal.cs using Guid(b9b7f2dad30694a96bc1af9911176d15) Importer(815301076,1909f56bfc062723c751e8b465ee728b)  -> (artifact id: '585bb699c3aaf8c3775f071fc962ac4b') in 0.012200 seconds 
========================================================================
Received Prepare
Registering precompiled user dll's ...
Registered in 0.001669 seconds.
Begin MonoManager ReloadAssembly
Symbol file LoadedFromMemory doesn't match image /Users/2A3Dm/Desktop/M14UnityDavid/Proyecto_Unity/Library/PackageCache/com.unity.visualscripting@1.8.0/Editor/VisualScripting.Core/Dependencies/YamlDotNet/Unity.VisualScripting.YamlDotNet.dll
Symbol file LoadedFromMemory doesn't match image /Users/2A3Dm/Desktop/M14UnityDavid/Proyecto_Unity/Library/PackageCache/com.unity.visualscripting@1.8.0/Editor/VisualScripting.Core/Dependencies/DotNetZip/Unity.VisualScripting.IonicZip.dll
Native extension for OSXStandalone target not found
Refreshing native plugins compatible for Editor in 1.26 ms, found 2 plugins.
Preloading 0 native plugins for Editor in 0.00 ms.
Mono: successfully reloaded assembly
- Completed reload, in  2.492 seconds
Domain Reload Profiling:
	ReloadAssembly (2495ms)
		BeginReloadAssembly (389ms)
			ExecutionOrderSort (0ms)
			DisableScriptedObjects (43ms)
			BackupInstance (0ms)
			ReleaseScriptingObjects (0ms)
			CreateAndSetChildDomain (100ms)
		EndReloadAssembly (1885ms)
			LoadAssemblies (173ms)
			RebuildTransferFunctionScriptingTraits (0ms)
			SetupTypeCache (329ms)
			ReleaseScriptCaches (2ms)
			RebuildScriptCaches (52ms)
			SetupLoadedEditorAssemblies (1171ms)
				LogAssemblyErrors (0ms)
				InitializePlatformSupportModulesInManaged (15ms)
				SetLoadedEditorAssemblies (2ms)
				RefreshPlugins (1ms)
				BeforeProcessingInitializeOnLoad (104ms)
				ProcessInitializeOnLoadAttributes (932ms)
				ProcessInitializeOnLoadMethodAttributes (112ms)
				AfterProcessingInitializeOnLoad (4ms)
				EditorAssembliesLoaded (1ms)
			ExecutionOrderSort2 (0ms)
			AwakeInstancesAfterBackupRestoration (24ms)
Platform modules already initialized, skipping
Refreshing native plugins compatible for Editor in 1.24 ms, found 2 plugins.
Preloading 0 native plugins for Editor in 0.00 ms.
Unloading 3463 Unused Serialized files (Serialized files now loaded: 0)
Unloading 22 unused Assets / (322.9 KB). Loaded Objects now: 4052.
Memory consumption went from 178.8 MB to 178.5 MB.
Total: 3.522917 ms (FindLiveObjects: 0.428917 ms CreateObjectMapping: 0.143500 ms MarkObjects: 2.705750 ms  DeleteObjects: 0.243625 ms)

AssetImportParameters requested are different than current active one (requested -> active):
  custom:video-decoder-ogg-theora: a1e56fd34408186e4bbccfd4996cb3dc -> 
  custom:container-muxer-webm: aa71ff27fc2769a1b78a27578f13a17b -> 
  custom:container-demuxer-webm: 4f35f7cbe854078d1ac9338744f61a02 -> 
  custom:video-encoder-webm-vp8: eb34c28f22e8b96e1ab97ce403110664 -> 
  custom:framework-osx-AVFoundation: e770b220cccbd017edd2c1fefb359320 -> 
  custom:audio-encoder-webm-vorbis: bf7c407c2cedff20999df2af8eb42d56 -> 
  custom:container-demuxer-ogg: 62fdf1f143b41e24485cea50d1cbac27 -> 
  custom:video-decoder-webm-vp8: 9c59270c3fd7afecdb556c50c9e8de78 -> 
  custom:audio-decoder-ogg-vorbis: bf7c407c2cedff20999df2af8eb42d56 -> 
========================================================================
Received Import Request.
  Time since last request: 73.523585 seconds.
  path: Assets/Scripts/HerenciaEnemigo/EnemigoFInal.cs
  artifactKey: Guid(b9b7f2dad30694a96bc1af9911176d15) Importer(815301076,1909f56bfc062723c751e8b465ee728b)
Start importing Assets/Scripts/HerenciaEnemigo/EnemigoFInal.cs using Guid(b9b7f2dad30694a96bc1af9911176d15) Importer(815301076,1909f56bfc062723c751e8b465ee728b)  -> (artifact id: 'c3c018d3bf3ca8dbe00bfd3afac4158a') in 0.009734 seconds 
========================================================================
Received Import Request.
  Time since last request: 22.196885 seconds.
  path: Assets/Scripts/HerenciaEnemigo/EnemigoController.cs
  artifactKey: Guid(e7041c0fd69df446c847df69c394222d) Importer(815301076,1909f56bfc062723c751e8b465ee728b)
Start importing Assets/Scripts/HerenciaEnemigo/EnemigoController.cs using Guid(e7041c0fd69df446c847df69c394222d) Importer(815301076,1909f56bfc062723c751e8b465ee728b)  -> (artifact id: 'f55b2577f9a94df42159c538422b3e70') in 0.004645 seconds 
========================================================================
Received Prepare
Registering precompiled user dll's ...
Registered in 0.001857 seconds.
Begin MonoManager ReloadAssembly
Symbol file LoadedFromMemory doesn't match image /Users/2A3Dm/Desktop/M14UnityDavid/Proyecto_Unity/Library/PackageCache/com.unity.visualscripting@1.8.0/Editor/VisualScripting.Core/Dependencies/YamlDotNet/Unity.VisualScripting.YamlDotNet.dll
Symbol file LoadedFromMemory doesn't match image /Users/2A3Dm/Desktop/M14UnityDavid/Proyecto_Unity/Library/PackageCache/com.unity.visualscripting@1.8.0/Editor/VisualScripting.Core/Dependencies/DotNetZip/Unity.VisualScripting.IonicZip.dll
Native extension for OSXStandalone target not found
Refreshing native plugins compatible for Editor in 0.65 ms, found 2 plugins.
Preloading 0 native plugins for Editor in 0.00 ms.
Mono: successfully reloaded assembly
- Completed reload, in  2.485 seconds
Domain Reload Profiling:
	ReloadAssembly (2487ms)
		BeginReloadAssembly (362ms)
			ExecutionOrderSort (0ms)
			DisableScriptedObjects (46ms)
			BackupInstance (0ms)
			ReleaseScriptingObjects (0ms)
			CreateAndSetChildDomain (80ms)
		EndReloadAssembly (1899ms)
			LoadAssemblies (167ms)
			RebuildTransferFunctionScriptingTraits (0ms)
			SetupTypeCache (344ms)
			ReleaseScriptCaches (1ms)
			RebuildScriptCaches (57ms)
			SetupLoadedEditorAssemblies (1184ms)
				LogAssemblyErrors (0ms)
				InitializePlatformSupportModulesInManaged (15ms)
				SetLoadedEditorAssemblies (1ms)
				RefreshPlugins (1ms)
				BeforeProcessingInitializeOnLoad (106ms)
				ProcessInitializeOnLoadAttributes (962ms)
				ProcessInitializeOnLoadMethodAttributes (98ms)
				AfterProcessingInitializeOnLoad (1ms)
				EditorAssembliesLoaded (0ms)
			ExecutionOrderSort2 (0ms)
			AwakeInstancesAfterBackupRestoration (12ms)
Platform modules already initialized, skipping
Refreshing native plugins compatible for Editor in 1.28 ms, found 2 plugins.
Preloading 0 native plugins for Editor in 0.00 ms.
Unloading 3462 Unused Serialized files (Serialized files now loaded: 0)
Unloading 23 unused Assets / (322.9 KB). Loaded Objects now: 4054.
Memory consumption went from 178.8 MB to 178.5 MB.
Total: 3.475083 ms (FindLiveObjects: 0.468542 ms CreateObjectMapping: 0.181125 ms MarkObjects: 2.548667 ms  DeleteObjects: 0.275833 ms)

AssetImportParameters requested are different than current active one (requested -> active):
  custom:video-decoder-ogg-theora: a1e56fd34408186e4bbccfd4996cb3dc -> 
  custom:container-muxer-webm: aa71ff27fc2769a1b78a27578f13a17b -> 
  custom:container-demuxer-webm: 4f35f7cbe854078d1ac9338744f61a02 -> 
  custom:video-encoder-webm-vp8: eb34c28f22e8b96e1ab97ce403110664 -> 
  custom:framework-osx-AVFoundation: e770b220cccbd017edd2c1fefb359320 -> 
  custom:audio-encoder-webm-vorbis: bf7c407c2cedff20999df2af8eb42d56 -> 
  custom:container-demuxer-ogg: 62fdf1f143b41e24485cea50d1cbac27 -> 
  custom:video-decoder-webm-vp8: 9c59270c3fd7afecdb556c50c9e8de78 -> 
  custom:audio-decoder-ogg-vorbis: bf7c407c2cedff20999df2af8eb42d56 -> 
========================================================================
Received Import Request.
  Time since last request: 56.972376 seconds.
  path: Assets/Scripts/HerenciaEnemigo/EnemigoFinal.cs
  artifactKey: Guid(b9b7f2dad30694a96bc1af9911176d15) Importer(815301076,1909f56bfc062723c751e8b465ee728b)
Start importing Assets/Scripts/HerenciaEnemigo/EnemigoFinal.cs using Guid(b9b7f2dad30694a96bc1af9911176d15) Importer(815301076,1909f56bfc062723c751e8b465ee728b)  -> (artifact id: 'dfd0508b8f2a8de2689543700fda59c6') in 0.063915 seconds 
========================================================================
Received Prepare
Registering precompiled user dll's ...
Registered in 0.001920 seconds.
Begin MonoManager ReloadAssembly
Symbol file LoadedFromMemory doesn't match image /Users/2A3Dm/Desktop/M14UnityDavid/Proyecto_Unity/Library/PackageCache/com.unity.visualscripting@1.8.0/Editor/VisualScripting.Core/Dependencies/YamlDotNet/Unity.VisualScripting.YamlDotNet.dll
Symbol file LoadedFromMemory doesn't match image /Users/2A3Dm/Desktop/M14UnityDavid/Proyecto_Unity/Library/PackageCache/com.unity.visualscripting@1.8.0/Editor/VisualScripting.Core/Dependencies/DotNetZip/Unity.VisualScripting.IonicZip.dll
Native extension for OSXStandalone target not found
Refreshing native plugins compatible for Editor in 0.99 ms, found 2 plugins.
Preloading 0 native plugins for Editor in 0.00 ms.
Mono: successfully reloaded assembly
- Completed reload, in  2.614 seconds
Domain Reload Profiling:
	ReloadAssembly (2617ms)
		BeginReloadAssembly (355ms)
			ExecutionOrderSort (0ms)
			DisableScriptedObjects (41ms)
			BackupInstance (0ms)
			ReleaseScriptingObjects (0ms)
			CreateAndSetChildDomain (75ms)
		EndReloadAssembly (2025ms)
			LoadAssemblies (184ms)
			RebuildTransferFunctionScriptingTraits (0ms)
			SetupTypeCache (357ms)
			ReleaseScriptCaches (3ms)
			RebuildScriptCaches (49ms)
			SetupLoadedEditorAssemblies (1301ms)
				LogAssemblyErrors (0ms)
				InitializePlatformSupportModulesInManaged (56ms)
				SetLoadedEditorAssemblies (2ms)
				RefreshPlugins (1ms)
				BeforeProcessingInitializeOnLoad (132ms)
				ProcessInitializeOnLoadAttributes (1009ms)
				ProcessInitializeOnLoadMethodAttributes (100ms)
				AfterProcessingInitializeOnLoad (1ms)
				EditorAssembliesLoaded (0ms)
			ExecutionOrderSort2 (0ms)
			AwakeInstancesAfterBackupRestoration (10ms)
Platform modules already initialized, skipping
Refreshing native plugins compatible for Editor in 0.98 ms, found 2 plugins.
Preloading 0 native plugins for Editor in 0.00 ms.
Unloading 3463 Unused Serialized files (Serialized files now loaded: 0)
Unloading 22 unused Assets / (322.9 KB). Loaded Objects now: 4058.
Memory consumption went from 178.8 MB to 178.5 MB.
Total: 3.346000 ms (FindLiveObjects: 0.321375 ms CreateObjectMapping: 0.159042 ms MarkObjects: 2.642041 ms  DeleteObjects: 0.222541 ms)

AssetImportParameters requested are different than current active one (requested -> active):
  custom:video-decoder-ogg-theora: a1e56fd34408186e4bbccfd4996cb3dc -> 
  custom:container-muxer-webm: aa71ff27fc2769a1b78a27578f13a17b -> 
  custom:container-demuxer-webm: 4f35f7cbe854078d1ac9338744f61a02 -> 
  custom:video-encoder-webm-vp8: eb34c28f22e8b96e1ab97ce403110664 -> 
  custom:framework-osx-AVFoundation: e770b220cccbd017edd2c1fefb359320 -> 
  custom:audio-encoder-webm-vorbis: bf7c407c2cedff20999df2af8eb42d56 -> 
  custom:container-demuxer-ogg: 62fdf1f143b41e24485cea50d1cbac27 -> 
  custom:video-decoder-webm-vp8: 9c59270c3fd7afecdb556c50c9e8de78 -> 
  custom:audio-decoder-ogg-vorbis: bf7c407c2cedff20999df2af8eb42d56 -> 
========================================================================
Received Import Request.
  Time since last request: 19.763549 seconds.
  path: Assets/Scripts/HerenciaEnemigo/EnemigoFinal.cs
  artifactKey: Guid(b9b7f2dad30694a96bc1af9911176d15) Importer(815301076,1909f56bfc062723c751e8b465ee728b)
Start importing Assets/Scripts/HerenciaEnemigo/EnemigoFinal.cs using Guid(b9b7f2dad30694a96bc1af9911176d15) Importer(815301076,1909f56bfc062723c751e8b465ee728b)  -> (artifact id: '5387e222576ec712f0585880399d784c') in 0.087607 seconds 
========================================================================
Received Import Request.
  Time since last request: 80.302140 seconds.
  path: Assets/Scripts/HerenciaEnemigo/EnemigoFinal.cs
  artifactKey: Guid(b9b7f2dad30694a96bc1af9911176d15) Importer(815301076,1909f56bfc062723c751e8b465ee728b)
Start importing Assets/Scripts/HerenciaEnemigo/EnemigoFinal.cs using Guid(b9b7f2dad30694a96bc1af9911176d15) Importer(815301076,1909f56bfc062723c751e8b465ee728b)  -> (artifact id: 'b60f8fe4fb916cac23959a31619ee3ae') in 0.027239 seconds 
========================================================================
Received Prepare
Registering precompiled user dll's ...
Registered in 0.002695 seconds.
Begin MonoManager ReloadAssembly
Symbol file LoadedFromMemory doesn't match image /Users/2A3Dm/Desktop/M14UnityDavid/Proyecto_Unity/Library/PackageCache/com.unity.visualscripting@1.8.0/Editor/VisualScripting.Core/Dependencies/YamlDotNet/Unity.VisualScripting.YamlDotNet.dll
Symbol file LoadedFromMemory doesn't match image /Users/2A3Dm/Desktop/M14UnityDavid/Proyecto_Unity/Library/PackageCache/com.unity.visualscripting@1.8.0/Editor/VisualScripting.Core/Dependencies/DotNetZip/Unity.VisualScripting.IonicZip.dll
Native extension for OSXStandalone target not found
Refreshing native plugins compatible for Editor in 0.66 ms, found 2 plugins.
Preloading 0 native plugins for Editor in 0.00 ms.
Mono: successfully reloaded assembly
- Completed reload, in  2.470 seconds
Domain Reload Profiling:
	ReloadAssembly (2473ms)
		BeginReloadAssembly (376ms)
			ExecutionOrderSort (0ms)
			DisableScriptedObjects (42ms)
			BackupInstance (0ms)
			ReleaseScriptingObjects (0ms)
			CreateAndSetChildDomain (87ms)
		EndReloadAssembly (1870ms)
			LoadAssemblies (177ms)
			RebuildTransferFunctionScriptingTraits (0ms)
			SetupTypeCache (318ms)
			ReleaseScriptCaches (1ms)
			RebuildScriptCaches (48ms)
			SetupLoadedEditorAssemblies (1193ms)
				LogAssemblyErrors (0ms)
				InitializePlatformSupportModulesInManaged (15ms)
				SetLoadedEditorAssemblies (1ms)
				RefreshPlugins (1ms)
				BeforeProcessingInitializeOnLoad (109ms)
				ProcessInitializeOnLoadAttributes (968ms)
				ProcessInitializeOnLoadMethodAttributes (97ms)
				AfterProcessingInitializeOnLoad (1ms)
				EditorAssembliesLoaded (0ms)
			ExecutionOrderSort2 (0ms)
			AwakeInstancesAfterBackupRestoration (11ms)
Platform modules already initialized, skipping
Refreshing native plugins compatible for Editor in 1.18 ms, found 2 plugins.
Preloading 0 native plugins for Editor in 0.00 ms.
Unloading 3463 Unused Serialized files (Serialized files now loaded: 0)
Unloading 22 unused Assets / (322.7 KB). Loaded Objects now: 4061.
Memory consumption went from 178.8 MB to 178.5 MB.
Total: 3.023334 ms (FindLiveObjects: 0.219500 ms CreateObjectMapping: 0.095834 ms MarkObjects: 2.472459 ms  DeleteObjects: 0.234792 ms)

AssetImportParameters requested are different than current active one (requested -> active):
  custom:video-decoder-ogg-theora: a1e56fd34408186e4bbccfd4996cb3dc -> 
  custom:container-muxer-webm: aa71ff27fc2769a1b78a27578f13a17b -> 
  custom:container-demuxer-webm: 4f35f7cbe854078d1ac9338744f61a02 -> 
  custom:video-encoder-webm-vp8: eb34c28f22e8b96e1ab97ce403110664 -> 
  custom:framework-osx-AVFoundation: e770b220cccbd017edd2c1fefb359320 -> 
  custom:audio-encoder-webm-vorbis: bf7c407c2cedff20999df2af8eb42d56 -> 
  custom:container-demuxer-ogg: 62fdf1f143b41e24485cea50d1cbac27 -> 
  custom:video-decoder-webm-vp8: 9c59270c3fd7afecdb556c50c9e8de78 -> 
  custom:audio-decoder-ogg-vorbis: bf7c407c2cedff20999df2af8eb42d56 -> 
========================================================================
Received Prepare
Registering precompiled user dll's ...
Registered in 0.002029 seconds.
Begin MonoManager ReloadAssembly
Symbol file LoadedFromMemory doesn't match image /Users/2A3Dm/Desktop/M14UnityDavid/Proyecto_Unity/Library/PackageCache/com.unity.visualscripting@1.8.0/Editor/VisualScripting.Core/Dependencies/YamlDotNet/Unity.VisualScripting.YamlDotNet.dll
Symbol file LoadedFromMemory doesn't match image /Users/2A3Dm/Desktop/M14UnityDavid/Proyecto_Unity/Library/PackageCache/com.unity.visualscripting@1.8.0/Editor/VisualScripting.Core/Dependencies/DotNetZip/Unity.VisualScripting.IonicZip.dll
Native extension for OSXStandalone target not found
Refreshing native plugins compatible for Editor in 0.70 ms, found 2 plugins.
Preloading 0 native plugins for Editor in 0.00 ms.
Mono: successfully reloaded assembly
- Completed reload, in  2.225 seconds
Domain Reload Profiling:
	ReloadAssembly (2227ms)
		BeginReloadAssembly (336ms)
			ExecutionOrderSort (0ms)
			DisableScriptedObjects (43ms)
			BackupInstance (0ms)
			ReleaseScriptingObjects (0ms)
			CreateAndSetChildDomain (67ms)
		EndReloadAssembly (1678ms)
			LoadAssemblies (165ms)
			RebuildTransferFunctionScriptingTraits (0ms)
			SetupTypeCache (317ms)
			ReleaseScriptCaches (1ms)
			RebuildScriptCaches (48ms)
			SetupLoadedEditorAssemblies (1015ms)
				LogAssemblyErrors (0ms)
				InitializePlatformSupportModulesInManaged (15ms)
				SetLoadedEditorAssemblies (1ms)
				RefreshPlugins (1ms)
				BeforeProcessingInitializeOnLoad (108ms)
				ProcessInitializeOnLoadAttributes (802ms)
				ProcessInitializeOnLoadMethodAttributes (86ms)
				AfterProcessingInitializeOnLoad (1ms)
				EditorAssembliesLoaded (0ms)
			ExecutionOrderSort2 (0ms)
			AwakeInstancesAfterBackupRestoration (11ms)
Platform modules already initialized, skipping
Refreshing native plugins compatible for Editor in 1.69 ms, found 2 plugins.
Preloading 0 native plugins for Editor in 0.00 ms.
Unloading 3463 Unused Serialized files (Serialized files now loaded: 0)
Unloading 22 unused Assets / (322.7 KB). Loaded Objects now: 4064.
Memory consumption went from 178.8 MB to 178.5 MB.
Total: 2.804708 ms (FindLiveObjects: 0.207250 ms CreateObjectMapping: 0.085250 ms MarkObjects: 2.269208 ms  DeleteObjects: 0.242083 ms)

AssetImportParameters requested are different than current active one (requested -> active):
  custom:video-decoder-ogg-theora: a1e56fd34408186e4bbccfd4996cb3dc -> 
  custom:container-muxer-webm: aa71ff27fc2769a1b78a27578f13a17b -> 
  custom:container-demuxer-webm: 4f35f7cbe854078d1ac9338744f61a02 -> 
  custom:video-encoder-webm-vp8: eb34c28f22e8b96e1ab97ce403110664 -> 
  custom:framework-osx-AVFoundation: e770b220cccbd017edd2c1fefb359320 -> 
  custom:audio-encoder-webm-vorbis: bf7c407c2cedff20999df2af8eb42d56 -> 
  custom:container-demuxer-ogg: 62fdf1f143b41e24485cea50d1cbac27 -> 
  custom:video-decoder-webm-vp8: 9c59270c3fd7afecdb556c50c9e8de78 -> 
  custom:audio-decoder-ogg-vorbis: bf7c407c2cedff20999df2af8eb42d56 -> 
========================================================================
Received Prepare
Registering precompiled user dll's ...
Registered in 0.001714 seconds.
Begin MonoManager ReloadAssembly
Symbol file LoadedFromMemory doesn't match image /Users/2A3Dm/Desktop/M14UnityDavid/Proyecto_Unity/Library/PackageCache/com.unity.visualscripting@1.8.0/Editor/VisualScripting.Core/Dependencies/YamlDotNet/Unity.VisualScripting.YamlDotNet.dll
Symbol file LoadedFromMemory doesn't match image /Users/2A3Dm/Desktop/M14UnityDavid/Proyecto_Unity/Library/PackageCache/com.unity.visualscripting@1.8.0/Editor/VisualScripting.Core/Dependencies/DotNetZip/Unity.VisualScripting.IonicZip.dll
Native extension for OSXStandalone target not found
Refreshing native plugins compatible for Editor in 0.73 ms, found 2 plugins.
Preloading 0 native plugins for Editor in 0.00 ms.
Mono: successfully reloaded assembly
- Completed reload, in  2.292 seconds
Domain Reload Profiling:
	ReloadAssembly (2295ms)
		BeginReloadAssembly (339ms)
			ExecutionOrderSort (0ms)
			DisableScriptedObjects (42ms)
			BackupInstance (0ms)
			ReleaseScriptingObjects (0ms)
			CreateAndSetChildDomain (78ms)
		EndReloadAssembly (1748ms)
			LoadAssemblies (158ms)
			RebuildTransferFunctionScriptingTraits (0ms)
			SetupTypeCache (318ms)
			ReleaseScriptCaches (1ms)
			RebuildScriptCaches (48ms)
			SetupLoadedEditorAssemblies (1089ms)
				LogAssemblyErrors (0ms)
				InitializePlatformSupportModulesInManaged (15ms)
				SetLoadedEditorAssemblies (2ms)
				RefreshPlugins (1ms)
				BeforeProcessingInitializeOnLoad (105ms)
				ProcessInitializeOnLoadAttributes (862ms)
				ProcessInitializeOnLoadMethodAttributes (103ms)
				AfterProcessingInitializeOnLoad (1ms)
				EditorAssembliesLoaded (0ms)
			ExecutionOrderSort2 (0ms)
			AwakeInstancesAfterBackupRestoration (10ms)
Platform modules already initialized, skipping
Refreshing native plugins compatible for Editor in 1.63 ms, found 2 plugins.
Preloading 0 native plugins for Editor in 0.00 ms.
Unloading 3463 Unused Serialized files (Serialized files now loaded: 0)
Unloading 22 unused Assets / (322.9 KB). Loaded Objects now: 4067.
Memory consumption went from 178.9 MB to 178.5 MB.
Total: 2.957708 ms (FindLiveObjects: 0.258292 ms CreateObjectMapping: 0.093916 ms MarkObjects: 2.346500 ms  DeleteObjects: 0.258041 ms)

AssetImportParameters requested are different than current active one (requested -> active):
  custom:video-decoder-ogg-theora: a1e56fd34408186e4bbccfd4996cb3dc -> 
  custom:container-muxer-webm: aa71ff27fc2769a1b78a27578f13a17b -> 
  custom:container-demuxer-webm: 4f35f7cbe854078d1ac9338744f61a02 -> 
  custom:video-encoder-webm-vp8: eb34c28f22e8b96e1ab97ce403110664 -> 
  custom:framework-osx-AVFoundation: e770b220cccbd017edd2c1fefb359320 -> 
  custom:audio-encoder-webm-vorbis: bf7c407c2cedff20999df2af8eb42d56 -> 
  custom:container-demuxer-ogg: 62fdf1f143b41e24485cea50d1cbac27 -> 
  custom:video-decoder-webm-vp8: 9c59270c3fd7afecdb556c50c9e8de78 -> 
  custom:audio-decoder-ogg-vorbis: bf7c407c2cedff20999df2af8eb42d56 -> 
========================================================================
Received Import Request.
  Time since last request: 126.584415 seconds.
  path: Assets/Animaciones/ZUBATO/Zubato Attack.fbx
  artifactKey: Guid(c296f081d57854906a0e88a648429c47) Importer(815301076,1909f56bfc062723c751e8b465ee728b)
Start importing Assets/Animaciones/ZUBATO/Zubato Attack.fbx using Guid(c296f081d57854906a0e88a648429c47) Importer(815301076,1909f56bfc062723c751e8b465ee728b)  -> (artifact id: '2f63487909e196742a7119943d577d83') in 0.497526 seconds 
========================================================================
Received Prepare
Registering precompiled user dll's ...
Registered in 0.001783 seconds.
Begin MonoManager ReloadAssembly
Symbol file LoadedFromMemory doesn't match image /Users/2A3Dm/Desktop/M14UnityDavid/Proyecto_Unity/Library/PackageCache/com.unity.visualscripting@1.8.0/Editor/VisualScripting.Core/Dependencies/YamlDotNet/Unity.VisualScripting.YamlDotNet.dll
Symbol file LoadedFromMemory doesn't match image /Users/2A3Dm/Desktop/M14UnityDavid/Proyecto_Unity/Library/PackageCache/com.unity.visualscripting@1.8.0/Editor/VisualScripting.Core/Dependencies/DotNetZip/Unity.VisualScripting.IonicZip.dll
Native extension for OSXStandalone target not found
Refreshing native plugins compatible for Editor in 0.73 ms, found 2 plugins.
Preloading 0 native plugins for Editor in 0.00 ms.
Mono: successfully reloaded assembly
- Completed reload, in  2.232 seconds
Domain Reload Profiling:
	ReloadAssembly (2235ms)
		BeginReloadAssembly (323ms)
			ExecutionOrderSort (0ms)
			DisableScriptedObjects (35ms)
			BackupInstance (0ms)
			ReleaseScriptingObjects (0ms)
			CreateAndSetChildDomain (80ms)
		EndReloadAssembly (1700ms)
			LoadAssemblies (155ms)
			RebuildTransferFunctionScriptingTraits (0ms)
			SetupTypeCache (318ms)
			ReleaseScriptCaches (2ms)
			RebuildScriptCaches (51ms)
			SetupLoadedEditorAssemblies (1030ms)
				LogAssemblyErrors (0ms)
				InitializePlatformSupportModulesInManaged (16ms)
				SetLoadedEditorAssemblies (2ms)
				RefreshPlugins (1ms)
				BeforeProcessingInitializeOnLoad (102ms)
				ProcessInitializeOnLoadAttributes (817ms)
				ProcessInitializeOnLoadMethodAttributes (91ms)
				AfterProcessingInitializeOnLoad (1ms)
				EditorAssembliesLoaded (0ms)
			ExecutionOrderSort2 (0ms)
			AwakeInstancesAfterBackupRestoration (11ms)
Platform modules already initialized, skipping
Refreshing native plugins compatible for Editor in 1.67 ms, found 2 plugins.
Preloading 0 native plugins for Editor in 0.00 ms.
Unloading 3463 Unused Serialized files (Serialized files now loaded: 0)
Unloading 22 unused Assets / (322.8 KB). Loaded Objects now: 4070.
Memory consumption went from 178.9 MB to 178.6 MB.
Total: 2.916250 ms (FindLiveObjects: 0.236334 ms CreateObjectMapping: 0.088334 ms MarkObjects: 2.341625 ms  DeleteObjects: 0.249084 ms)

AssetImportParameters requested are different than current active one (requested -> active):
  custom:video-decoder-ogg-theora: a1e56fd34408186e4bbccfd4996cb3dc -> 
  custom:container-muxer-webm: aa71ff27fc2769a1b78a27578f13a17b -> 
  custom:container-demuxer-webm: 4f35f7cbe854078d1ac9338744f61a02 -> 
  custom:video-encoder-webm-vp8: eb34c28f22e8b96e1ab97ce403110664 -> 
  custom:framework-osx-AVFoundation: e770b220cccbd017edd2c1fefb359320 -> 
  custom:audio-encoder-webm-vorbis: bf7c407c2cedff20999df2af8eb42d56 -> 
  custom:container-demuxer-ogg: 62fdf1f143b41e24485cea50d1cbac27 -> 
  custom:video-decoder-webm-vp8: 9c59270c3fd7afecdb556c50c9e8de78 -> 
  custom:audio-decoder-ogg-vorbis: bf7c407c2cedff20999df2af8eb42d56 -> 
