Unity Editor version:    2021.3.21f1 (1b156197d683)
Branch:                  2021.3/staging
Build type:              Release
Batch mode:              YES
macOS version:           Version 13.3.1 (Build 22E261)
Darwin version:          22.4.0
Architecture:            x86_64
Running under Rosetta:   YES
Available memory:        8192 MB
Using pre-set license
Pro License: YES

COMMAND LINE ARGUMENTS:
/Applications/Unity/Hub/Editor/2021.3.21f1/Unity.app/Contents/MacOS/Unity
-adb2
-batchMode
-noUpm
-name
AssetImportWorker7
-projectPath
/Users/2A3Dm/Desktop/M14UnityDavid/Proyecto_Unity
-logFile
Logs/AssetImportWorker7.log
-srvPort
49547
Successfully changed project path to: /Users/2A3Dm/Desktop/M14UnityDavid/Proyecto_Unity
/Users/2A3Dm/Desktop/M14UnityDavid/Proyecto_Unity
[UnityMemory] Configuration Parameters - Can be set up in boot.config
    "memorysetup-bucket-allocator-granularity=16"
    "memorysetup-bucket-allocator-bucket-count=8"
    "memorysetup-bucket-allocator-block-size=33554432"
    "memorysetup-bucket-allocator-block-count=8"
    "memorysetup-main-allocator-block-size=16777216"
    "memorysetup-thread-allocator-block-size=16777216"
    "memorysetup-gfx-main-allocator-block-size=16777216"
    "memorysetup-gfx-thread-allocator-block-size=16777216"
    "memorysetup-cache-allocator-block-size=4194304"
    "memorysetup-typetree-allocator-block-size=2097152"
    "memorysetup-profiler-bucket-allocator-granularity=16"
    "memorysetup-profiler-bucket-allocator-bucket-count=8"
    "memorysetup-profiler-bucket-allocator-block-size=33554432"
    "memorysetup-profiler-bucket-allocator-block-count=8"
    "memorysetup-profiler-allocator-block-size=16777216"
    "memorysetup-profiler-editor-allocator-block-size=1048576"
    "memorysetup-temp-allocator-size-main=16777216"
    "memorysetup-job-temp-allocator-block-size=2097152"
    "memorysetup-job-temp-allocator-block-size-background=1048576"
    "memorysetup-job-temp-allocator-reduction-small-platforms=262144"
    "memorysetup-temp-allocator-size-background-worker=32768"
    "memorysetup-temp-allocator-size-job-worker=262144"
    "memorysetup-temp-allocator-size-preload-manager=33554432"
    "memorysetup-temp-allocator-size-nav-mesh-worker=65536"
    "memorysetup-temp-allocator-size-audio-worker=65536"
    "memorysetup-temp-allocator-size-cloud-worker=32768"
    "memorysetup-temp-allocator-size-gi-baking-worker=262144"
    "memorysetup-temp-allocator-size-gfx=262144"
Player connection [8707236480] Host "[IP] 172.22.1.128 [Port] 0 [Flags] 2 [Guid] 4044950075 [EditorId] 4044950075 [Version] 1048832 [Id] OSXEditor(0,ha201-57.av.itb.cat) [Debug] 1 [PackageName] OSXEditor [ProjectName] Editor" joined multi-casting on [225.0.0.222:54997]...

Player connection [8707236480] Host "[IP] 172.22.1.128 [Port] 0 [Flags] 2 [Guid] 4044950075 [EditorId] 4044950075 [Version] 1048832 [Id] OSXEditor(0,ha201-57.av.itb.cat) [Debug] 1 [PackageName] OSXEditor [ProjectName] Editor" joined alternative multi-casting on [225.0.0.222:34997]...

Refreshing native plugins compatible for Editor in 112.98 ms, found 2 plugins.
Preloading 0 native plugins for Editor in 0.00 ms.
Initialize engine version: 2021.3.21f1 (1b156197d683)
[Subsystems] Discovering subsystems at path /Applications/Unity/Hub/Editor/2021.3.21f1/Unity.app/Contents/Resources/UnitySubsystems
[Subsystems] Discovering subsystems at path /Users/2A3Dm/Desktop/M14UnityDavid/Proyecto_Unity/Assets
GfxDevice: creating device client; threaded=0; jobified=0
 preferred device: Apple M1 (high power)
Metal devices available: 1
0: Apple M1 (high power)
Using device Apple M1 (high power)
Initializing Metal device caps: Apple M1
Initialize mono
Mono path[0] = '/Applications/Unity/Hub/Editor/2021.3.21f1/Unity.app/Contents/Managed'
Mono path[1] = '/Applications/Unity/Hub/Editor/2021.3.21f1/Unity.app/Contents/MonoBleedingEdge/lib/mono/unityjit-macos'
Mono config path = '/Applications/Unity/Hub/Editor/2021.3.21f1/Unity.app/Contents/MonoBleedingEdge/etc'
Using monoOptions --debugger-agent=transport=dt_socket,embedding=1,server=y,suspend=n,address=127.0.0.1:56785
Begin MonoManager ReloadAssembly
Registering precompiled unity dll's ...
Register platform support module: /Applications/Unity/Hub/Editor/2021.3.21f1/Unity.app/Contents/PlaybackEngines/MacStandaloneSupport/UnityEditor.OSXStandalone.Extensions.dll
Registered in 0.000595 seconds.
Native extension for OSXStandalone target not found
Refreshing native plugins compatible for Editor in 109.29 ms, found 2 plugins.
Preloading 0 native plugins for Editor in 0.00 ms.
Mono: successfully reloaded assembly
- Completed reload, in  1.825 seconds
Domain Reload Profiling:
	ReloadAssembly (1826ms)
		BeginReloadAssembly (227ms)
			ExecutionOrderSort (0ms)
			DisableScriptedObjects (0ms)
			BackupInstance (0ms)
			ReleaseScriptingObjects (0ms)
			CreateAndSetChildDomain (3ms)
		EndReloadAssembly (1414ms)
			LoadAssemblies (223ms)
			RebuildTransferFunctionScriptingTraits (2ms)
			SetupTypeCache (127ms)
			ReleaseScriptCaches (0ms)
			RebuildScriptCaches (35ms)
			SetupLoadedEditorAssemblies (1098ms)
				LogAssemblyErrors (0ms)
				InitializePlatformSupportModulesInManaged (19ms)
				SetLoadedEditorAssemblies (0ms)
				RefreshPlugins (109ms)
				BeforeProcessingInitializeOnLoad (9ms)
				ProcessInitializeOnLoadAttributes (750ms)
				ProcessInitializeOnLoadMethodAttributes (210ms)
				AfterProcessingInitializeOnLoad (0ms)
				EditorAssembliesLoaded (0ms)
			ExecutionOrderSort2 (0ms)
			AwakeInstancesAfterBackupRestoration (0ms)
Platform modules already initialized, skipping
Registering precompiled user dll's ...
Registered in 0.001834 seconds.
Begin MonoManager ReloadAssembly
Symbol file LoadedFromMemory doesn't match image /Users/2A3Dm/Desktop/M14UnityDavid/Proyecto_Unity/Library/PackageCache/com.unity.visualscripting@1.8.0/Editor/VisualScripting.Core/Dependencies/YamlDotNet/Unity.VisualScripting.YamlDotNet.dll
Symbol file LoadedFromMemory doesn't match image /Users/2A3Dm/Desktop/M14UnityDavid/Proyecto_Unity/Library/PackageCache/com.unity.visualscripting@1.8.0/Editor/VisualScripting.Core/Dependencies/DotNetZip/Unity.VisualScripting.IonicZip.dll
Native extension for OSXStandalone target not found
Refreshing native plugins compatible for Editor in 1.21 ms, found 2 plugins.
Preloading 0 native plugins for Editor in 0.00 ms.
Mono: successfully reloaded assembly
- Completed reload, in  2.575 seconds
Domain Reload Profiling:
	ReloadAssembly (2578ms)
		BeginReloadAssembly (334ms)
			ExecutionOrderSort (0ms)
			DisableScriptedObjects (50ms)
			BackupInstance (0ms)
			ReleaseScriptingObjects (0ms)
			CreateAndSetChildDomain (41ms)
		EndReloadAssembly (1973ms)
			LoadAssemblies (189ms)
			RebuildTransferFunctionScriptingTraits (0ms)
			SetupTypeCache (347ms)
			ReleaseScriptCaches (2ms)
			RebuildScriptCaches (71ms)
			SetupLoadedEditorAssemblies (1214ms)
				LogAssemblyErrors (0ms)
				InitializePlatformSupportModulesInManaged (15ms)
				SetLoadedEditorAssemblies (1ms)
				RefreshPlugins (1ms)
				BeforeProcessingInitializeOnLoad (131ms)
				ProcessInitializeOnLoadAttributes (967ms)
				ProcessInitializeOnLoadMethodAttributes (98ms)
				AfterProcessingInitializeOnLoad (1ms)
				EditorAssembliesLoaded (0ms)
			ExecutionOrderSort2 (0ms)
			AwakeInstancesAfterBackupRestoration (12ms)
Platform modules already initialized, skipping
========================================================================
Worker process is ready to serve import requests
Launching external process: /Applications/Unity/Hub/Editor/2021.3.21f1/Unity.app/Contents/Tools/UnityShaderCompiler
Launched and connected shader compiler UnityShaderCompiler after 0.91 seconds
Refreshing native plugins compatible for Editor in 1.14 ms, found 2 plugins.
Preloading 0 native plugins for Editor in 0.00 ms.
Unloading 3522 Unused Serialized files (Serialized files now loaded: 0)
Unloading 29 unused Assets / (0.6 MB). Loaded Objects now: 3998.
Memory consumption went from 149.2 MB to 148.6 MB.
Total: 7.215041 ms (FindLiveObjects: 0.555292 ms CreateObjectMapping: 0.114084 ms MarkObjects: 6.234541 ms  DeleteObjects: 0.309584 ms)

AssetImportParameters requested are different than current active one (requested -> active):
  custom:video-decoder-ogg-theora: a1e56fd34408186e4bbccfd4996cb3dc -> 
  custom:container-muxer-webm: aa71ff27fc2769a1b78a27578f13a17b -> 
  custom:container-demuxer-webm: 4f35f7cbe854078d1ac9338744f61a02 -> 
  custom:video-encoder-webm-vp8: eb34c28f22e8b96e1ab97ce403110664 -> 
  custom:framework-osx-AVFoundation: e770b220cccbd017edd2c1fefb359320 -> 
  custom:audio-encoder-webm-vorbis: bf7c407c2cedff20999df2af8eb42d56 -> 
  custom:container-demuxer-ogg: 62fdf1f143b41e24485cea50d1cbac27 -> 
  custom:video-decoder-webm-vp8: 9c59270c3fd7afecdb556c50c9e8de78 -> 
  custom:audio-decoder-ogg-vorbis: bf7c407c2cedff20999df2af8eb42d56 -> 
========================================================================
Received Import Request.
  Time since last request: 11808.559151 seconds.
  path: Assets/Materials/Force Field.mat
  artifactKey: Guid(e0f3374e503f090468b2250f492c6619) Importer(815301076,1909f56bfc062723c751e8b465ee728b)
Start importing Assets/Materials/Force Field.mat using Guid(e0f3374e503f090468b2250f492c6619) Importer(815301076,1909f56bfc062723c751e8b465ee728b)  -> (artifact id: '25943922fcadda4290ae9a1f7a23b2fb') in 1.101941 seconds 
========================================================================
Received Import Request.
  Time since last request: 0.000532 seconds.
  path: Assets/Materials/Piedra 2.014.mat
  artifactKey: Guid(bd5a18339ab55d34887a19e84bd80a58) Importer(815301076,1909f56bfc062723c751e8b465ee728b)
Start importing Assets/Materials/Piedra 2.014.mat using Guid(bd5a18339ab55d34887a19e84bd80a58) Importer(815301076,1909f56bfc062723c751e8b465ee728b)  -> (artifact id: '5fd4be425c7411c2c196df3c34838415') in 0.141052 seconds 
========================================================================
Received Import Request.
  Time since last request: 0.000980 seconds.
  path: Assets/Materials/Tronco.010 2.mat
  artifactKey: Guid(f9d8c642be7ab4b46923e32b02bb17a6) Importer(815301076,1909f56bfc062723c751e8b465ee728b)
Start importing Assets/Materials/Tronco.010 2.mat using Guid(f9d8c642be7ab4b46923e32b02bb17a6) Importer(815301076,1909f56bfc062723c751e8b465ee728b)  -> (artifact id: '6783a2bd6357b61edc681d4f00a375eb') in 0.010467 seconds 
========================================================================
Received Import Request.
  Time since last request: 0.000887 seconds.
  path: Assets/Materials/Tronco 1.004.mat
  artifactKey: Guid(5befdda3e856bba4091f4d4839817297) Importer(815301076,1909f56bfc062723c751e8b465ee728b)
Start importing Assets/Materials/Tronco 1.004.mat using Guid(5befdda3e856bba4091f4d4839817297) Importer(815301076,1909f56bfc062723c751e8b465ee728b)  -> (artifact id: '46de7d7f638089faef892c4a050d9086') in 0.009084 seconds 
========================================================================
Received Import Request.
  Time since last request: 0.000049 seconds.
  path: Assets/Materials/Oro.014.mat
  artifactKey: Guid(3542282d569736942b58ec70fd83b223) Importer(815301076,1909f56bfc062723c751e8b465ee728b)
Start importing Assets/Materials/Oro.014.mat using Guid(3542282d569736942b58ec70fd83b223) Importer(815301076,1909f56bfc062723c751e8b465ee728b)  -> (artifact id: '8834f5c010d16794c273c80e80a372eb') in 0.012901 seconds 
========================================================================
Received Import Request.
  Time since last request: 0.000073 seconds.
  path: Assets/Materials/Tierra 2.mat
  artifactKey: Guid(81950704a2486254e8d97aad176ddc3b) Importer(815301076,1909f56bfc062723c751e8b465ee728b)
Start importing Assets/Materials/Tierra 2.mat using Guid(81950704a2486254e8d97aad176ddc3b) Importer(815301076,1909f56bfc062723c751e8b465ee728b)  -> (artifact id: '17ae5c64ea460d746a5e8be4f7cc0a65') in 0.009588 seconds 
========================================================================
Received Import Request.
  Time since last request: 0.000091 seconds.
  path: Assets/Materials/Oro.002.mat
  artifactKey: Guid(071ac30669cffbf4f88dcca962337081) Importer(815301076,1909f56bfc062723c751e8b465ee728b)
Start importing Assets/Materials/Oro.002.mat using Guid(071ac30669cffbf4f88dcca962337081) Importer(815301076,1909f56bfc062723c751e8b465ee728b)  -> (artifact id: 'f18e5f6cacfffe56cb2aaeaee8089d45') in 0.013761 seconds 
========================================================================
Received Import Request.
  Time since last request: 0.000058 seconds.
  path: Assets/Materials/Piedra 2.011.mat
  artifactKey: Guid(6899580820b3e594594b18a554d2e400) Importer(815301076,1909f56bfc062723c751e8b465ee728b)
Start importing Assets/Materials/Piedra 2.011.mat using Guid(6899580820b3e594594b18a554d2e400) Importer(815301076,1909f56bfc062723c751e8b465ee728b)  -> (artifact id: '204aa388dace26f56309bde521a759e0') in 0.012720 seconds 
========================================================================
Received Import Request.
  Time since last request: 0.600283 seconds.
  path: Assets/Materials/Piedra 1.006.mat
  artifactKey: Guid(29e8c45435c506147a85d3d920a941c6) Importer(815301076,1909f56bfc062723c751e8b465ee728b)
Start importing Assets/Materials/Piedra 1.006.mat using Guid(29e8c45435c506147a85d3d920a941c6) Importer(815301076,1909f56bfc062723c751e8b465ee728b)  -> (artifact id: '7a1f99a705acb14dff01c623e957811b') in 0.011985 seconds 
========================================================================
Received Import Request.
  Time since last request: 0.000109 seconds.
  path: Assets/Materials/Piedra 1.013.mat
  artifactKey: Guid(e2f53c61068c5ec48a50facc466e9af1) Importer(815301076,1909f56bfc062723c751e8b465ee728b)
Start importing Assets/Materials/Piedra 1.013.mat using Guid(e2f53c61068c5ec48a50facc466e9af1) Importer(815301076,1909f56bfc062723c751e8b465ee728b)  -> (artifact id: 'e977348def8e2bddafcc57be1505615e') in 0.011454 seconds 
========================================================================
Received Import Request.
  Time since last request: 0.000120 seconds.
  path: Assets/Materials/Piedra 1.015.mat
  artifactKey: Guid(c6809541c22656a45abb2dbd97a1e7d9) Importer(815301076,1909f56bfc062723c751e8b465ee728b)
Start importing Assets/Materials/Piedra 1.015.mat using Guid(c6809541c22656a45abb2dbd97a1e7d9) Importer(815301076,1909f56bfc062723c751e8b465ee728b)  -> (artifact id: 'ce355be2252b5edd15bd0926e6972500') in 0.009372 seconds 
========================================================================
Received Import Request.
  Time since last request: 0.000092 seconds.
  path: Assets/Materials/Piedra 1.017.mat
  artifactKey: Guid(2264987a055bfb44484f5527040ea726) Importer(815301076,1909f56bfc062723c751e8b465ee728b)
Start importing Assets/Materials/Piedra 1.017.mat using Guid(2264987a055bfb44484f5527040ea726) Importer(815301076,1909f56bfc062723c751e8b465ee728b)  -> (artifact id: 'ee3a7d3d8cb7f454b395b26928c5a27f') in 0.011300 seconds 
Editor requested this worker to shutdown with reason: Scaling down because of idle timeout
AssetImportWorker is now disconnected from the server
Process exiting
