Using pre-set license
Built from '2021.3/staging' branch; Version is '2021.3.21f1 (1b156197d683) revision 1774945'; Using compiler version '192829333'; Build Type 'Release'
OS: 'Windows 10  (10.0.19044) 64bit Core' Language: 'es' Physical Memory: 32577 MB
BatchMode: 1, IsHumanControllingUs: 0, StartBugReporterOnCrash: 0, Is64bit: 1, IsPro: 1

COMMAND LINE ARGUMENTS:
C:\Program Files\Unity\Hub\Editor\2021.3.21f1\Editor\Unity.exe
-adb2
-batchMode
-noUpm
-name
AssetImportWorker2
-projectPath
C:/Users/David/Documents/M14UnityDavid/Proyecto_Unity
-logFile
Logs/AssetImportWorker2.log
-srvPort
59082
Successfully changed project path to: C:/Users/David/Documents/M14UnityDavid/Proyecto_Unity
C:/Users/David/Documents/M14UnityDavid/Proyecto_Unity
[UnityMemory] Configuration Parameters - Can be set up in boot.config
    "memorysetup-bucket-allocator-granularity=16"
    "memorysetup-bucket-allocator-bucket-count=8"
    "memorysetup-bucket-allocator-block-size=33554432"
    "memorysetup-bucket-allocator-block-count=8"
    "memorysetup-main-allocator-block-size=16777216"
    "memorysetup-thread-allocator-block-size=16777216"
    "memorysetup-gfx-main-allocator-block-size=16777216"
    "memorysetup-gfx-thread-allocator-block-size=16777216"
    "memorysetup-cache-allocator-block-size=4194304"
    "memorysetup-typetree-allocator-block-size=2097152"
    "memorysetup-profiler-bucket-allocator-granularity=16"
    "memorysetup-profiler-bucket-allocator-bucket-count=8"
    "memorysetup-profiler-bucket-allocator-block-size=33554432"
    "memorysetup-profiler-bucket-allocator-block-count=8"
    "memorysetup-profiler-allocator-block-size=16777216"
    "memorysetup-profiler-editor-allocator-block-size=1048576"
    "memorysetup-temp-allocator-size-main=16777216"
    "memorysetup-job-temp-allocator-block-size=2097152"
    "memorysetup-job-temp-allocator-block-size-background=1048576"
    "memorysetup-job-temp-allocator-reduction-small-platforms=262144"
    "memorysetup-temp-allocator-size-background-worker=32768"
    "memorysetup-temp-allocator-size-job-worker=262144"
    "memorysetup-temp-allocator-size-preload-manager=33554432"
    "memorysetup-temp-allocator-size-nav-mesh-worker=65536"
    "memorysetup-temp-allocator-size-audio-worker=65536"
    "memorysetup-temp-allocator-size-cloud-worker=32768"
    "memorysetup-temp-allocator-size-gi-baking-worker=262144"
    "memorysetup-temp-allocator-size-gfx=262144"
Player connection [32348] Host "[IP] 192.168.1.93 [Port] 0 [Flags] 2 [Guid] 2270277500 [EditorId] 2270277500 [Version] 1048832 [Id] WindowsEditor(7,DESKTOP-RLHHU51) [Debug] 1 [PackageName] WindowsEditor [ProjectName] Editor" joined multi-casting on [225.0.0.222:54997]...

Player connection [32348] Host "[IP] 192.168.1.93 [Port] 0 [Flags] 2 [Guid] 2270277500 [EditorId] 2270277500 [Version] 1048832 [Id] WindowsEditor(7,DESKTOP-RLHHU51) [Debug] 1 [PackageName] WindowsEditor [ProjectName] Editor" joined alternative multi-casting on [225.0.0.222:34997]...

Refreshing native plugins compatible for Editor in 76.35 ms, found 3 plugins.
Preloading 0 native plugins for Editor in 0.00 ms.
Initialize engine version: 2021.3.21f1 (1b156197d683)
[Subsystems] Discovering subsystems at path C:/Program Files/Unity/Hub/Editor/2021.3.21f1/Editor/Data/Resources/UnitySubsystems
[Subsystems] Discovering subsystems at path C:/Users/David/Documents/M14UnityDavid/Proyecto_Unity/Assets
GfxDevice: creating device client; threaded=0; jobified=0
Direct3D:
    Version:  Direct3D 11.0 [level 11.1]
    Renderer: AMD Radeon RX 6950 XT (ID=0x73a5)
    Vendor:   ATI
    VRAM:     16338 MB
    Driver:   31.0.14051.1000
Initialize mono
Mono path[0] = 'C:/Program Files/Unity/Hub/Editor/2021.3.21f1/Editor/Data/Managed'
Mono path[1] = 'C:/Program Files/Unity/Hub/Editor/2021.3.21f1/Editor/Data/MonoBleedingEdge/lib/mono/unityjit-win32'
Mono config path = 'C:/Program Files/Unity/Hub/Editor/2021.3.21f1/Editor/Data/MonoBleedingEdge/etc'
Using monoOptions --debugger-agent=transport=dt_socket,embedding=1,server=y,suspend=n,address=127.0.0.1:56556
Begin MonoManager ReloadAssembly
Registering precompiled unity dll's ...
Register platform support module: C:/Program Files/Unity/Hub/Editor/2021.3.21f1/Editor/Data/PlaybackEngines/AndroidPlayer/UnityEditor.Android.Extensions.dll
Register platform support module: C:/Program Files/Unity/Hub/Editor/2021.3.21f1/Editor/Data/PlaybackEngines/WindowsStandaloneSupport/UnityEditor.WindowsStandalone.Extensions.dll
Registered in 0.007435 seconds.
Native extension for WindowsStandalone target not found
Native extension for Android target not found
Android Extension - Scanning For ADB Devices 205 ms
Refreshing native plugins compatible for Editor in 71.64 ms, found 3 plugins.
Preloading 0 native plugins for Editor in 0.00 ms.
Mono: successfully reloaded assembly
- Completed reload, in  0.834 seconds
Domain Reload Profiling:
	ReloadAssembly (834ms)
		BeginReloadAssembly (81ms)
			ExecutionOrderSort (0ms)
			DisableScriptedObjects (0ms)
			BackupInstance (0ms)
			ReleaseScriptingObjects (0ms)
			CreateAndSetChildDomain (1ms)
		EndReloadAssembly (657ms)
			LoadAssemblies (79ms)
			RebuildTransferFunctionScriptingTraits (0ms)
			SetupTypeCache (100ms)
			ReleaseScriptCaches (0ms)
			RebuildScriptCaches (26ms)
			SetupLoadedEditorAssemblies (481ms)
				LogAssemblyErrors (0ms)
				InitializePlatformSupportModulesInManaged (283ms)
				SetLoadedEditorAssemblies (0ms)
				RefreshPlugins (72ms)
				BeforeProcessingInitializeOnLoad (1ms)
				ProcessInitializeOnLoadAttributes (85ms)
				ProcessInitializeOnLoadMethodAttributes (40ms)
				AfterProcessingInitializeOnLoad (0ms)
				EditorAssembliesLoaded (0ms)
			ExecutionOrderSort2 (0ms)
			AwakeInstancesAfterBackupRestoration (0ms)
Platform modules already initialized, skipping
Registering precompiled user dll's ...
Registered in 0.004501 seconds.
Begin MonoManager ReloadAssembly
Symbol file LoadedFromMemory doesn't match image C:\Users\David\Documents\M14UnityDavid\Proyecto_Unity\Library\PackageCache\com.unity.visualscripting@1.8.0\Editor\VisualScripting.Core\Dependencies\YamlDotNet\Unity.VisualScripting.YamlDotNet.dll
Symbol file LoadedFromMemory doesn't match image C:\Users\David\Documents\M14UnityDavid\Proyecto_Unity\Library\PackageCache\com.unity.visualscripting@1.8.0\Editor\VisualScripting.Core\Dependencies\DotNetZip\Unity.VisualScripting.IonicZip.dll
Native extension for WindowsStandalone target not found
Native extension for Android target not found
Refreshing native plugins compatible for Editor in 0.93 ms, found 3 plugins.
Preloading 0 native plugins for Editor in 0.00 ms.
Mono: successfully reloaded assembly
- Completed reload, in  0.983 seconds
Domain Reload Profiling:
	ReloadAssembly (984ms)
		BeginReloadAssembly (113ms)
			ExecutionOrderSort (0ms)
			DisableScriptedObjects (6ms)
			BackupInstance (0ms)
			ReleaseScriptingObjects (0ms)
			CreateAndSetChildDomain (22ms)
		EndReloadAssembly (771ms)
			LoadAssemblies (84ms)
			RebuildTransferFunctionScriptingTraits (0ms)
			SetupTypeCache (245ms)
			ReleaseScriptCaches (1ms)
			RebuildScriptCaches (61ms)
			SetupLoadedEditorAssemblies (323ms)
				LogAssemblyErrors (0ms)
				InitializePlatformSupportModulesInManaged (18ms)
				SetLoadedEditorAssemblies (0ms)
				RefreshPlugins (1ms)
				BeforeProcessingInitializeOnLoad (75ms)
				ProcessInitializeOnLoadAttributes (204ms)
				ProcessInitializeOnLoadMethodAttributes (17ms)
				AfterProcessingInitializeOnLoad (7ms)
				EditorAssembliesLoaded (0ms)
			ExecutionOrderSort2 (0ms)
			AwakeInstancesAfterBackupRestoration (5ms)
Platform modules already initialized, skipping
========================================================================
Worker process is ready to serve import requests
Launched and connected shader compiler UnityShaderCompiler.exe after 0.03 seconds
Refreshing native plugins compatible for Editor in 0.82 ms, found 3 plugins.
Preloading 0 native plugins for Editor in 0.00 ms.
Unloading 3524 Unused Serialized files (Serialized files now loaded: 0)
Unloading 27 unused Assets / (275.4 KB). Loaded Objects now: 4004.
Memory consumption went from 152.2 MB to 152.0 MB.
Total: 2.827500 ms (FindLiveObjects: 0.280800 ms CreateObjectMapping: 0.082900 ms MarkObjects: 2.283700 ms  DeleteObjects: 0.179200 ms)

AssetImportParameters requested are different than current active one (requested -> active):
  custom:video-decoder-ogg-theora: a1e56fd34408186e4bbccfd4996cb3dc -> 
  custom:container-muxer-webm: aa71ff27fc2769a1b78a27578f13a17b -> 
  custom:container-demuxer-webm: 4f35f7cbe854078d1ac9338744f61a02 -> 
  custom:video-encoder-webm-vp8: eb34c28f22e8b96e1ab97ce403110664 -> 
  custom:audio-encoder-webm-vorbis: bf7c407c2cedff20999df2af8eb42d56 -> 
  custom:framework-win-MediaFoundation: 216162199b28c13a410421893ffa2e32 -> 
  custom:container-demuxer-ogg: 62fdf1f143b41e24485cea50d1cbac27 -> 
  custom:video-decoder-webm-vp8: 9c59270c3fd7afecdb556c50c9e8de78 -> 
  custom:audio-decoder-ogg-vorbis: bf7c407c2cedff20999df2af8eb42d56 -> 
========================================================================
Received Import Request.
  Time since last request: 410412.427637 seconds.
  path: Assets/Nicrom/PolyPacks
  artifactKey: Guid(8d35841b8146548c484f5215b7a3cf3c) Importer(815301076,1909f56bfc062723c751e8b465ee728b)
Start importing Assets/Nicrom/PolyPacks using Guid(8d35841b8146548c484f5215b7a3cf3c) Importer(815301076,1909f56bfc062723c751e8b465ee728b)  -> (artifact id: '0e4673268442eb9ccee13c0d454533d7') in 0.011086 seconds 
========================================================================
Received Import Request.
  Time since last request: 1.349198 seconds.
  path: Assets/Nicrom/PolyPacks/Wind
  artifactKey: Guid(072d09b244af34304a9a887dc2382771) Importer(815301076,1909f56bfc062723c751e8b465ee728b)
Start importing Assets/Nicrom/PolyPacks/Wind using Guid(072d09b244af34304a9a887dc2382771) Importer(815301076,1909f56bfc062723c751e8b465ee728b)  -> (artifact id: 'b9ca95ad6279d893554e227b17a55af6') in 0.005376 seconds 
========================================================================
Received Import Request.
  Time since last request: 0.882996 seconds.
  path: Assets/Nicrom/PolyPacks/Wind/_Prefabs
  artifactKey: Guid(cfc751ce1b94282458639bdc847d0744) Importer(815301076,1909f56bfc062723c751e8b465ee728b)
Start importing Assets/Nicrom/PolyPacks/Wind/_Prefabs using Guid(cfc751ce1b94282458639bdc847d0744) Importer(815301076,1909f56bfc062723c751e8b465ee728b)  -> (artifact id: 'b74d9a0958ca614473a29ff406388690') in 0.006048 seconds 
========================================================================
Received Import Request.
  Time since last request: 0.061407 seconds.
  path: Assets/Nicrom/PolyPacks/Wind/_Prefabs/LPW_Flower_A1_H70cm_01.prefab
  artifactKey: Guid(962996e23ffcbc44d92fb20cd03940cd) Importer(815301076,1909f56bfc062723c751e8b465ee728b)
Start importing Assets/Nicrom/PolyPacks/Wind/_Prefabs/LPW_Flower_A1_H70cm_01.prefab using Guid(962996e23ffcbc44d92fb20cd03940cd) Importer(815301076,1909f56bfc062723c751e8b465ee728b)  -> (artifact id: 'fb94e716a23f423c114346bda1a729b1') in 0.136908 seconds 
========================================================================
Received Import Request.
  Time since last request: 0.000029 seconds.
  path: Assets/Nicrom/PolyPacks/Wind/_Prefabs/LPW_Tree_B1_9m_01.prefab
  artifactKey: Guid(9787e9e0fbeb87a45beb0d9d4e03edca) Importer(815301076,1909f56bfc062723c751e8b465ee728b)
Start importing Assets/Nicrom/PolyPacks/Wind/_Prefabs/LPW_Tree_B1_9m_01.prefab using Guid(9787e9e0fbeb87a45beb0d9d4e03edca) Importer(815301076,1909f56bfc062723c751e8b465ee728b)  -> (artifact id: '0b4178cb1955d864b5a81d5accb43964') in 0.014625 seconds 
========================================================================
Received Import Request.
  Time since last request: 0.000023 seconds.
  path: Assets/Nicrom/PolyPacks/Wind/_Prefabs/LPW_Rock_Boulder_A1_01.prefab
  artifactKey: Guid(aa0ba387f794005419a74fdfff3da4df) Importer(815301076,1909f56bfc062723c751e8b465ee728b)
Start importing Assets/Nicrom/PolyPacks/Wind/_Prefabs/LPW_Rock_Boulder_A1_01.prefab using Guid(aa0ba387f794005419a74fdfff3da4df) Importer(815301076,1909f56bfc062723c751e8b465ee728b)  -> (artifact id: '7da9db01e6615a780dcee2bfcff56c8d') in 0.019877 seconds 
========================================================================
Received Import Request.
  Time since last request: 9.127567 seconds.
  path: Assets/Hovl Studio/Procedural fire/Prefabs/Magic fire 0.prefab
  artifactKey: Guid(08fd1b80cc24cc8439f45fda3c558255) Importer(815301076,1909f56bfc062723c751e8b465ee728b)
Start importing Assets/Hovl Studio/Procedural fire/Prefabs/Magic fire 0.prefab using Guid(08fd1b80cc24cc8439f45fda3c558255) Importer(815301076,1909f56bfc062723c751e8b465ee728b)  -> (artifact id: '79924c5cde04f8b0334b129be47ff8fb') in 0.028348 seconds 
========================================================================
Received Import Request.
  Time since last request: 0.000016 seconds.
  path: Assets/Hovl Studio/Procedural fire/Prefabs/Magic fire pro green.prefab
  artifactKey: Guid(3d35e81bdc5955041be098ef22e82a3b) Importer(815301076,1909f56bfc062723c751e8b465ee728b)
Start importing Assets/Hovl Studio/Procedural fire/Prefabs/Magic fire pro green.prefab using Guid(3d35e81bdc5955041be098ef22e82a3b) Importer(815301076,1909f56bfc062723c751e8b465ee728b)  -> (artifact id: 'b12b3631fc6a05767132a57b1561253f') in 0.021559 seconds 
========================================================================
Received Import Request.
  Time since last request: 0.000018 seconds.
  path: Assets/Hovl Studio/Procedural fire/Prefabs/Magic fire pro red.prefab
  artifactKey: Guid(eca000ab44c908d4dab395f654753038) Importer(815301076,1909f56bfc062723c751e8b465ee728b)
Start importing Assets/Hovl Studio/Procedural fire/Prefabs/Magic fire pro red.prefab using Guid(eca000ab44c908d4dab395f654753038) Importer(815301076,1909f56bfc062723c751e8b465ee728b)  -> (artifact id: '7ed9e7aba7bb0a95c4f13e8b267234a2') in 0.014932 seconds 
========================================================================
Received Import Request.
  Time since last request: 10.662733 seconds.
  path: Assets/FlexibleCelShader/Example/ExplMat2.mat
  artifactKey: Guid(464aa8dc83108f249a5b3cd75f0f5d85) Importer(815301076,1909f56bfc062723c751e8b465ee728b)
Start importing Assets/FlexibleCelShader/Example/ExplMat2.mat using Guid(464aa8dc83108f249a5b3cd75f0f5d85) Importer(815301076,1909f56bfc062723c751e8b465ee728b)  -> (artifact id: '2d6b6209c727b94fa65ec792bf3919f9') in 0.032892 seconds 
========================================================================
Received Import Request.
  Time since last request: 65.844858 seconds.
  path: Assets/PERSONAJES/_SHADERS/MAT_SHADER_KorboMuere.mat
  artifactKey: Guid(1950370423be9a541b30ba1072955ec6) Importer(815301076,1909f56bfc062723c751e8b465ee728b)
Start importing Assets/PERSONAJES/_SHADERS/MAT_SHADER_KorboMuere.mat using Guid(1950370423be9a541b30ba1072955ec6) Importer(815301076,1909f56bfc062723c751e8b465ee728b)  -> (artifact id: '49173f6486c863a909b60a70a49fa254') in 0.009787 seconds 
========================================================================
Received Import Request.
  Time since last request: 0.000021 seconds.
  path: Assets/PERSONAJES/_SHADERS/MAT_VFXs.mat
  artifactKey: Guid(900ce41411f2de7408058920d46fb13c) Importer(815301076,1909f56bfc062723c751e8b465ee728b)
Start importing Assets/PERSONAJES/_SHADERS/MAT_VFXs.mat using Guid(900ce41411f2de7408058920d46fb13c) Importer(815301076,1909f56bfc062723c751e8b465ee728b)  -> (artifact id: '0d0639eb51286725cb5c4afdfa57ad5f') in 0.008576 seconds 
========================================================================
Received Import Request.
  Time since last request: 1.719950 seconds.
  path: Assets/PERSONAJES/_VFX/VFX_Caminar.prefab
  artifactKey: Guid(92b4ac69223ef464da95b1f01032d90e) Importer(815301076,1909f56bfc062723c751e8b465ee728b)
Start importing Assets/PERSONAJES/_VFX/VFX_Caminar.prefab using Guid(92b4ac69223ef464da95b1f01032d90e) Importer(815301076,1909f56bfc062723c751e8b465ee728b)  -> (artifact id: '86df19c08bc65686073faa645810ed1e') in 0.011946 seconds 
========================================================================
Received Import Request.
  Time since last request: 0.000021 seconds.
  path: Assets/PERSONAJES/_VFX/VFX_Salto.prefab
  artifactKey: Guid(098a45352d0d21e4d862a6e200bdb144) Importer(815301076,1909f56bfc062723c751e8b465ee728b)
Start importing Assets/PERSONAJES/_VFX/VFX_Salto.prefab using Guid(098a45352d0d21e4d862a6e200bdb144) Importer(815301076,1909f56bfc062723c751e8b465ee728b)  -> (artifact id: 'fc581d933779c679b7efaa145c8470ae') in 0.010474 seconds 
========================================================================
Received Import Request.
  Time since last request: 0.000024 seconds.
  path: Assets/PERSONAJES/_VFX/VFX_Correr.prefab
  artifactKey: Guid(0bdbfde929b0e734e8a606011ff9867f) Importer(815301076,1909f56bfc062723c751e8b465ee728b)
Start importing Assets/PERSONAJES/_VFX/VFX_Correr.prefab using Guid(0bdbfde929b0e734e8a606011ff9867f) Importer(815301076,1909f56bfc062723c751e8b465ee728b)  -> (artifact id: '0ea07ca0a8179aed1a5a185c9499270d') in 0.011025 seconds 
========================================================================
Received Import Request.
  Time since last request: 0.000019 seconds.
  path: Assets/PERSONAJES/_VFX/VFX_Golpe_a_Enemigo.prefab
  artifactKey: Guid(ba781b1a8148ac541abf654310c6dd62) Importer(815301076,1909f56bfc062723c751e8b465ee728b)
Start importing Assets/PERSONAJES/_VFX/VFX_Golpe_a_Enemigo.prefab using Guid(ba781b1a8148ac541abf654310c6dd62) Importer(815301076,1909f56bfc062723c751e8b465ee728b)  -> (artifact id: '9e5f14635be06e5d898491f6a6745a10') in 0.010671 seconds 
========================================================================
Received Import Request.
  Time since last request: 0.000020 seconds.
  path: Assets/PERSONAJES/_VFX/VFX_Recibir_Dolor.prefab
  artifactKey: Guid(9bce37342d242d64c884d73a2bb6822b) Importer(815301076,1909f56bfc062723c751e8b465ee728b)
Start importing Assets/PERSONAJES/_VFX/VFX_Recibir_Dolor.prefab using Guid(9bce37342d242d64c884d73a2bb6822b) Importer(815301076,1909f56bfc062723c751e8b465ee728b)  -> (artifact id: '47eacf0472f2855b2bcd44db508bf2ec') in 0.010108 seconds 
========================================================================
Received Import Request.
  Time since last request: 17.415149 seconds.
  path: Assets/PERSONAJES/BossFinal/BossFinal.fbx
  artifactKey: Guid(b059024b109fc9942bc18fb0a9a71035) Importer(815301076,1909f56bfc062723c751e8b465ee728b)
Start importing Assets/PERSONAJES/BossFinal/BossFinal.fbx using Guid(b059024b109fc9942bc18fb0a9a71035) Importer(815301076,1909f56bfc062723c751e8b465ee728b)  -> (artifact id: '4a57839cd95dd0f865362bd46a408ed8') in 0.083550 seconds 
========================================================================
Received Import Request.
  Time since last request: 3.936048 seconds.
  path: Assets/PERSONAJES/_MATERIALES/MAT_AlaZubato.mat
  artifactKey: Guid(8596802763ea11243937c9d896cd550a) Importer(815301076,1909f56bfc062723c751e8b465ee728b)
Start importing Assets/PERSONAJES/_MATERIALES/MAT_AlaZubato.mat using Guid(8596802763ea11243937c9d896cd550a) Importer(815301076,1909f56bfc062723c751e8b465ee728b)  -> (artifact id: '14cd217f210e7f4cfb60c1f34b4bef48') in 0.010840 seconds 
========================================================================
Received Import Request.
  Time since last request: 0.000021 seconds.
  path: Assets/PERSONAJES/_MATERIALES/MAT_Gris.mat
  artifactKey: Guid(48487c32fa6b7b74189c2f842b767383) Importer(815301076,1909f56bfc062723c751e8b465ee728b)
Start importing Assets/PERSONAJES/_MATERIALES/MAT_Gris.mat using Guid(48487c32fa6b7b74189c2f842b767383) Importer(815301076,1909f56bfc062723c751e8b465ee728b)  -> (artifact id: '697e7875968d0c05ad447bc2365f6f84') in 0.009752 seconds 
========================================================================
Received Import Request.
  Time since last request: 0.000021 seconds.
  path: Assets/PERSONAJES/_MATERIALES/MAT_OjoRojo.mat
  artifactKey: Guid(ca3c7cb40c70bfd4fb0b3048383b60ad) Importer(815301076,1909f56bfc062723c751e8b465ee728b)
Start importing Assets/PERSONAJES/_MATERIALES/MAT_OjoRojo.mat using Guid(ca3c7cb40c70bfd4fb0b3048383b60ad) Importer(815301076,1909f56bfc062723c751e8b465ee728b)  -> (artifact id: '8965598237f0b735e62e2c5b4fe4e175') in 0.009381 seconds 
========================================================================
Received Import Request.
  Time since last request: 0.000020 seconds.
  path: Assets/PERSONAJES/_MATERIALES/MAT_Diente.mat
  artifactKey: Guid(e4d016932df228f4991c7af06e68bea2) Importer(815301076,1909f56bfc062723c751e8b465ee728b)
Start importing Assets/PERSONAJES/_MATERIALES/MAT_Diente.mat using Guid(e4d016932df228f4991c7af06e68bea2) Importer(815301076,1909f56bfc062723c751e8b465ee728b)  -> (artifact id: '086dc86b889e961cce6790b89ac8adbb') in 0.008681 seconds 
Editor requested this worker to shutdown with reason: Scaling down because of idle timeout
AssetImportWorker is now disconnected from the server
Process exiting
Exiting without the bug reporter. Application will terminate with return code 0