Using pre-set license
Built from '2021.3/staging' branch; Version is '2021.3.21f1 (1b156197d683) revision 1774945'; Using compiler version '192829333'; Build Type 'Release'
OS: 'Windows 10  (10.0.19044) 64bit Core' Language: 'es' Physical Memory: 32577 MB
BatchMode: 1, IsHumanControllingUs: 0, StartBugReporterOnCrash: 0, Is64bit: 1, IsPro: 1

COMMAND LINE ARGUMENTS:
C:\Program Files\Unity\Hub\Editor\2021.3.21f1\Editor\Unity.exe
-adb2
-batchMode
-noUpm
-name
AssetImportWorker3
-projectPath
C:/Users/David/Documents/M14UnityDavid/Proyecto_Unity
-logFile
Logs/AssetImportWorker3.log
-srvPort
58009
Successfully changed project path to: C:/Users/David/Documents/M14UnityDavid/Proyecto_Unity
C:/Users/David/Documents/M14UnityDavid/Proyecto_Unity
[UnityMemory] Configuration Parameters - Can be set up in boot.config
    "memorysetup-bucket-allocator-granularity=16"
    "memorysetup-bucket-allocator-bucket-count=8"
    "memorysetup-bucket-allocator-block-size=33554432"
    "memorysetup-bucket-allocator-block-count=8"
    "memorysetup-main-allocator-block-size=16777216"
    "memorysetup-thread-allocator-block-size=16777216"
    "memorysetup-gfx-main-allocator-block-size=16777216"
    "memorysetup-gfx-thread-allocator-block-size=16777216"
    "memorysetup-cache-allocator-block-size=4194304"
    "memorysetup-typetree-allocator-block-size=2097152"
    "memorysetup-profiler-bucket-allocator-granularity=16"
    "memorysetup-profiler-bucket-allocator-bucket-count=8"
    "memorysetup-profiler-bucket-allocator-block-size=33554432"
    "memorysetup-profiler-bucket-allocator-block-count=8"
    "memorysetup-profiler-allocator-block-size=16777216"
    "memorysetup-profiler-editor-allocator-block-size=1048576"
    "memorysetup-temp-allocator-size-main=16777216"
    "memorysetup-job-temp-allocator-block-size=2097152"
    "memorysetup-job-temp-allocator-block-size-background=1048576"
    "memorysetup-job-temp-allocator-reduction-small-platforms=262144"
    "memorysetup-temp-allocator-size-background-worker=32768"
    "memorysetup-temp-allocator-size-job-worker=262144"
    "memorysetup-temp-allocator-size-preload-manager=33554432"
    "memorysetup-temp-allocator-size-nav-mesh-worker=65536"
    "memorysetup-temp-allocator-size-audio-worker=65536"
    "memorysetup-temp-allocator-size-cloud-worker=32768"
    "memorysetup-temp-allocator-size-gi-baking-worker=262144"
    "memorysetup-temp-allocator-size-gfx=262144"
Player connection [1468] Host "[IP] 192.168.1.93 [Port] 0 [Flags] 2 [Guid] 1185988402 [EditorId] 1185988402 [Version] 1048832 [Id] WindowsEditor(7,DESKTOP-RLHHU51) [Debug] 1 [PackageName] WindowsEditor [ProjectName] Editor" joined multi-casting on [225.0.0.222:54997]...

Player connection [1468] Host "[IP] 192.168.1.93 [Port] 0 [Flags] 2 [Guid] 1185988402 [EditorId] 1185988402 [Version] 1048832 [Id] WindowsEditor(7,DESKTOP-RLHHU51) [Debug] 1 [PackageName] WindowsEditor [ProjectName] Editor" joined alternative multi-casting on [225.0.0.222:34997]...

Refreshing native plugins compatible for Editor in 73.94 ms, found 3 plugins.
Preloading 0 native plugins for Editor in 0.00 ms.
Initialize engine version: 2021.3.21f1 (1b156197d683)
[Subsystems] Discovering subsystems at path C:/Program Files/Unity/Hub/Editor/2021.3.21f1/Editor/Data/Resources/UnitySubsystems
[Subsystems] Discovering subsystems at path C:/Users/David/Documents/M14UnityDavid/Proyecto_Unity/Assets
GfxDevice: creating device client; threaded=0; jobified=0
Direct3D:
    Version:  Direct3D 11.0 [level 11.1]
    Renderer: AMD Radeon RX 6950 XT (ID=0x73a5)
    Vendor:   ATI
    VRAM:     16338 MB
    Driver:   31.0.14051.1000
Initialize mono
Mono path[0] = 'C:/Program Files/Unity/Hub/Editor/2021.3.21f1/Editor/Data/Managed'
Mono path[1] = 'C:/Program Files/Unity/Hub/Editor/2021.3.21f1/Editor/Data/MonoBleedingEdge/lib/mono/unityjit-win32'
Mono config path = 'C:/Program Files/Unity/Hub/Editor/2021.3.21f1/Editor/Data/MonoBleedingEdge/etc'
Using monoOptions --debugger-agent=transport=dt_socket,embedding=1,server=y,suspend=n,address=127.0.0.1:56240
Begin MonoManager ReloadAssembly
Registering precompiled unity dll's ...
Register platform support module: C:/Program Files/Unity/Hub/Editor/2021.3.21f1/Editor/Data/PlaybackEngines/AndroidPlayer/UnityEditor.Android.Extensions.dll
Register platform support module: C:/Program Files/Unity/Hub/Editor/2021.3.21f1/Editor/Data/PlaybackEngines/WindowsStandaloneSupport/UnityEditor.WindowsStandalone.Extensions.dll
Registered in 0.007456 seconds.
Native extension for WindowsStandalone target not found
Native extension for Android target not found
Android Extension - Scanning For ADB Devices 209 ms
Refreshing native plugins compatible for Editor in 71.31 ms, found 3 plugins.
Preloading 0 native plugins for Editor in 0.00 ms.
Mono: successfully reloaded assembly
- Completed reload, in  0.844 seconds
Domain Reload Profiling:
	ReloadAssembly (844ms)
		BeginReloadAssembly (82ms)
			ExecutionOrderSort (0ms)
			DisableScriptedObjects (0ms)
			BackupInstance (0ms)
			ReleaseScriptingObjects (0ms)
			CreateAndSetChildDomain (1ms)
		EndReloadAssembly (666ms)
			LoadAssemblies (81ms)
			RebuildTransferFunctionScriptingTraits (0ms)
			SetupTypeCache (102ms)
			ReleaseScriptCaches (0ms)
			RebuildScriptCaches (28ms)
			SetupLoadedEditorAssemblies (485ms)
				LogAssemblyErrors (0ms)
				InitializePlatformSupportModulesInManaged (288ms)
				SetLoadedEditorAssemblies (0ms)
				RefreshPlugins (71ms)
				BeforeProcessingInitializeOnLoad (1ms)
				ProcessInitializeOnLoadAttributes (83ms)
				ProcessInitializeOnLoadMethodAttributes (41ms)
				AfterProcessingInitializeOnLoad (0ms)
				EditorAssembliesLoaded (0ms)
			ExecutionOrderSort2 (0ms)
			AwakeInstancesAfterBackupRestoration (0ms)
Platform modules already initialized, skipping
Registering precompiled user dll's ...
Registered in 0.253695 seconds.
Begin MonoManager ReloadAssembly
Symbol file LoadedFromMemory doesn't match image C:\Users\David\Documents\M14UnityDavid\Proyecto_Unity\Library\PackageCache\com.unity.visualscripting@1.8.0\Editor\VisualScripting.Core\Dependencies\YamlDotNet\Unity.VisualScripting.YamlDotNet.dll
Symbol file LoadedFromMemory doesn't match image C:\Users\David\Documents\M14UnityDavid\Proyecto_Unity\Library\PackageCache\com.unity.visualscripting@1.8.0\Editor\VisualScripting.Core\Dependencies\DotNetZip\Unity.VisualScripting.IonicZip.dll
Native extension for WindowsStandalone target not found
Native extension for Android target not found
Refreshing native plugins compatible for Editor in 0.87 ms, found 3 plugins.
Preloading 0 native plugins for Editor in 0.00 ms.
Mono: successfully reloaded assembly
- Completed reload, in  3.401 seconds
Domain Reload Profiling:
	ReloadAssembly (3402ms)
		BeginReloadAssembly (122ms)
			ExecutionOrderSort (0ms)
			DisableScriptedObjects (6ms)
			BackupInstance (0ms)
			ReleaseScriptingObjects (0ms)
			CreateAndSetChildDomain (22ms)
		EndReloadAssembly (3147ms)
			LoadAssemblies (2081ms)
			RebuildTransferFunctionScriptingTraits (0ms)
			SetupTypeCache (612ms)
			ReleaseScriptCaches (1ms)
			RebuildScriptCaches (63ms)
			SetupLoadedEditorAssemblies (335ms)
				LogAssemblyErrors (0ms)
				InitializePlatformSupportModulesInManaged (19ms)
				SetLoadedEditorAssemblies (0ms)
				RefreshPlugins (1ms)
				BeforeProcessingInitializeOnLoad (78ms)
				ProcessInitializeOnLoadAttributes (210ms)
				ProcessInitializeOnLoadMethodAttributes (18ms)
				AfterProcessingInitializeOnLoad (9ms)
				EditorAssembliesLoaded (0ms)
			ExecutionOrderSort2 (0ms)
			AwakeInstancesAfterBackupRestoration (6ms)
Platform modules already initialized, skipping
========================================================================
Worker process is ready to serve import requests
Launched and connected shader compiler UnityShaderCompiler.exe after 0.03 seconds
Refreshing native plugins compatible for Editor in 0.90 ms, found 3 plugins.
Preloading 0 native plugins for Editor in 0.00 ms.
Unloading 3523 Unused Serialized files (Serialized files now loaded: 0)
Unloading 27 unused Assets / (252.4 KB). Loaded Objects now: 4003.
Memory consumption went from 152.1 MB to 151.9 MB.
Total: 3.000000 ms (FindLiveObjects: 0.286200 ms CreateObjectMapping: 0.076200 ms MarkObjects: 2.441600 ms  DeleteObjects: 0.195300 ms)

AssetImportParameters requested are different than current active one (requested -> active):
  custom:video-decoder-ogg-theora: a1e56fd34408186e4bbccfd4996cb3dc -> 
  custom:container-muxer-webm: aa71ff27fc2769a1b78a27578f13a17b -> 
  custom:container-demuxer-webm: 4f35f7cbe854078d1ac9338744f61a02 -> 
  custom:video-encoder-webm-vp8: eb34c28f22e8b96e1ab97ce403110664 -> 
  custom:audio-encoder-webm-vorbis: bf7c407c2cedff20999df2af8eb42d56 -> 
  custom:framework-win-MediaFoundation: 216162199b28c13a410421893ffa2e32 -> 
  custom:container-demuxer-ogg: 62fdf1f143b41e24485cea50d1cbac27 -> 
  custom:video-decoder-webm-vp8: 9c59270c3fd7afecdb556c50c9e8de78 -> 
  custom:audio-decoder-ogg-vorbis: bf7c407c2cedff20999df2af8eb42d56 -> 
========================================================================
Received Import Request.
  Time since last request: 265531.731324 seconds.
  path: Assets/Materials/Enemy.001.mat
  artifactKey: Guid(91fa34d2e8fdaab44a0f1568c6b1b617) Importer(815301076,1909f56bfc062723c751e8b465ee728b)
Start importing Assets/Materials/Enemy.001.mat using Guid(91fa34d2e8fdaab44a0f1568c6b1b617) Importer(815301076,1909f56bfc062723c751e8b465ee728b)  -> (artifact id: '12b2751a4f33cbc37d5f734f21d853ee') in 0.131068 seconds 
========================================================================
Received Import Request.
  Time since last request: 0.000018 seconds.
  path: Assets/Stylized Ocean Materials/Ocean_material_05.mat
  artifactKey: Guid(75db86cbc3c0c6a48966d73edd908d8f) Importer(815301076,1909f56bfc062723c751e8b465ee728b)
Start importing Assets/Stylized Ocean Materials/Ocean_material_05.mat using Guid(75db86cbc3c0c6a48966d73edd908d8f) Importer(815301076,1909f56bfc062723c751e8b465ee728b)  -> (artifact id: 'e98c2714c7c9a1b615a14536c825417b') in 0.067631 seconds 
========================================================================
Received Import Request.
  Time since last request: 0.000029 seconds.
  path: Assets/Materials/Piedra 2.008.mat
  artifactKey: Guid(f02740b987b6d1f47b3509a4f59e07d9) Importer(815301076,1909f56bfc062723c751e8b465ee728b)
Start importing Assets/Materials/Piedra 2.008.mat using Guid(f02740b987b6d1f47b3509a4f59e07d9) Importer(815301076,1909f56bfc062723c751e8b465ee728b)  -> (artifact id: 'efc43035b0beefd976dcb20b095b680b') in 0.012560 seconds 
========================================================================
Received Import Request.
  Time since last request: 0.000021 seconds.
  path: Assets/Materials/Piedra 2.005.mat
  artifactKey: Guid(2adbb331a81282f4f9926f9d9f43af8b) Importer(815301076,1909f56bfc062723c751e8b465ee728b)
Start importing Assets/Materials/Piedra 2.005.mat using Guid(2adbb331a81282f4f9926f9d9f43af8b) Importer(815301076,1909f56bfc062723c751e8b465ee728b)  -> (artifact id: '91a8ce356c4604607ddab186e3020efa') in 0.013772 seconds 
========================================================================
Received Import Request.
  Time since last request: 0.000038 seconds.
  path: Assets/Materials/Piedra 1.mat
  artifactKey: Guid(357842ccbc561b3439f02a42f26c2f3b) Importer(815301076,1909f56bfc062723c751e8b465ee728b)
Start importing Assets/Materials/Piedra 1.mat using Guid(357842ccbc561b3439f02a42f26c2f3b) Importer(815301076,1909f56bfc062723c751e8b465ee728b)  -> (artifact id: 'de525981760dde2c39d26e6ff36554c0') in 0.013295 seconds 
========================================================================
Received Import Request.
  Time since last request: 0.000022 seconds.
  path: Assets/Textures/GridBox_Default.png
  artifactKey: Guid(53d8ccfd8f0965d4eb5aa118cd9aa0bb) Importer(815301076,1909f56bfc062723c751e8b465ee728b)
Start importing Assets/Textures/GridBox_Default.png using Guid(53d8ccfd8f0965d4eb5aa118cd9aa0bb) Importer(815301076,1909f56bfc062723c751e8b465ee728b)  -> (artifact id: 'd848aea2c6a347ec8dd850e1e63e23ad') in 0.047893 seconds 
========================================================================
Received Import Request.
  Time since last request: 0.000018 seconds.
  path: Assets/Materials/Tierra.002.mat
  artifactKey: Guid(650c1dd917de43f4ca235fcc2a5f4c07) Importer(815301076,1909f56bfc062723c751e8b465ee728b)
Start importing Assets/Materials/Tierra.002.mat using Guid(650c1dd917de43f4ca235fcc2a5f4c07) Importer(815301076,1909f56bfc062723c751e8b465ee728b)  -> (artifact id: 'fe2028d185970b53fa59feb0a048b118') in 0.015397 seconds 
========================================================================
Received Import Request.
  Time since last request: 0.000020 seconds.
  path: Assets/Materials/WaterMaterial Modified 2.mat
  artifactKey: Guid(12a8e5d6554c97a498f466cb9db86114) Importer(815301076,1909f56bfc062723c751e8b465ee728b)
Start importing Assets/Materials/WaterMaterial Modified 2.mat using Guid(12a8e5d6554c97a498f466cb9db86114) Importer(815301076,1909f56bfc062723c751e8b465ee728b)  -> (artifact id: '607660e9093c7c10487ea707debbafb8') in 0.023865 seconds 
========================================================================
Received Import Request.
  Time since last request: 0.000024 seconds.
  path: Assets/Materials/Luz.016.mat
  artifactKey: Guid(55ff95e6dbf619f4c863e55e36a6c3ed) Importer(815301076,1909f56bfc062723c751e8b465ee728b)
Start importing Assets/Materials/Luz.016.mat using Guid(55ff95e6dbf619f4c863e55e36a6c3ed) Importer(815301076,1909f56bfc062723c751e8b465ee728b)  -> (artifact id: '94436b72069e4c4da1c9e113eb6987ae') in 0.013605 seconds 
========================================================================
Received Import Request.
  Time since last request: 0.000025 seconds.
  path: Assets/ImportsFBX/Level 1&2 Textured.prefab
  artifactKey: Guid(97eaf63ac2c3d594998de9380acd7561) Importer(815301076,1909f56bfc062723c751e8b465ee728b)
Start importing Assets/ImportsFBX/Level 1&2 Textured.prefab using Guid(97eaf63ac2c3d594998de9380acd7561) Importer(815301076,1909f56bfc062723c751e8b465ee728b)  -> (artifact id: 'a014a3808c9d73bfd4bbba7a9d2c84f6') in 0.316744 seconds 
========================================================================
Received Import Request.
  Time since last request: 0.000027 seconds.
  path: Assets/SkySeries Freebie/UnearthlyRed.mat
  artifactKey: Guid(5d133deeaa66ed445853e946ff25e073) Importer(815301076,1909f56bfc062723c751e8b465ee728b)
Start importing Assets/SkySeries Freebie/UnearthlyRed.mat using Guid(5d133deeaa66ed445853e946ff25e073) Importer(815301076,1909f56bfc062723c751e8b465ee728b)  -> (artifact id: 'c0d778d1259a4e6095b20b91d18640bd') in 0.073948 seconds 
========================================================================
Received Import Request.
  Time since last request: 0.000031 seconds.
  path: Assets/Materials/Metal.mat
  artifactKey: Guid(94a8f84bd0e1d0e4d8928122d56feb22) Importer(815301076,1909f56bfc062723c751e8b465ee728b)
Start importing Assets/Materials/Metal.mat using Guid(94a8f84bd0e1d0e4d8928122d56feb22) Importer(815301076,1909f56bfc062723c751e8b465ee728b)  -> (artifact id: '73a65a84ed95b23cc3fa2c62ab128cc0') in 0.011688 seconds 
========================================================================
Received Import Request.
  Time since last request: 0.000017 seconds.
  path: Assets/Materials/Road 2.mat
  artifactKey: Guid(0c2506e6f522ade4cae3890aa56578ca) Importer(815301076,1909f56bfc062723c751e8b465ee728b)
Start importing Assets/Materials/Road 2.mat using Guid(0c2506e6f522ade4cae3890aa56578ca) Importer(815301076,1909f56bfc062723c751e8b465ee728b)  -> (artifact id: '9fe292a26bcbf12226a2ffd31c553edf') in 0.026273 seconds 
========================================================================
Received Import Request.
  Time since last request: 0.000025 seconds.
  path: Assets/Materials/Luz.005.mat
  artifactKey: Guid(606d0bca3b88d4f44918dfe4624c06f0) Importer(815301076,1909f56bfc062723c751e8b465ee728b)
Start importing Assets/Materials/Luz.005.mat using Guid(606d0bca3b88d4f44918dfe4624c06f0) Importer(815301076,1909f56bfc062723c751e8b465ee728b)  -> (artifact id: '974b6b21966161a35bd3086bcf84e58e') in 0.008838 seconds 
========================================================================
Received Import Request.
  Time since last request: 0.000018 seconds.
  path: Assets/Materials/Brown.mat
  artifactKey: Guid(4737e4d56dc0431458dac2b9e8cd2e4b) Importer(815301076,1909f56bfc062723c751e8b465ee728b)
Start importing Assets/Materials/Brown.mat using Guid(4737e4d56dc0431458dac2b9e8cd2e4b) Importer(815301076,1909f56bfc062723c751e8b465ee728b)  -> (artifact id: 'c5c950450fc3ae19a20358406228bf1b') in 0.014214 seconds 
========================================================================
Received Import Request.
  Time since last request: 0.000023 seconds.
  path: Assets/Materials/Luz.009.mat
  artifactKey: Guid(dc0d0e581ad2b4c4c90c2e39f3087ca5) Importer(815301076,1909f56bfc062723c751e8b465ee728b)
Start importing Assets/Materials/Luz.009.mat using Guid(dc0d0e581ad2b4c4c90c2e39f3087ca5) Importer(815301076,1909f56bfc062723c751e8b465ee728b)  -> (artifact id: '97b31997bb49db5e15321ad69fc92301') in 0.010337 seconds 
========================================================================
Received Import Request.
  Time since last request: 0.000020 seconds.
  path: Assets/SkySeries Freebie/DarkStorm.mat
  artifactKey: Guid(2039a0ad0a9d05549928b70362f54902) Importer(815301076,1909f56bfc062723c751e8b465ee728b)
Start importing Assets/SkySeries Freebie/DarkStorm.mat using Guid(2039a0ad0a9d05549928b70362f54902) Importer(815301076,1909f56bfc062723c751e8b465ee728b)  -> (artifact id: 'bc62b80c5493a99ca0224900f65d9de6') in 0.065719 seconds 
========================================================================
Received Import Request.
  Time since last request: 0.000026 seconds.
  path: Assets/Materials/Metal.008.mat
  artifactKey: Guid(8c24953aecfa0cc408759127949514f0) Importer(815301076,1909f56bfc062723c751e8b465ee728b)
Start importing Assets/Materials/Metal.008.mat using Guid(8c24953aecfa0cc408759127949514f0) Importer(815301076,1909f56bfc062723c751e8b465ee728b)  -> (artifact id: '3667ab8454328c98d31c531f630d2dd5') in 0.015931 seconds 
========================================================================
Received Import Request.
  Time since last request: 0.000021 seconds.
  path: Assets/Materials/Oro.006.mat
  artifactKey: Guid(a7d826cd91394794fb0cc629dcf43be7) Importer(815301076,1909f56bfc062723c751e8b465ee728b)
Start importing Assets/Materials/Oro.006.mat using Guid(a7d826cd91394794fb0cc629dcf43be7) Importer(815301076,1909f56bfc062723c751e8b465ee728b)  -> (artifact id: 'ee748a92c27a0563b1e1a00197c5cc9a') in 0.010064 seconds 
========================================================================
Received Import Request.
  Time since last request: 0.000019 seconds.
  path: Assets/Materials/Tronco.011 2.mat
  artifactKey: Guid(f1417eaee020d8c419796a487da0f100) Importer(815301076,1909f56bfc062723c751e8b465ee728b)
Start importing Assets/Materials/Tronco.011 2.mat using Guid(f1417eaee020d8c419796a487da0f100) Importer(815301076,1909f56bfc062723c751e8b465ee728b)  -> (artifact id: '85da5422a870a0ea25c2e3a313ab47bd') in 0.012486 seconds 
========================================================================
Received Import Request.
  Time since last request: 0.000021 seconds.
  path: Assets/SkySeries Freebie/6SidedFluffball.mat
  artifactKey: Guid(efd1c33efd2d58340b88804268e6833f) Importer(815301076,1909f56bfc062723c751e8b465ee728b)
Start importing Assets/SkySeries Freebie/6SidedFluffball.mat using Guid(efd1c33efd2d58340b88804268e6833f) Importer(815301076,1909f56bfc062723c751e8b465ee728b)  -> (artifact id: '551e5457ed5684bcefecd4af422be990') in 0.154399 seconds 
========================================================================
Received Import Request.
  Time since last request: 0.000034 seconds.
  path: Assets/Materials/Cesped.001 1.mat
  artifactKey: Guid(9fb29bfc431963a47b34bc2094f9b79b) Importer(815301076,1909f56bfc062723c751e8b465ee728b)
Start importing Assets/Materials/Cesped.001 1.mat using Guid(9fb29bfc431963a47b34bc2094f9b79b) Importer(815301076,1909f56bfc062723c751e8b465ee728b)  -> (artifact id: '2b5a12e707a664287e5e7e8c8279758f') in 0.013285 seconds 
Editor requested this worker to shutdown with reason: Scaling down because of idle timeout
AssetImportWorker is now disconnected from the server
Process exiting
Exiting without the bug reporter. Application will terminate with return code 0