Unity Editor version:    2021.3.21f1 (1b156197d683)
Branch:                  2021.3/staging
Build type:              Release
Batch mode:              YES
macOS version:           Version 13.3.1 (Build 22E261)
Darwin version:          22.4.0
Architecture:            x86_64
Running under Rosetta:   YES
Available memory:        8192 MB
Using pre-set license
Pro License: YES

COMMAND LINE ARGUMENTS:
/Applications/Unity/Hub/Editor/2021.3.21f1/Unity.app/Contents/MacOS/Unity
-adb2
-batchMode
-noUpm
-name
AssetImportWorker5
-projectPath
/Users/2A3Dm/Desktop/M14UnityDavid/Proyecto_Unity
-logFile
Logs/AssetImportWorker5.log
-srvPort
49547
Successfully changed project path to: /Users/2A3Dm/Desktop/M14UnityDavid/Proyecto_Unity
/Users/2A3Dm/Desktop/M14UnityDavid/Proyecto_Unity
[UnityMemory] Configuration Parameters - Can be set up in boot.config
    "memorysetup-bucket-allocator-granularity=16"
    "memorysetup-bucket-allocator-bucket-count=8"
    "memorysetup-bucket-allocator-block-size=33554432"
    "memorysetup-bucket-allocator-block-count=8"
    "memorysetup-main-allocator-block-size=16777216"
    "memorysetup-thread-allocator-block-size=16777216"
    "memorysetup-gfx-main-allocator-block-size=16777216"
    "memorysetup-gfx-thread-allocator-block-size=16777216"
    "memorysetup-cache-allocator-block-size=4194304"
    "memorysetup-typetree-allocator-block-size=2097152"
    "memorysetup-profiler-bucket-allocator-granularity=16"
    "memorysetup-profiler-bucket-allocator-bucket-count=8"
    "memorysetup-profiler-bucket-allocator-block-size=33554432"
    "memorysetup-profiler-bucket-allocator-block-count=8"
    "memorysetup-profiler-allocator-block-size=16777216"
    "memorysetup-profiler-editor-allocator-block-size=1048576"
    "memorysetup-temp-allocator-size-main=16777216"
    "memorysetup-job-temp-allocator-block-size=2097152"
    "memorysetup-job-temp-allocator-block-size-background=1048576"
    "memorysetup-job-temp-allocator-reduction-small-platforms=262144"
    "memorysetup-temp-allocator-size-background-worker=32768"
    "memorysetup-temp-allocator-size-job-worker=262144"
    "memorysetup-temp-allocator-size-preload-manager=33554432"
    "memorysetup-temp-allocator-size-nav-mesh-worker=65536"
    "memorysetup-temp-allocator-size-audio-worker=65536"
    "memorysetup-temp-allocator-size-cloud-worker=32768"
    "memorysetup-temp-allocator-size-gi-baking-worker=262144"
    "memorysetup-temp-allocator-size-gfx=262144"
Player connection [8696619648] Host "[IP] 172.22.1.128 [Port] 0 [Flags] 2 [Guid] 2870287064 [EditorId] 2870287064 [Version] 1048832 [Id] OSXEditor(0,ha201-57.av.itb.cat) [Debug] 1 [PackageName] OSXEditor [ProjectName] Editor" joined multi-casting on [225.0.0.222:54997]...

Player connection [8696619648] Host "[IP] 172.22.1.128 [Port] 0 [Flags] 2 [Guid] 2870287064 [EditorId] 2870287064 [Version] 1048832 [Id] OSXEditor(0,ha201-57.av.itb.cat) [Debug] 1 [PackageName] OSXEditor [ProjectName] Editor" joined alternative multi-casting on [225.0.0.222:34997]...

Refreshing native plugins compatible for Editor in 104.97 ms, found 2 plugins.
Preloading 0 native plugins for Editor in 0.00 ms.
Initialize engine version: 2021.3.21f1 (1b156197d683)
[Subsystems] Discovering subsystems at path /Applications/Unity/Hub/Editor/2021.3.21f1/Unity.app/Contents/Resources/UnitySubsystems
[Subsystems] Discovering subsystems at path /Users/2A3Dm/Desktop/M14UnityDavid/Proyecto_Unity/Assets
GfxDevice: creating device client; threaded=0; jobified=0
 preferred device: Apple M1 (high power)
Metal devices available: 1
0: Apple M1 (high power)
Using device Apple M1 (high power)
Initializing Metal device caps: Apple M1
Initialize mono
Mono path[0] = '/Applications/Unity/Hub/Editor/2021.3.21f1/Unity.app/Contents/Managed'
Mono path[1] = '/Applications/Unity/Hub/Editor/2021.3.21f1/Unity.app/Contents/MonoBleedingEdge/lib/mono/unityjit-macos'
Mono config path = '/Applications/Unity/Hub/Editor/2021.3.21f1/Unity.app/Contents/MonoBleedingEdge/etc'
Using monoOptions --debugger-agent=transport=dt_socket,embedding=1,server=y,suspend=n,address=127.0.0.1:56678
Begin MonoManager ReloadAssembly
Registering precompiled unity dll's ...
Register platform support module: /Applications/Unity/Hub/Editor/2021.3.21f1/Unity.app/Contents/PlaybackEngines/MacStandaloneSupport/UnityEditor.OSXStandalone.Extensions.dll
Registered in 0.000536 seconds.
Native extension for OSXStandalone target not found
Refreshing native plugins compatible for Editor in 93.56 ms, found 2 plugins.
Preloading 0 native plugins for Editor in 0.00 ms.
Mono: successfully reloaded assembly
- Completed reload, in  1.573 seconds
Domain Reload Profiling:
	ReloadAssembly (1574ms)
		BeginReloadAssembly (245ms)
			ExecutionOrderSort (0ms)
			DisableScriptedObjects (0ms)
			BackupInstance (0ms)
			ReleaseScriptingObjects (0ms)
			CreateAndSetChildDomain (3ms)
		EndReloadAssembly (1137ms)
			LoadAssemblies (242ms)
			RebuildTransferFunctionScriptingTraits (0ms)
			SetupTypeCache (126ms)
			ReleaseScriptCaches (0ms)
			RebuildScriptCaches (35ms)
			SetupLoadedEditorAssemblies (818ms)
				LogAssemblyErrors (0ms)
				InitializePlatformSupportModulesInManaged (19ms)
				SetLoadedEditorAssemblies (1ms)
				RefreshPlugins (94ms)
				BeforeProcessingInitializeOnLoad (3ms)
				ProcessInitializeOnLoadAttributes (518ms)
				ProcessInitializeOnLoadMethodAttributes (183ms)
				AfterProcessingInitializeOnLoad (0ms)
				EditorAssembliesLoaded (0ms)
			ExecutionOrderSort2 (0ms)
			AwakeInstancesAfterBackupRestoration (0ms)
Platform modules already initialized, skipping
Registering precompiled user dll's ...
Registered in 0.001780 seconds.
Begin MonoManager ReloadAssembly
Symbol file LoadedFromMemory doesn't match image /Users/2A3Dm/Desktop/M14UnityDavid/Proyecto_Unity/Library/PackageCache/com.unity.visualscripting@1.8.0/Editor/VisualScripting.Core/Dependencies/YamlDotNet/Unity.VisualScripting.YamlDotNet.dll
Symbol file LoadedFromMemory doesn't match image /Users/2A3Dm/Desktop/M14UnityDavid/Proyecto_Unity/Library/PackageCache/com.unity.visualscripting@1.8.0/Editor/VisualScripting.Core/Dependencies/DotNetZip/Unity.VisualScripting.IonicZip.dll
Native extension for OSXStandalone target not found
Refreshing native plugins compatible for Editor in 0.69 ms, found 2 plugins.
Preloading 0 native plugins for Editor in 0.00 ms.
Mono: successfully reloaded assembly
- Completed reload, in  2.429 seconds
Domain Reload Profiling:
	ReloadAssembly (2431ms)
		BeginReloadAssembly (300ms)
			ExecutionOrderSort (0ms)
			DisableScriptedObjects (44ms)
			BackupInstance (0ms)
			ReleaseScriptingObjects (0ms)
			CreateAndSetChildDomain (28ms)
		EndReloadAssembly (1873ms)
			LoadAssemblies (172ms)
			RebuildTransferFunctionScriptingTraits (0ms)
			SetupTypeCache (315ms)
			ReleaseScriptCaches (1ms)
			RebuildScriptCaches (68ms)
			SetupLoadedEditorAssemblies (1185ms)
				LogAssemblyErrors (0ms)
				InitializePlatformSupportModulesInManaged (14ms)
				SetLoadedEditorAssemblies (1ms)
				RefreshPlugins (1ms)
				BeforeProcessingInitializeOnLoad (135ms)
				ProcessInitializeOnLoadAttributes (941ms)
				ProcessInitializeOnLoadMethodAttributes (92ms)
				AfterProcessingInitializeOnLoad (1ms)
				EditorAssembliesLoaded (0ms)
			ExecutionOrderSort2 (0ms)
			AwakeInstancesAfterBackupRestoration (13ms)
Platform modules already initialized, skipping
========================================================================
Worker process is ready to serve import requests
Launching external process: /Applications/Unity/Hub/Editor/2021.3.21f1/Unity.app/Contents/Tools/UnityShaderCompiler
Launched and connected shader compiler UnityShaderCompiler after 0.41 seconds
Refreshing native plugins compatible for Editor in 0.68 ms, found 2 plugins.
Preloading 0 native plugins for Editor in 0.00 ms.
Unloading 3522 Unused Serialized files (Serialized files now loaded: 0)
Unloading 29 unused Assets / (0.6 MB). Loaded Objects now: 3997.
Memory consumption went from 149.1 MB to 148.6 MB.
Total: 16.544917 ms (FindLiveObjects: 0.544875 ms CreateObjectMapping: 0.098250 ms MarkObjects: 15.577042 ms  DeleteObjects: 0.323375 ms)

AssetImportParameters requested are different than current active one (requested -> active):
  custom:video-decoder-ogg-theora: a1e56fd34408186e4bbccfd4996cb3dc -> 
  custom:container-muxer-webm: aa71ff27fc2769a1b78a27578f13a17b -> 
  custom:container-demuxer-webm: 4f35f7cbe854078d1ac9338744f61a02 -> 
  custom:video-encoder-webm-vp8: eb34c28f22e8b96e1ab97ce403110664 -> 
  custom:framework-osx-AVFoundation: e770b220cccbd017edd2c1fefb359320 -> 
  custom:audio-encoder-webm-vorbis: bf7c407c2cedff20999df2af8eb42d56 -> 
  custom:container-demuxer-ogg: 62fdf1f143b41e24485cea50d1cbac27 -> 
  custom:video-decoder-webm-vp8: 9c59270c3fd7afecdb556c50c9e8de78 -> 
  custom:audio-decoder-ogg-vorbis: bf7c407c2cedff20999df2af8eb42d56 -> 
========================================================================
Received Prepare
Registering precompiled user dll's ...
Registered in 0.001674 seconds.
Begin MonoManager ReloadAssembly
Symbol file LoadedFromMemory doesn't match image /Users/2A3Dm/Desktop/M14UnityDavid/Proyecto_Unity/Library/PackageCache/com.unity.visualscripting@1.8.0/Editor/VisualScripting.Core/Dependencies/YamlDotNet/Unity.VisualScripting.YamlDotNet.dll
Symbol file LoadedFromMemory doesn't match image /Users/2A3Dm/Desktop/M14UnityDavid/Proyecto_Unity/Library/PackageCache/com.unity.visualscripting@1.8.0/Editor/VisualScripting.Core/Dependencies/DotNetZip/Unity.VisualScripting.IonicZip.dll
Native extension for OSXStandalone target not found
Refreshing native plugins compatible for Editor in 0.70 ms, found 2 plugins.
Preloading 0 native plugins for Editor in 0.00 ms.
Mono: successfully reloaded assembly
- Completed reload, in  2.326 seconds
Domain Reload Profiling:
	ReloadAssembly (2328ms)
		BeginReloadAssembly (345ms)
			ExecutionOrderSort (0ms)
			DisableScriptedObjects (43ms)
			BackupInstance (0ms)
			ReleaseScriptingObjects (0ms)
			CreateAndSetChildDomain (76ms)
		EndReloadAssembly (1769ms)
			LoadAssemblies (160ms)
			RebuildTransferFunctionScriptingTraits (0ms)
			SetupTypeCache (314ms)
			ReleaseScriptCaches (1ms)
			RebuildScriptCaches (50ms)
			SetupLoadedEditorAssemblies (1109ms)
				LogAssemblyErrors (0ms)
				InitializePlatformSupportModulesInManaged (15ms)
				SetLoadedEditorAssemblies (2ms)
				RefreshPlugins (1ms)
				BeforeProcessingInitializeOnLoad (101ms)
				ProcessInitializeOnLoadAttributes (898ms)
				ProcessInitializeOnLoadMethodAttributes (91ms)
				AfterProcessingInitializeOnLoad (1ms)
				EditorAssembliesLoaded (0ms)
			ExecutionOrderSort2 (0ms)
			AwakeInstancesAfterBackupRestoration (10ms)
Platform modules already initialized, skipping
Refreshing native plugins compatible for Editor in 1.68 ms, found 2 plugins.
Preloading 0 native plugins for Editor in 0.00 ms.
Unloading 3462 Unused Serialized files (Serialized files now loaded: 0)
Unloading 22 unused Assets / (320.8 KB). Loaded Objects now: 4000.
Memory consumption went from 143.0 MB to 142.6 MB.
Total: 2.879750 ms (FindLiveObjects: 0.193875 ms CreateObjectMapping: 0.081875 ms MarkObjects: 2.352625 ms  DeleteObjects: 0.249917 ms)

AssetImportParameters requested are different than current active one (requested -> active):
  custom:video-decoder-ogg-theora: a1e56fd34408186e4bbccfd4996cb3dc -> 
  custom:container-muxer-webm: aa71ff27fc2769a1b78a27578f13a17b -> 
  custom:container-demuxer-webm: 4f35f7cbe854078d1ac9338744f61a02 -> 
  custom:video-encoder-webm-vp8: eb34c28f22e8b96e1ab97ce403110664 -> 
  custom:framework-osx-AVFoundation: e770b220cccbd017edd2c1fefb359320 -> 
  custom:audio-encoder-webm-vorbis: bf7c407c2cedff20999df2af8eb42d56 -> 
  custom:container-demuxer-ogg: 62fdf1f143b41e24485cea50d1cbac27 -> 
  custom:video-decoder-webm-vp8: 9c59270c3fd7afecdb556c50c9e8de78 -> 
  custom:audio-decoder-ogg-vorbis: bf7c407c2cedff20999df2af8eb42d56 -> 
========================================================================
Received Import Request.
  Time since last request: 11789.239452 seconds.
  path: Assets/Materials/Brown.052.mat
  artifactKey: Guid(e2bc09e6744c6a047b60f4c9d4fcfbc3) Importer(815301076,1909f56bfc062723c751e8b465ee728b)
Start importing Assets/Materials/Brown.052.mat using Guid(e2bc09e6744c6a047b60f4c9d4fcfbc3) Importer(815301076,1909f56bfc062723c751e8b465ee728b)  -> (artifact id: '93559140f0b24917097a61c69e1db1c0') in 0.648150 seconds 
========================================================================
Received Import Request.
  Time since last request: 1.543860 seconds.
  path: Assets/Materials/Brown.059.mat
  artifactKey: Guid(0696cc2b44740f44da038d1213998855) Importer(815301076,1909f56bfc062723c751e8b465ee728b)
Start importing Assets/Materials/Brown.059.mat using Guid(0696cc2b44740f44da038d1213998855) Importer(815301076,1909f56bfc062723c751e8b465ee728b)  -> (artifact id: 'ef69aeef80a9675c2c5580918d8a1f08') in 0.030882 seconds 
========================================================================
Received Import Request.
  Time since last request: 0.000162 seconds.
  path: Assets/Materials/Brown.mat
  artifactKey: Guid(4737e4d56dc0431458dac2b9e8cd2e4b) Importer(815301076,1909f56bfc062723c751e8b465ee728b)
Start importing Assets/Materials/Brown.mat using Guid(4737e4d56dc0431458dac2b9e8cd2e4b) Importer(815301076,1909f56bfc062723c751e8b465ee728b)  -> (artifact id: 'ece340066d4859c6a7dc79cecfeba9f5') in 0.030502 seconds 
========================================================================
Received Import Request.
  Time since last request: 0.000102 seconds.
  path: Assets/Materials/Brown.060.mat
  artifactKey: Guid(1910a2743c96b0b488c29f3db8e24f24) Importer(815301076,1909f56bfc062723c751e8b465ee728b)
Start importing Assets/Materials/Brown.060.mat using Guid(1910a2743c96b0b488c29f3db8e24f24) Importer(815301076,1909f56bfc062723c751e8b465ee728b)  -> (artifact id: 'ec730a1061c7a2053a009d99af25bf1a') in 0.022976 seconds 
========================================================================
Received Import Request.
  Time since last request: 0.008679 seconds.
  path: Assets/Materials/Brown.060 2.mat
  artifactKey: Guid(88074cb5d143154418dc8feb2967bf05) Importer(815301076,1909f56bfc062723c751e8b465ee728b)
Start importing Assets/Materials/Brown.060 2.mat using Guid(88074cb5d143154418dc8feb2967bf05) Importer(815301076,1909f56bfc062723c751e8b465ee728b)  -> (artifact id: '0c67816e653c795fd6a1efbfbb06ca07') in 0.013917 seconds 
========================================================================
Received Import Request.
  Time since last request: 0.010388 seconds.
  path: Assets/Materials/Brown.062.mat
  artifactKey: Guid(6846cffc1d0835d41925ff411cf8a270) Importer(815301076,1909f56bfc062723c751e8b465ee728b)
Start importing Assets/Materials/Brown.062.mat using Guid(6846cffc1d0835d41925ff411cf8a270) Importer(815301076,1909f56bfc062723c751e8b465ee728b)  -> (artifact id: '9b393924a0a05cfb1e86b7d915440899') in 0.012022 seconds 
========================================================================
Received Import Request.
  Time since last request: 0.000122 seconds.
  path: Assets/Materials/Brown.063 1.mat
  artifactKey: Guid(b011c12ec1552cc478cf42f1d529af77) Importer(815301076,1909f56bfc062723c751e8b465ee728b)
Start importing Assets/Materials/Brown.063 1.mat using Guid(b011c12ec1552cc478cf42f1d529af77) Importer(815301076,1909f56bfc062723c751e8b465ee728b)  -> (artifact id: '0c7d8b299a10ff7434bb3bcf78eab9a3') in 0.010946 seconds 
========================================================================
Received Import Request.
  Time since last request: 0.000157 seconds.
  path: Assets/Materials/Brown.061 2.mat
  artifactKey: Guid(032cff02ab8fd324db22b60cbd4f5bc2) Importer(815301076,1909f56bfc062723c751e8b465ee728b)
Start importing Assets/Materials/Brown.061 2.mat using Guid(032cff02ab8fd324db22b60cbd4f5bc2) Importer(815301076,1909f56bfc062723c751e8b465ee728b)  -> (artifact id: 'bc2d28c93d491e55faa2b14a7a089d50') in 0.010096 seconds 
========================================================================
Received Import Request.
  Time since last request: 0.000073 seconds.
  path: Assets/Materials/Coin 2.mat
  artifactKey: Guid(fb355be6c9c54e34ab73dc1e81b18260) Importer(815301076,1909f56bfc062723c751e8b465ee728b)
Start importing Assets/Materials/Coin 2.mat using Guid(fb355be6c9c54e34ab73dc1e81b18260) Importer(815301076,1909f56bfc062723c751e8b465ee728b)  -> (artifact id: '0b318961857a078aed8ac97bbdda33eb') in 0.009350 seconds 
========================================================================
Received Import Request.
  Time since last request: 0.000135 seconds.
  path: Assets/Materials/Copa del arbol.002.mat
  artifactKey: Guid(61ecfa07ad37d9c42bc42c64073533b8) Importer(815301076,1909f56bfc062723c751e8b465ee728b)
Start importing Assets/Materials/Copa del arbol.002.mat using Guid(61ecfa07ad37d9c42bc42c64073533b8) Importer(815301076,1909f56bfc062723c751e8b465ee728b)  -> (artifact id: '353c122c1068b7e8a228344633dc7674') in 0.017240 seconds 
========================================================================
Received Import Request.
  Time since last request: 0.000132 seconds.
  path: Assets/Materials/Coin 3.mat
  artifactKey: Guid(b95f232eae8f36a4b95ae7f13177a915) Importer(815301076,1909f56bfc062723c751e8b465ee728b)
Start importing Assets/Materials/Coin 3.mat using Guid(b95f232eae8f36a4b95ae7f13177a915) Importer(815301076,1909f56bfc062723c751e8b465ee728b)  -> (artifact id: '54da1baf8a5c202567cfba8669bdc3b0') in 0.012852 seconds 
========================================================================
Received Import Request.
  Time since last request: 0.000113 seconds.
  path: Assets/Materials/Copa del arbol.001 1.mat
  artifactKey: Guid(9e095106c1296bc4983aa54a674cc928) Importer(815301076,1909f56bfc062723c751e8b465ee728b)
Start importing Assets/Materials/Copa del arbol.001 1.mat using Guid(9e095106c1296bc4983aa54a674cc928) Importer(815301076,1909f56bfc062723c751e8b465ee728b)  -> (artifact id: 'd550b08d49ee267d2d3c73526fce64c5') in 0.013128 seconds 
========================================================================
Received Import Request.
  Time since last request: 0.000079 seconds.
  path: Assets/Materials/Brown.063 2.mat
  artifactKey: Guid(d04a9493887383c4fb86ec38235465d9) Importer(815301076,1909f56bfc062723c751e8b465ee728b)
Start importing Assets/Materials/Brown.063 2.mat using Guid(d04a9493887383c4fb86ec38235465d9) Importer(815301076,1909f56bfc062723c751e8b465ee728b)  -> (artifact id: 'be5b8f04640bcfacb29cf6f980767c2c') in 0.011193 seconds 
========================================================================
Received Import Request.
  Time since last request: 0.000094 seconds.
  path: Assets/Materials/Cesped.001 1.mat
  artifactKey: Guid(9fb29bfc431963a47b34bc2094f9b79b) Importer(815301076,1909f56bfc062723c751e8b465ee728b)
Start importing Assets/Materials/Cesped.001 1.mat using Guid(9fb29bfc431963a47b34bc2094f9b79b) Importer(815301076,1909f56bfc062723c751e8b465ee728b)  -> (artifact id: '0de3ca0fc2da92ff1ad24503952210b0') in 0.011624 seconds 
========================================================================
Received Import Request.
  Time since last request: 0.062293 seconds.
  path: Assets/Materials/Copa del arbol.010 2.mat
  artifactKey: Guid(49b647b04dc704142964890ec5ac311b) Importer(815301076,1909f56bfc062723c751e8b465ee728b)
Start importing Assets/Materials/Copa del arbol.010 2.mat using Guid(49b647b04dc704142964890ec5ac311b) Importer(815301076,1909f56bfc062723c751e8b465ee728b)  -> (artifact id: '009cc0a96acd767bfe591793ecfdb429') in 0.008189 seconds 
========================================================================
Received Import Request.
  Time since last request: 0.000113 seconds.
  path: Assets/Materials/Copa del arbol.011 1.mat
  artifactKey: Guid(ddb2f82e9ae597343bd7690a8c344afc) Importer(815301076,1909f56bfc062723c751e8b465ee728b)
Start importing Assets/Materials/Copa del arbol.011 1.mat using Guid(ddb2f82e9ae597343bd7690a8c344afc) Importer(815301076,1909f56bfc062723c751e8b465ee728b)  -> (artifact id: '61cc412e5b5102585b259fe5f73eada1') in 0.009686 seconds 
========================================================================
Received Import Request.
  Time since last request: 0.000105 seconds.
  path: Assets/Materials/Copa del arbol.011.mat
  artifactKey: Guid(2886e53d4f3241d4b88d1f33d06d2073) Importer(815301076,1909f56bfc062723c751e8b465ee728b)
Start importing Assets/Materials/Copa del arbol.011.mat using Guid(2886e53d4f3241d4b88d1f33d06d2073) Importer(815301076,1909f56bfc062723c751e8b465ee728b)  -> (artifact id: '2fc7cdec276fa95bf97ab0935dea52df') in 0.008822 seconds 
========================================================================
Received Import Request.
  Time since last request: 0.000170 seconds.
  path: Assets/Materials/Copa del arbol.011 2.mat
  artifactKey: Guid(2de9bd64cfad44b49b4f213cb365a42e) Importer(815301076,1909f56bfc062723c751e8b465ee728b)
Start importing Assets/Materials/Copa del arbol.011 2.mat using Guid(2de9bd64cfad44b49b4f213cb365a42e) Importer(815301076,1909f56bfc062723c751e8b465ee728b)  -> (artifact id: '95f8de51fa768843d53d84a44ff5e552') in 0.006756 seconds 
========================================================================
Received Import Request.
  Time since last request: 0.000076 seconds.
  path: Assets/Materials/Cristal de vida.mat
  artifactKey: Guid(ac55da814569b5242aff42aa54aa10cc) Importer(815301076,1909f56bfc062723c751e8b465ee728b)
Start importing Assets/Materials/Cristal de vida.mat using Guid(ac55da814569b5242aff42aa54aa10cc) Importer(815301076,1909f56bfc062723c751e8b465ee728b)  -> (artifact id: '001edff736113c9046a58a063d451531') in 0.013204 seconds 
========================================================================
Received Import Request.
  Time since last request: 16.619994 seconds.
  path: Assets/Materials/Enemy 3.mat
  artifactKey: Guid(1bb0b2b1146abed43b446f58097a4d23) Importer(815301076,1909f56bfc062723c751e8b465ee728b)
Start importing Assets/Materials/Enemy 3.mat using Guid(1bb0b2b1146abed43b446f58097a4d23) Importer(815301076,1909f56bfc062723c751e8b465ee728b)  -> (artifact id: 'd2a88c7f5189f764632255cbab37974c') in 0.097029 seconds 
========================================================================
Received Import Request.
  Time since last request: 0.000367 seconds.
  path: Assets/Materials/Grass.mat
  artifactKey: Guid(c9e5401f1b1733b4ca474910da076e08) Importer(815301076,1909f56bfc062723c751e8b465ee728b)
Start importing Assets/Materials/Grass.mat using Guid(c9e5401f1b1733b4ca474910da076e08) Importer(815301076,1909f56bfc062723c751e8b465ee728b)  -> (artifact id: '16cf756b5ee788473118bfe74d59cd33') in 0.031285 seconds 
========================================================================
Received Import Request.
  Time since last request: 0.000147 seconds.
  path: Assets/Materials/Material #38.002 1.mat
  artifactKey: Guid(9d6af195e1c6a8c4fb558a769c07c899) Importer(815301076,1909f56bfc062723c751e8b465ee728b)
Start importing Assets/Materials/Material #38.002 1.mat using Guid(9d6af195e1c6a8c4fb558a769c07c899) Importer(815301076,1909f56bfc062723c751e8b465ee728b)  -> (artifact id: '97fbc2c5ff5bc33132b64172911cebfc') in 0.013640 seconds 
========================================================================
Received Import Request.
  Time since last request: 0.000180 seconds.
  path: Assets/Materials/Oro.016.mat
  artifactKey: Guid(2c360ae2866632e4589e73fc917c8a09) Importer(815301076,1909f56bfc062723c751e8b465ee728b)
Start importing Assets/Materials/Oro.016.mat using Guid(2c360ae2866632e4589e73fc917c8a09) Importer(815301076,1909f56bfc062723c751e8b465ee728b)  -> (artifact id: '5219e6bb8723d488ab3945fd36275543') in 0.026159 seconds 
========================================================================
Received Import Request.
  Time since last request: 0.000072 seconds.
  path: Assets/Materials/Material #39.001 1.mat
  artifactKey: Guid(fd58544037f2a0541a439f994054be25) Importer(815301076,1909f56bfc062723c751e8b465ee728b)
Start importing Assets/Materials/Material #39.001 1.mat using Guid(fd58544037f2a0541a439f994054be25) Importer(815301076,1909f56bfc062723c751e8b465ee728b)  -> (artifact id: '67e2da0e1fca3c91f20cea482df4e788') in 0.009509 seconds 
========================================================================
Received Import Request.
  Time since last request: 0.000106 seconds.
  path: Assets/Materials/Nieve 1.mat
  artifactKey: Guid(e55da12f0b81c584bacfab08732220bd) Importer(815301076,1909f56bfc062723c751e8b465ee728b)
Start importing Assets/Materials/Nieve 1.mat using Guid(e55da12f0b81c584bacfab08732220bd) Importer(815301076,1909f56bfc062723c751e8b465ee728b)  -> (artifact id: 'fb9433ecb983d4c54762500ef40f0168') in 0.009451 seconds 
========================================================================
Received Import Request.
  Time since last request: 0.000188 seconds.
  path: Assets/Materials/Oro.015.mat
  artifactKey: Guid(7ff9af7e1265bf34d86bfe0e0cac94ac) Importer(815301076,1909f56bfc062723c751e8b465ee728b)
Start importing Assets/Materials/Oro.015.mat using Guid(7ff9af7e1265bf34d86bfe0e0cac94ac) Importer(815301076,1909f56bfc062723c751e8b465ee728b)  -> (artifact id: 'b8cfd6c5173b810d355d2ce7c7f77ea2') in 0.024459 seconds 
========================================================================
Received Import Request.
  Time since last request: 0.000122 seconds.
  path: Assets/Materials/Luz.016.mat
  artifactKey: Guid(55ff95e6dbf619f4c863e55e36a6c3ed) Importer(815301076,1909f56bfc062723c751e8b465ee728b)
Start importing Assets/Materials/Luz.016.mat using Guid(55ff95e6dbf619f4c863e55e36a6c3ed) Importer(815301076,1909f56bfc062723c751e8b465ee728b)  -> (artifact id: '853f809794c7ac108bd8379cc9b25b46') in 0.016437 seconds 
========================================================================
Received Import Request.
  Time since last request: 0.000067 seconds.
  path: Assets/Materials/limited time to use.001 2.mat
  artifactKey: Guid(20f29de07f869104d952cf1bd7ba7217) Importer(815301076,1909f56bfc062723c751e8b465ee728b)
Start importing Assets/Materials/limited time to use.001 2.mat using Guid(20f29de07f869104d952cf1bd7ba7217) Importer(815301076,1909f56bfc062723c751e8b465ee728b)  -> (artifact id: 'b06f9d76f5ab0ac405ff5148378216d9') in 0.011568 seconds 
========================================================================
Received Import Request.
  Time since last request: 0.000077 seconds.
  path: Assets/Materials/Material #40.mat
  artifactKey: Guid(bf281ee746a7558468782e7d6276c01a) Importer(815301076,1909f56bfc062723c751e8b465ee728b)
Start importing Assets/Materials/Material #40.mat using Guid(bf281ee746a7558468782e7d6276c01a) Importer(815301076,1909f56bfc062723c751e8b465ee728b)  -> (artifact id: 'c6dd9353d47501321bf31d201fa6d600') in 0.014115 seconds 
========================================================================
Received Import Request.
  Time since last request: 0.000186 seconds.
  path: Assets/Materials/Material #38 1.mat
  artifactKey: Guid(481f855f4a8137b4fbd0c7a9015a9d40) Importer(815301076,1909f56bfc062723c751e8b465ee728b)
Start importing Assets/Materials/Material #38 1.mat using Guid(481f855f4a8137b4fbd0c7a9015a9d40) Importer(815301076,1909f56bfc062723c751e8b465ee728b)  -> (artifact id: 'dc6a23fa5d0db06a309ab1666ec156a1') in 0.009552 seconds 
========================================================================
Received Import Request.
  Time since last request: 0.000140 seconds.
  path: Assets/Materials/Luz.013.mat
  artifactKey: Guid(1e248952c854ef2438930a2dfb8bd262) Importer(815301076,1909f56bfc062723c751e8b465ee728b)
Start importing Assets/Materials/Luz.013.mat using Guid(1e248952c854ef2438930a2dfb8bd262) Importer(815301076,1909f56bfc062723c751e8b465ee728b)  -> (artifact id: '0341202d816ccbeee272eea04ce86443') in 0.010030 seconds 
========================================================================
Received Import Request.
  Time since last request: 0.000168 seconds.
  path: Assets/Materials/Luz.001.mat
  artifactKey: Guid(495cbffb94409e84ab597e25d924044b) Importer(815301076,1909f56bfc062723c751e8b465ee728b)
Start importing Assets/Materials/Luz.001.mat using Guid(495cbffb94409e84ab597e25d924044b) Importer(815301076,1909f56bfc062723c751e8b465ee728b)  -> (artifact id: 'ea9a268df401071069f36b6f7e421e29') in 0.015360 seconds 
========================================================================
Received Import Request.
  Time since last request: 0.000059 seconds.
  path: Assets/Materials/Material #40.001 1.mat
  artifactKey: Guid(6e90458f8c97b08418b2a1dac1e2bb0e) Importer(815301076,1909f56bfc062723c751e8b465ee728b)
Start importing Assets/Materials/Material #40.001 1.mat using Guid(6e90458f8c97b08418b2a1dac1e2bb0e) Importer(815301076,1909f56bfc062723c751e8b465ee728b)  -> (artifact id: 'fbc719324e83a496493ee33539b26ba8') in 0.010383 seconds 
========================================================================
Received Import Request.
  Time since last request: 0.000083 seconds.
  path: Assets/Materials/Road.003.mat
  artifactKey: Guid(47d2ab409c4aa1c41966f0a55356a173) Importer(815301076,1909f56bfc062723c751e8b465ee728b)
Start importing Assets/Materials/Road.003.mat using Guid(47d2ab409c4aa1c41966f0a55356a173) Importer(815301076,1909f56bfc062723c751e8b465ee728b)  -> (artifact id: '564ab8742667d15fdf50cdebe53dcb9b') in 0.011799 seconds 
========================================================================
Received Import Request.
  Time since last request: 0.000196 seconds.
  path: Assets/Materials/Tronco.010 3.mat
  artifactKey: Guid(e6e076b34133751468d3e38228d734f3) Importer(815301076,1909f56bfc062723c751e8b465ee728b)
Start importing Assets/Materials/Tronco.010 3.mat using Guid(e6e076b34133751468d3e38228d734f3) Importer(815301076,1909f56bfc062723c751e8b465ee728b)  -> (artifact id: '3d9520e5d8b6ec385df443794db1a6e8') in 0.009953 seconds 
========================================================================
Received Import Request.
  Time since last request: 0.000307 seconds.
  path: Assets/Materials/Tronco.002.mat
  artifactKey: Guid(e02619f2ec0b99b4b9e7385c21a376cf) Importer(815301076,1909f56bfc062723c751e8b465ee728b)
Start importing Assets/Materials/Tronco.002.mat using Guid(e02619f2ec0b99b4b9e7385c21a376cf) Importer(815301076,1909f56bfc062723c751e8b465ee728b)  -> (artifact id: '4acab9d7f782cbdf69d502752535fcec') in 0.011653 seconds 
========================================================================
Received Import Request.
  Time since last request: 0.000050 seconds.
  path: Assets/Materials/Tronco 2.mat
  artifactKey: Guid(ee4b32aef76b2084a8130df1ef2a8c37) Importer(815301076,1909f56bfc062723c751e8b465ee728b)
Start importing Assets/Materials/Tronco 2.mat using Guid(ee4b32aef76b2084a8130df1ef2a8c37) Importer(815301076,1909f56bfc062723c751e8b465ee728b)  -> (artifact id: '4844aaebeb0a8829a49d9948924d9d11') in 0.007631 seconds 
========================================================================
Received Import Request.
  Time since last request: 0.000058 seconds.
  path: Assets/Materials/Piedra 2.004.mat
  artifactKey: Guid(833724113864eb243a62a9bbcca939f7) Importer(815301076,1909f56bfc062723c751e8b465ee728b)
Start importing Assets/Materials/Piedra 2.004.mat using Guid(833724113864eb243a62a9bbcca939f7) Importer(815301076,1909f56bfc062723c751e8b465ee728b)  -> (artifact id: 'e3d0c2910f5c94d8f26acf6b519a76ea') in 0.009805 seconds 
========================================================================
Received Import Request.
  Time since last request: 0.000077 seconds.
  path: Assets/Materials/Road.002.mat
  artifactKey: Guid(4747bd7276cc3cb489d061c07301e29f) Importer(815301076,1909f56bfc062723c751e8b465ee728b)
Start importing Assets/Materials/Road.002.mat using Guid(4747bd7276cc3cb489d061c07301e29f) Importer(815301076,1909f56bfc062723c751e8b465ee728b)  -> (artifact id: 'dc76f015d263f8e49f2927de44274953') in 0.007491 seconds 
========================================================================
Received Import Request.
  Time since last request: 0.000040 seconds.
  path: Assets/Materials/Tronco.006 1.mat
  artifactKey: Guid(e59f678ef0575f24b8869faf9940125c) Importer(815301076,1909f56bfc062723c751e8b465ee728b)
Start importing Assets/Materials/Tronco.006 1.mat using Guid(e59f678ef0575f24b8869faf9940125c) Importer(815301076,1909f56bfc062723c751e8b465ee728b)  -> (artifact id: 'b871ccc7d3383c35d6159b3ef89c3d0d') in 0.010290 seconds 
========================================================================
Received Import Request.
  Time since last request: 0.000792 seconds.
  path: Assets/Materials/Tronco.mat
  artifactKey: Guid(2320339301ae80141af43389b39e4b14) Importer(815301076,1909f56bfc062723c751e8b465ee728b)
Start importing Assets/Materials/Tronco.mat using Guid(2320339301ae80141af43389b39e4b14) Importer(815301076,1909f56bfc062723c751e8b465ee728b)  -> (artifact id: '75c93a05ee16b2904b0520d1a0effe48') in 0.007383 seconds 
========================================================================
Received Import Request.
  Time since last request: 0.000056 seconds.
  path: Assets/Materials/Tronco 1.007.mat
  artifactKey: Guid(d2b2a8bde9453e64ab4c75fcccfc97c0) Importer(815301076,1909f56bfc062723c751e8b465ee728b)
Start importing Assets/Materials/Tronco 1.007.mat using Guid(d2b2a8bde9453e64ab4c75fcccfc97c0) Importer(815301076,1909f56bfc062723c751e8b465ee728b)  -> (artifact id: 'e1b8cb1fd6b6777016d48291da7311a0') in 0.008374 seconds 
========================================================================
Received Import Request.
  Time since last request: 0.000110 seconds.
  path: Assets/Materials/Tierra.002.mat
  artifactKey: Guid(650c1dd917de43f4ca235fcc2a5f4c07) Importer(815301076,1909f56bfc062723c751e8b465ee728b)
Start importing Assets/Materials/Tierra.002.mat using Guid(650c1dd917de43f4ca235fcc2a5f4c07) Importer(815301076,1909f56bfc062723c751e8b465ee728b)  -> (artifact id: '1bc98ba5d3648bd093fa53fe70226ef3') in 0.009200 seconds 
========================================================================
Received Import Request.
  Time since last request: 0.000071 seconds.
  path: Assets/Materials/Tronco 1.006.mat
  artifactKey: Guid(60eab9e65748f9c43b27140142a5ab54) Importer(815301076,1909f56bfc062723c751e8b465ee728b)
Start importing Assets/Materials/Tronco 1.006.mat using Guid(60eab9e65748f9c43b27140142a5ab54) Importer(815301076,1909f56bfc062723c751e8b465ee728b)  -> (artifact id: '183e0e88ced6ba04fcc5382777138f97') in 0.008826 seconds 
========================================================================
Received Import Request.
  Time since last request: 0.000085 seconds.
  path: Assets/Materials/ProBuilderDefault.mat
  artifactKey: Guid(3a0ff2a45a47b3742923de394be7707b) Importer(815301076,1909f56bfc062723c751e8b465ee728b)
Start importing Assets/Materials/ProBuilderDefault.mat using Guid(3a0ff2a45a47b3742923de394be7707b) Importer(815301076,1909f56bfc062723c751e8b465ee728b)  -> (artifact id: 'e303296e39d631e9d4cefc9569d69988') in 0.012835 seconds 
========================================================================
Received Import Request.
  Time since last request: 0.000066 seconds.
  path: Assets/Materials/Piedra.mat
  artifactKey: Guid(7d6a6e6a08b33524c89e6ec454fdd79c) Importer(815301076,1909f56bfc062723c751e8b465ee728b)
Start importing Assets/Materials/Piedra.mat using Guid(7d6a6e6a08b33524c89e6ec454fdd79c) Importer(815301076,1909f56bfc062723c751e8b465ee728b)  -> (artifact id: '505f693d658bb45e1825ea675aa8d2a6') in 0.008370 seconds 
========================================================================
Received Import Request.
  Time since last request: 0.000058 seconds.
  path: Assets/Materials/Tronco.001 1.mat
  artifactKey: Guid(763e112442652f64b8cc198aac842fc0) Importer(815301076,1909f56bfc062723c751e8b465ee728b)
Start importing Assets/Materials/Tronco.001 1.mat using Guid(763e112442652f64b8cc198aac842fc0) Importer(815301076,1909f56bfc062723c751e8b465ee728b)  -> (artifact id: 'fbcd5afb82fde72371aee16642894551') in 0.009247 seconds 
========================================================================
Received Import Request.
  Time since last request: 0.000103 seconds.
  path: Assets/Materials/Metal.009.mat
  artifactKey: Guid(18d8a72d0f27ecd4dbdb06f5584d6766) Importer(815301076,1909f56bfc062723c751e8b465ee728b)
Start importing Assets/Materials/Metal.009.mat using Guid(18d8a72d0f27ecd4dbdb06f5584d6766) Importer(815301076,1909f56bfc062723c751e8b465ee728b)  -> (artifact id: '5319b99f7f0b2264d6d3052436facfac') in 0.014247 seconds 
========================================================================
Received Import Request.
  Time since last request: 0.000132 seconds.
  path: Assets/Materials/Piedra 2.012.mat
  artifactKey: Guid(d563f1ab1663d72499b8566dd1fc2197) Importer(815301076,1909f56bfc062723c751e8b465ee728b)
Start importing Assets/Materials/Piedra 2.012.mat using Guid(d563f1ab1663d72499b8566dd1fc2197) Importer(815301076,1909f56bfc062723c751e8b465ee728b)  -> (artifact id: 'fa335e3f57cf0b36835457aa4521fbbc') in 0.008622 seconds 
========================================================================
Received Import Request.
  Time since last request: 0.000155 seconds.
  path: Assets/Materials/Piedra 2.017.mat
  artifactKey: Guid(da71b821c55a120408e9212efb77b0b8) Importer(815301076,1909f56bfc062723c751e8b465ee728b)
Start importing Assets/Materials/Piedra 2.017.mat using Guid(da71b821c55a120408e9212efb77b0b8) Importer(815301076,1909f56bfc062723c751e8b465ee728b)  -> (artifact id: 'c8cd34ae399883cc5d8d3a316b572739') in 0.009082 seconds 
========================================================================
Received Import Request.
  Time since last request: 0.000220 seconds.
  path: Assets/Materials/Piedra 2.mat
  artifactKey: Guid(54374fc9aeb19754ea48d1dbb3102880) Importer(815301076,1909f56bfc062723c751e8b465ee728b)
Start importing Assets/Materials/Piedra 2.mat using Guid(54374fc9aeb19754ea48d1dbb3102880) Importer(815301076,1909f56bfc062723c751e8b465ee728b)  -> (artifact id: 'd56a68a4ce6fe15fff14fb06cdf487a4') in 0.015602 seconds 
========================================================================
Received Import Request.
  Time since last request: 0.000057 seconds.
  path: Assets/Materials/Material #39.mat
  artifactKey: Guid(242b52d6b30e7d84aa928742755127f0) Importer(815301076,1909f56bfc062723c751e8b465ee728b)
Start importing Assets/Materials/Material #39.mat using Guid(242b52d6b30e7d84aa928742755127f0) Importer(815301076,1909f56bfc062723c751e8b465ee728b)  -> (artifact id: '5075ac09e682415649e79c9ba7e5ba63') in 0.008239 seconds 
========================================================================
Received Import Request.
  Time since last request: 0.000124 seconds.
  path: Assets/Materials/Oro.001.mat
  artifactKey: Guid(bfe8a06aa4a952c4d9618974b6f72f46) Importer(815301076,1909f56bfc062723c751e8b465ee728b)
Start importing Assets/Materials/Oro.001.mat using Guid(bfe8a06aa4a952c4d9618974b6f72f46) Importer(815301076,1909f56bfc062723c751e8b465ee728b)  -> (artifact id: 'a653ccc67ba4cf3ec3b8af44945f46ea') in 0.008421 seconds 
========================================================================
Received Import Request.
  Time since last request: 0.000099 seconds.
  path: Assets/Materials/Oro.009.mat
  artifactKey: Guid(b0c41fef503c54c4385ccb716fcbce3d) Importer(815301076,1909f56bfc062723c751e8b465ee728b)
Start importing Assets/Materials/Oro.009.mat using Guid(b0c41fef503c54c4385ccb716fcbce3d) Importer(815301076,1909f56bfc062723c751e8b465ee728b)  -> (artifact id: '72c66e457b2425080af2dcf07e5fdd90') in 0.007888 seconds 
========================================================================
Received Import Request.
  Time since last request: 0.000097 seconds.
  path: Assets/Materials/Material #39.004.mat
  artifactKey: Guid(be0ee9d9d1f3ea84784e1ec35f812adf) Importer(815301076,1909f56bfc062723c751e8b465ee728b)
Start importing Assets/Materials/Material #39.004.mat using Guid(be0ee9d9d1f3ea84784e1ec35f812adf) Importer(815301076,1909f56bfc062723c751e8b465ee728b)  -> (artifact id: '7facea6c32b45e89fce8ef5c1b5328ca') in 0.009508 seconds 
========================================================================
Received Import Request.
  Time since last request: 0.000057 seconds.
  path: Assets/Materials/Material #38.002.mat
  artifactKey: Guid(1ed050dace6b5d14c9c5f8843b7b3ad5) Importer(815301076,1909f56bfc062723c751e8b465ee728b)
Start importing Assets/Materials/Material #38.002.mat using Guid(1ed050dace6b5d14c9c5f8843b7b3ad5) Importer(815301076,1909f56bfc062723c751e8b465ee728b)  -> (artifact id: '207308260d5d4a7ae2741fccb4375423') in 0.007682 seconds 
========================================================================
Received Import Request.
  Time since last request: 0.000068 seconds.
  path: Assets/Materials/Nieve 2.mat
  artifactKey: Guid(a9406a1962daa504aad4666bdded41d7) Importer(815301076,1909f56bfc062723c751e8b465ee728b)
Start importing Assets/Materials/Nieve 2.mat using Guid(a9406a1962daa504aad4666bdded41d7) Importer(815301076,1909f56bfc062723c751e8b465ee728b)  -> (artifact id: 'b08ccb69218139f9e5047bdee5f34265') in 0.008111 seconds 
========================================================================
Received Import Request.
  Time since last request: 0.000223 seconds.
  path: Assets/Materials/Nieve.mat
  artifactKey: Guid(2d706d02ddc12ce4f85d45a504be07f0) Importer(815301076,1909f56bfc062723c751e8b465ee728b)
Start importing Assets/Materials/Nieve.mat using Guid(2d706d02ddc12ce4f85d45a504be07f0) Importer(815301076,1909f56bfc062723c751e8b465ee728b)  -> (artifact id: '0de8c67f1e7e1b4066edb1c3fdb5d3c2') in 0.014154 seconds 
========================================================================
Received Import Request.
  Time since last request: 0.000088 seconds.
  path: Assets/Materials/Piedra 2.003.mat
  artifactKey: Guid(a78bf5dc007338944b8efd34c3c6a0a5) Importer(815301076,1909f56bfc062723c751e8b465ee728b)
Start importing Assets/Materials/Piedra 2.003.mat using Guid(a78bf5dc007338944b8efd34c3c6a0a5) Importer(815301076,1909f56bfc062723c751e8b465ee728b)  -> (artifact id: '2e1bc08bd8c382ca18a093ea868b55b5') in 0.009671 seconds 
========================================================================
Received Import Request.
  Time since last request: 0.000067 seconds.
  path: Assets/Materials/Tronco 1.008.mat
  artifactKey: Guid(2ff267829f7c5e9499516f0b95c5c945) Importer(815301076,1909f56bfc062723c751e8b465ee728b)
Start importing Assets/Materials/Tronco 1.008.mat using Guid(2ff267829f7c5e9499516f0b95c5c945) Importer(815301076,1909f56bfc062723c751e8b465ee728b)  -> (artifact id: '8cc77feea6726ee2c9ee7db645bde15b') in 0.010398 seconds 
========================================================================
Received Import Request.
  Time since last request: 0.000072 seconds.
  path: Assets/Materials/Road.001 1.mat
  artifactKey: Guid(49c23c641c7365a4880d18c2498fec78) Importer(815301076,1909f56bfc062723c751e8b465ee728b)
Start importing Assets/Materials/Road.001 1.mat using Guid(49c23c641c7365a4880d18c2498fec78) Importer(815301076,1909f56bfc062723c751e8b465ee728b)  -> (artifact id: '766a261564b752ad2ee3d62ffef8c5b4') in 0.007699 seconds 
========================================================================
Received Import Request.
  Time since last request: 0.000115 seconds.
  path: Assets/Materials/Oro.011.mat
  artifactKey: Guid(abd9df68b24bddb4c8f7e929c5b9bd28) Importer(815301076,1909f56bfc062723c751e8b465ee728b)
Start importing Assets/Materials/Oro.011.mat using Guid(abd9df68b24bddb4c8f7e929c5b9bd28) Importer(815301076,1909f56bfc062723c751e8b465ee728b)  -> (artifact id: 'df68cb1fb239eb50a4142777a785b09c') in 0.010334 seconds 
========================================================================
Received Import Request.
  Time since last request: 0.000137 seconds.
  path: Assets/Materials/Piedra 2.018.mat
  artifactKey: Guid(462b1e9755b74884abe412a540aa3c86) Importer(815301076,1909f56bfc062723c751e8b465ee728b)
Start importing Assets/Materials/Piedra 2.018.mat using Guid(462b1e9755b74884abe412a540aa3c86) Importer(815301076,1909f56bfc062723c751e8b465ee728b)  -> (artifact id: '9dc881b33c907ff7aff067ab66b61d7a') in 0.005997 seconds 
========================================================================
Received Import Request.
  Time since last request: 0.000311 seconds.
  path: Assets/Materials/Road.001.mat
  artifactKey: Guid(5a63aefebbb9c774992e2ca664cf4479) Importer(815301076,1909f56bfc062723c751e8b465ee728b)
Start importing Assets/Materials/Road.001.mat using Guid(5a63aefebbb9c774992e2ca664cf4479) Importer(815301076,1909f56bfc062723c751e8b465ee728b)  -> (artifact id: 'f3ceb9653d8edfba3047b0e6656fd959') in 0.009041 seconds 
========================================================================
Received Import Request.
  Time since last request: 0.000058 seconds.
  path: Assets/Materials/Piedra 1.001.mat
  artifactKey: Guid(4b26705856d680547af9635ae8c71e9c) Importer(815301076,1909f56bfc062723c751e8b465ee728b)
Start importing Assets/Materials/Piedra 1.001.mat using Guid(4b26705856d680547af9635ae8c71e9c) Importer(815301076,1909f56bfc062723c751e8b465ee728b)  -> (artifact id: 'd2a1c9e97b654212630422fb7b0420e7') in 0.011964 seconds 
========================================================================
Received Import Request.
  Time since last request: 0.000114 seconds.
  path: Assets/Materials/Material #38 2.mat
  artifactKey: Guid(d6b777c1b4aec804e8ad0aa1de5efbdc) Importer(815301076,1909f56bfc062723c751e8b465ee728b)
Start importing Assets/Materials/Material #38 2.mat using Guid(d6b777c1b4aec804e8ad0aa1de5efbdc) Importer(815301076,1909f56bfc062723c751e8b465ee728b)  -> (artifact id: 'cbcb0442f84730e68217b0ff304f442d') in 0.011028 seconds 
========================================================================
Received Import Request.
  Time since last request: 0.000396 seconds.
  path: Assets/Materials/Tronco 1.011.mat
  artifactKey: Guid(58ce4021ae2d30a469de938a550fd1bb) Importer(815301076,1909f56bfc062723c751e8b465ee728b)
Start importing Assets/Materials/Tronco 1.011.mat using Guid(58ce4021ae2d30a469de938a550fd1bb) Importer(815301076,1909f56bfc062723c751e8b465ee728b)  -> (artifact id: '20c880971cfdbbee1c6f1ec7350141ff') in 0.019111 seconds 
========================================================================
Received Import Request.
  Time since last request: 0.000715 seconds.
  path: Assets/Materials/Luz.005.mat
  artifactKey: Guid(606d0bca3b88d4f44918dfe4624c06f0) Importer(815301076,1909f56bfc062723c751e8b465ee728b)
Start importing Assets/Materials/Luz.005.mat using Guid(606d0bca3b88d4f44918dfe4624c06f0) Importer(815301076,1909f56bfc062723c751e8b465ee728b)  -> (artifact id: '32148fa9825f354375fd690657b3a2e5') in 0.020893 seconds 
========================================================================
Received Import Request.
  Time since last request: 0.000177 seconds.
  path: Assets/Materials/Luz.008.mat
  artifactKey: Guid(18370211aa6d3654d90d333b65701f6c) Importer(815301076,1909f56bfc062723c751e8b465ee728b)
Start importing Assets/Materials/Luz.008.mat using Guid(18370211aa6d3654d90d333b65701f6c) Importer(815301076,1909f56bfc062723c751e8b465ee728b)  -> (artifact id: 'a0ca1fb7a8def107b3487977408acece') in 0.015772 seconds 
========================================================================
Received Import Request.
  Time since last request: 0.000152 seconds.
  path: Assets/Materials/Luz.009.mat
  artifactKey: Guid(dc0d0e581ad2b4c4c90c2e39f3087ca5) Importer(815301076,1909f56bfc062723c751e8b465ee728b)
Start importing Assets/Materials/Luz.009.mat using Guid(dc0d0e581ad2b4c4c90c2e39f3087ca5) Importer(815301076,1909f56bfc062723c751e8b465ee728b)  -> (artifact id: '76aaf916aced268f04567c747daf7d0d') in 0.011831 seconds 
========================================================================
Received Import Request.
  Time since last request: 0.000176 seconds.
  path: Assets/Materials/Woods - Plastics.Finish Carpentry.Plastic Laminates.Light Brown.bump.mat
  artifactKey: Guid(b0577aa5a56d69346bb1bee57adcbee9) Importer(815301076,1909f56bfc062723c751e8b465ee728b)
Start importing Assets/Materials/Woods - Plastics.Finish Carpentry.Plastic Laminates.Light Brown.bump.mat using Guid(b0577aa5a56d69346bb1bee57adcbee9) Importer(815301076,1909f56bfc062723c751e8b465ee728b)  -> (artifact id: '92b3f653e687b0225e390c5c63d25218') in 0.008603 seconds 
========================================================================
Received Import Request.
  Time since last request: 0.000119 seconds.
  path: Assets/Materials/WaterMaterial Modified 1.mat
  artifactKey: Guid(e1d9a07f202276a438bbfe2d55c65edf) Importer(815301076,1909f56bfc062723c751e8b465ee728b)
Start importing Assets/Materials/WaterMaterial Modified 1.mat using Guid(e1d9a07f202276a438bbfe2d55c65edf) Importer(815301076,1909f56bfc062723c751e8b465ee728b)  -> (artifact id: 'e673b6d8f37e4ae75487146898e9bf31') in 0.105387 seconds 
========================================================================
Received Import Request.
  Time since last request: 0.000508 seconds.
  path: Assets/Materials/Metal.008.mat
  artifactKey: Guid(8c24953aecfa0cc408759127949514f0) Importer(815301076,1909f56bfc062723c751e8b465ee728b)
Start importing Assets/Materials/Metal.008.mat using Guid(8c24953aecfa0cc408759127949514f0) Importer(815301076,1909f56bfc062723c751e8b465ee728b)  -> (artifact id: 'dd904bb4884cf06c7e6141d94cf28821') in 0.010540 seconds 
========================================================================
Received Import Request.
  Time since last request: 0.000094 seconds.
  path: Assets/Materials/Road.004.mat
  artifactKey: Guid(130ffc556d2110e43ba84d96e3bab2b7) Importer(815301076,1909f56bfc062723c751e8b465ee728b)
Start importing Assets/Materials/Road.004.mat using Guid(130ffc556d2110e43ba84d96e3bab2b7) Importer(815301076,1909f56bfc062723c751e8b465ee728b)  -> (artifact id: '7215a2103d4193da677f298559ea86a9') in 0.009006 seconds 
========================================================================
Received Import Request.
  Time since last request: 0.000541 seconds.
  path: Assets/Materials/Oro.006.mat
  artifactKey: Guid(a7d826cd91394794fb0cc629dcf43be7) Importer(815301076,1909f56bfc062723c751e8b465ee728b)
Start importing Assets/Materials/Oro.006.mat using Guid(a7d826cd91394794fb0cc629dcf43be7) Importer(815301076,1909f56bfc062723c751e8b465ee728b)  -> (artifact id: '70979a77c12e96b279aac2474492232b') in 0.009450 seconds 
========================================================================
Received Import Request.
  Time since last request: 0.000066 seconds.
  path: Assets/Materials/Material #38.001.mat
  artifactKey: Guid(0276f6c10aa86f84b926fedd9e9a6773) Importer(815301076,1909f56bfc062723c751e8b465ee728b)
Start importing Assets/Materials/Material #38.001.mat using Guid(0276f6c10aa86f84b926fedd9e9a6773) Importer(815301076,1909f56bfc062723c751e8b465ee728b)  -> (artifact id: '1e009f98cdf399e6cac1ad731c452f64') in 0.010788 seconds 
========================================================================
Received Import Request.
  Time since last request: 0.000060 seconds.
  path: Assets/Materials/Tronco 1.009.mat
  artifactKey: Guid(8dcaccf84b2e87947ab58a5c907f576d) Importer(815301076,1909f56bfc062723c751e8b465ee728b)
Start importing Assets/Materials/Tronco 1.009.mat using Guid(8dcaccf84b2e87947ab58a5c907f576d) Importer(815301076,1909f56bfc062723c751e8b465ee728b)  -> (artifact id: '6c9e383f64960b307e0eff13db100bc5') in 0.009603 seconds 
========================================================================
Received Import Request.
  Time since last request: 0.000301 seconds.
  path: Assets/Materials/Tierra.001.mat
  artifactKey: Guid(84f40d02c47c79149981e0c2f1a9e0cd) Importer(815301076,1909f56bfc062723c751e8b465ee728b)
Start importing Assets/Materials/Tierra.001.mat using Guid(84f40d02c47c79149981e0c2f1a9e0cd) Importer(815301076,1909f56bfc062723c751e8b465ee728b)  -> (artifact id: 'dfe691177b9cc2ca396d970a536f1920') in 0.008786 seconds 
========================================================================
Received Import Request.
  Time since last request: 0.000133 seconds.
  path: Assets/Materials/limited time to use.001 1.mat
  artifactKey: Guid(d223e08943c6f1c4bb950d4ac43a6459) Importer(815301076,1909f56bfc062723c751e8b465ee728b)
Start importing Assets/Materials/limited time to use.001 1.mat using Guid(d223e08943c6f1c4bb950d4ac43a6459) Importer(815301076,1909f56bfc062723c751e8b465ee728b)  -> (artifact id: '42126714aa9756c95c9caf2f7e298b46') in 0.009738 seconds 
========================================================================
Received Import Request.
  Time since last request: 0.000092 seconds.
  path: Assets/Materials/limited time to use.001.mat
  artifactKey: Guid(e9a4627bc00c4da46845c8b0e0ca3e6e) Importer(815301076,1909f56bfc062723c751e8b465ee728b)
Start importing Assets/Materials/limited time to use.001.mat using Guid(e9a4627bc00c4da46845c8b0e0ca3e6e) Importer(815301076,1909f56bfc062723c751e8b465ee728b)  -> (artifact id: 'ae274fe6422a47ed4f612a3b2543aedd') in 0.008557 seconds 
========================================================================
Received Import Request.
  Time since last request: 0.000176 seconds.
  path: Assets/Materials/Road.mat
  artifactKey: Guid(200d90e0453af0b428b4c44c05c96373) Importer(815301076,1909f56bfc062723c751e8b465ee728b)
Start importing Assets/Materials/Road.mat using Guid(200d90e0453af0b428b4c44c05c96373) Importer(815301076,1909f56bfc062723c751e8b465ee728b)  -> (artifact id: '27b3923666ef9f3a24815c64fd8dfa95') in 0.008380 seconds 
========================================================================
Received Import Request.
  Time since last request: 0.000184 seconds.
  path: Assets/Materials/Tronco 1.mat
  artifactKey: Guid(ddea7a875f144c447a4877cedb7c16f4) Importer(815301076,1909f56bfc062723c751e8b465ee728b)
Start importing Assets/Materials/Tronco 1.mat using Guid(ddea7a875f144c447a4877cedb7c16f4) Importer(815301076,1909f56bfc062723c751e8b465ee728b)  -> (artifact id: 'ef0220df5e1bfbdad36c15ca1db9bfd9') in 0.010501 seconds 
========================================================================
Received Import Request.
  Time since last request: 0.000986 seconds.
  path: Assets/Materials/limited time to use 1.mat
  artifactKey: Guid(27a20cceab0f3d24eac64f43274d272d) Importer(815301076,1909f56bfc062723c751e8b465ee728b)
Start importing Assets/Materials/limited time to use 1.mat using Guid(27a20cceab0f3d24eac64f43274d272d) Importer(815301076,1909f56bfc062723c751e8b465ee728b)  -> (artifact id: '7cfc726739c03abe748a0c06090f44af') in 0.013796 seconds 
========================================================================
Received Import Request.
  Time since last request: 0.000084 seconds.
  path: Assets/Materials/Luz.017.mat
  artifactKey: Guid(f4a19e4cc1629e445ac97779b6d75dd1) Importer(815301076,1909f56bfc062723c751e8b465ee728b)
Start importing Assets/Materials/Luz.017.mat using Guid(f4a19e4cc1629e445ac97779b6d75dd1) Importer(815301076,1909f56bfc062723c751e8b465ee728b)  -> (artifact id: '2c34412ef0513d60c6fe124f3de0af0e') in 0.009251 seconds 
========================================================================
Received Import Request.
  Time since last request: 0.598727 seconds.
  path: Assets/Materials/Piedra 1.004.mat
  artifactKey: Guid(701692ef23f833f41b575c1a0e3e43ef) Importer(815301076,1909f56bfc062723c751e8b465ee728b)
Start importing Assets/Materials/Piedra 1.004.mat using Guid(701692ef23f833f41b575c1a0e3e43ef) Importer(815301076,1909f56bfc062723c751e8b465ee728b)  -> (artifact id: '57477ecfce2da7d38dfa557fe147985e') in 0.010210 seconds 
========================================================================
Received Import Request.
  Time since last request: 0.000131 seconds.
  path: Assets/Materials/Piedra 1.016.mat
  artifactKey: Guid(e629cde87cab6e549a73cd7265357ea2) Importer(815301076,1909f56bfc062723c751e8b465ee728b)
Start importing Assets/Materials/Piedra 1.016.mat using Guid(e629cde87cab6e549a73cd7265357ea2) Importer(815301076,1909f56bfc062723c751e8b465ee728b)  -> (artifact id: 'debe6529cbc53539d9b0f8618f9d473c') in 0.010773 seconds 
========================================================================
Received Import Request.
  Time since last request: 0.000093 seconds.
  path: Assets/Materials/Piedra 1.012.mat
  artifactKey: Guid(0d5afe4054868754197ed0f7b9b8efad) Importer(815301076,1909f56bfc062723c751e8b465ee728b)
Start importing Assets/Materials/Piedra 1.012.mat using Guid(0d5afe4054868754197ed0f7b9b8efad) Importer(815301076,1909f56bfc062723c751e8b465ee728b)  -> (artifact id: 'db70c71c9182c190ecbd7fb7cb7aaa66') in 0.010805 seconds 
Editor requested this worker to shutdown with reason: Scaling down because of idle timeout
AssetImportWorker is now disconnected from the server
Process exiting
